running develop
running egg_info
creating corridor.egg-info
writing corridor.egg-info/PKG-INFO
writing dependency_links to corridor.egg-info/dependency_links.txt
writing entry points to corridor.egg-info/entry_points.txt
writing requirements to corridor.egg-info/requires.txt
writing top-level names to corridor.egg-info/top_level.txt
writing manifest file 'corridor.egg-info/SOURCES.txt'
reading manifest file 'corridor.egg-info/SOURCES.txt'
writing manifest file 'corridor.egg-info/SOURCES.txt'
running build_ext
Creating /home/milo/Desktop/MobileRoboter/Uebung4/install/corridor/lib/python3.8/site-packages/site.py
Creating /home/milo/Desktop/MobileRoboter/Uebung4/install/corridor/lib/python3.8/site-packages/corridor.egg-link (link to .)
Installing TestNode script to /home/milo/Desktop/MobileRoboter/Uebung4/install/corridor/lib/corridor
Installing add_bot_node script to /home/milo/Desktop/MobileRoboter/Uebung4/install/corridor/lib/corridor

Installed /home/milo/Desktop/MobileRoboter/Uebung4/build/corridor
running install_data
creating /home/milo/Desktop/MobileRoboter/Uebung4/install/corridor/share/ament_index
creating /home/milo/Desktop/MobileRoboter/Uebung4/install/corridor/share/ament_index/resource_index
creating /home/milo/Desktop/MobileRoboter/Uebung4/install/corridor/share/ament_index/resource_index/packages
copying resource/corridor -> /home/milo/Desktop/MobileRoboter/Uebung4/install/corridor/share/ament_index/resource_index/packages
copying package.xml -> /home/milo/Desktop/MobileRoboter/Uebung4/install/corridor/share/corridor
creating /home/milo/Desktop/MobileRoboter/Uebung4/install/corridor/share/corridor/launch
copying launch/start_gazebo_corridor.launch.py -> /home/milo/Desktop/MobileRoboter/Uebung4/install/corridor/share/corridor/launch
creating /home/milo/Desktop/MobileRoboter/Uebung4/install/corridor/share/corridor/worlds
copying worlds/iti_gang_world.world -> /home/milo/Desktop/MobileRoboter/Uebung4/install/corridor/share/corridor/worlds
copying worlds/iti_gang.world -> /home/milo/Desktop/MobileRoboter/Uebung4/install/corridor/share/corridor/worlds
creating /home/milo/Desktop/MobileRoboter/Uebung4/install/corridor/share/corridor/models
creating /home/milo/Desktop/MobileRoboter/Uebung4/install/corridor/share/corridor/models/itiGang
copying models/itiGang/model.sdf -> /home/milo/Desktop/MobileRoboter/Uebung4/install/corridor/share/corridor/models/itiGang
copying models/itiGang/model.config -> /home/milo/Desktop/MobileRoboter/Uebung4/install/corridor/share/corridor/models/itiGang
