[0.514s] Invoking command in '/home/milo/Desktop/MobileRoboter/Uebung4/build/potentialfield': PYTHONPATH=/home/milo/Desktop/MobileRoboter/Uebung4/install/potentialfield/lib/python3.8/site-packages:${PYTHONPATH} /usr/bin/python3 setup.py develop --prefix /home/milo/Desktop/MobileRoboter/Uebung4/install/potentialfield --uninstall --editable --build-directory /home/milo/Desktop/MobileRoboter/Uebung4/build/potentialfield/build
[0.696s] running develop
[0.819s] Invoked command in '/home/milo/Desktop/MobileRoboter/Uebung4/build/potentialfield' returned '0': PYTHONPATH=/home/milo/Desktop/MobileRoboter/Uebung4/install/potentialfield/lib/python3.8/site-packages:${PYTHONPATH} /usr/bin/python3 setup.py develop --prefix /home/milo/Desktop/MobileRoboter/Uebung4/install/potentialfield --uninstall --editable --build-directory /home/milo/Desktop/MobileRoboter/Uebung4/build/potentialfield/build
[0.821s] Invoking command in '/home/milo/Desktop/MobileRoboter/Uebung4/src/potentialfield': PYTHONPATH=/home/milo/Desktop/MobileRoboter/Uebung4/install/potentialfield/lib/python3.8/site-packages:${PYTHONPATH} /usr/bin/python3 setup.py egg_info --egg-base ../../build/potentialfield build --build-base /home/milo/Desktop/MobileRoboter/Uebung4/build/potentialfield/build install --prefix /home/milo/Desktop/MobileRoboter/Uebung4/install/potentialfield --record /home/milo/Desktop/MobileRoboter/Uebung4/build/potentialfield/install.log --single-version-externally-managed
[0.991s] running egg_info
[0.991s] writing ../../build/potentialfield/potentialfield.egg-info/PKG-INFO
[0.992s] writing dependency_links to ../../build/potentialfield/potentialfield.egg-info/dependency_links.txt
[0.992s] writing entry points to ../../build/potentialfield/potentialfield.egg-info/entry_points.txt
[0.992s] writing requirements to ../../build/potentialfield/potentialfield.egg-info/requires.txt
[0.992s] writing top-level names to ../../build/potentialfield/potentialfield.egg-info/top_level.txt
[1.018s] reading manifest file '../../build/potentialfield/potentialfield.egg-info/SOURCES.txt'
[1.019s] writing manifest file '../../build/potentialfield/potentialfield.egg-info/SOURCES.txt'
[1.019s] running build
[1.019s] running build_py
[1.019s] copying potentialfield/potentialfield_member_function.py -> /home/milo/Desktop/MobileRoboter/Uebung4/build/potentialfield/build/lib/potentialfield
[1.019s] running install
[1.020s] running install_lib
[1.020s] copying /home/milo/Desktop/MobileRoboter/Uebung4/build/potentialfield/build/lib/potentialfield/potentialfield_member_function.py -> /home/milo/Desktop/MobileRoboter/Uebung4/install/potentialfield/lib/python3.8/site-packages/potentialfield
[1.021s] byte-compiling /home/milo/Desktop/MobileRoboter/Uebung4/install/potentialfield/lib/python3.8/site-packages/potentialfield/potentialfield_member_function.py to potentialfield_member_function.cpython-38.pyc
[1.022s] running install_data
[1.022s] running install_egg_info
[1.023s] removing '/home/milo/Desktop/MobileRoboter/Uebung4/install/potentialfield/lib/python3.8/site-packages/potentialfield-0.0.0-py3.8.egg-info' (and everything under it)
[1.023s] Copying ../../build/potentialfield/potentialfield.egg-info to /home/milo/Desktop/MobileRoboter/Uebung4/install/potentialfield/lib/python3.8/site-packages/potentialfield-0.0.0-py3.8.egg-info
[1.024s] running install_scripts
[1.037s] Installing potentialfield script to /home/milo/Desktop/MobileRoboter/Uebung4/install/potentialfield/lib/potentialfield
[1.037s] writing list of installed files to '/home/milo/Desktop/MobileRoboter/Uebung4/build/potentialfield/install.log'
[1.053s] Invoked command in '/home/milo/Desktop/MobileRoboter/Uebung4/src/potentialfield' returned '0': PYTHONPATH=/home/milo/Desktop/MobileRoboter/Uebung4/install/potentialfield/lib/python3.8/site-packages:${PYTHONPATH} /usr/bin/python3 setup.py egg_info --egg-base ../../build/potentialfield build --build-base /home/milo/Desktop/MobileRoboter/Uebung4/build/potentialfield/build install --prefix /home/milo/Desktop/MobileRoboter/Uebung4/install/potentialfield --record /home/milo/Desktop/MobileRoboter/Uebung4/build/potentialfield/install.log --single-version-externally-managed
