[0.502s] Invoking command in '/home/milo/Desktop/MobileRoboter/Uebung4/build/potentialfield': PYTHONPATH=/home/milo/Desktop/MobileRoboter/Uebung4/install/potentialfield/lib/python3.8/site-packages:${PYTHONPATH} /usr/bin/python3 setup.py develop --prefix /home/milo/Desktop/MobileRoboter/Uebung4/install/potentialfield --uninstall --editable --build-directory /home/milo/Desktop/MobileRoboter/Uebung4/build/potentialfield/build
[0.686s] running develop
[0.808s] Invoked command in '/home/milo/Desktop/MobileRoboter/Uebung4/build/potentialfield' returned '0': PYTHONPATH=/home/milo/Desktop/MobileRoboter/Uebung4/install/potentialfield/lib/python3.8/site-packages:${PYTHONPATH} /usr/bin/python3 setup.py develop --prefix /home/milo/Desktop/MobileRoboter/Uebung4/install/potentialfield --uninstall --editable --build-directory /home/milo/Desktop/MobileRoboter/Uebung4/build/potentialfield/build
[0.809s] Invoking command in '/home/milo/Desktop/MobileRoboter/Uebung4/src/potentialfield': PYTHONPATH=/home/milo/Desktop/MobileRoboter/Uebung4/install/potentialfield/lib/python3.8/site-packages:${PYTHONPATH} /usr/bin/python3 setup.py egg_info --egg-base ../../build/potentialfield build --build-base /home/milo/Desktop/MobileRoboter/Uebung4/build/potentialfield/build install --prefix /home/milo/Desktop/MobileRoboter/Uebung4/install/potentialfield --record /home/milo/Desktop/MobileRoboter/Uebung4/build/potentialfield/install.log --single-version-externally-managed
[0.971s] running egg_info
[0.972s] writing ../../build/potentialfield/potentialfield.egg-info/PKG-INFO
[0.972s] writing dependency_links to ../../build/potentialfield/potentialfield.egg-info/dependency_links.txt
[0.972s] writing entry points to ../../build/potentialfield/potentialfield.egg-info/entry_points.txt
[0.972s] writing requirements to ../../build/potentialfield/potentialfield.egg-info/requires.txt
[0.972s] writing top-level names to ../../build/potentialfield/potentialfield.egg-info/top_level.txt
[0.999s] reading manifest file '../../build/potentialfield/potentialfield.egg-info/SOURCES.txt'
[0.999s] writing manifest file '../../build/potentialfield/potentialfield.egg-info/SOURCES.txt'
[0.999s] running build
[0.999s] running build_py
[1.000s] running install
[1.000s] running install_lib
[1.001s] running install_data
[1.001s] running install_egg_info
[1.003s] removing '/home/milo/Desktop/MobileRoboter/Uebung4/install/potentialfield/lib/python3.8/site-packages/potentialfield-0.0.0-py3.8.egg-info' (and everything under it)
[1.003s] Copying ../../build/potentialfield/potentialfield.egg-info to /home/milo/Desktop/MobileRoboter/Uebung4/install/potentialfield/lib/python3.8/site-packages/potentialfield-0.0.0-py3.8.egg-info
[1.003s] running install_scripts
[1.016s] Installing potentialfield script to /home/milo/Desktop/MobileRoboter/Uebung4/install/potentialfield/lib/potentialfield
[1.017s] writing list of installed files to '/home/milo/Desktop/MobileRoboter/Uebung4/build/potentialfield/install.log'
[1.033s] Invoked command in '/home/milo/Desktop/MobileRoboter/Uebung4/src/potentialfield' returned '0': PYTHONPATH=/home/milo/Desktop/MobileRoboter/Uebung4/install/potentialfield/lib/python3.8/site-packages:${PYTHONPATH} /usr/bin/python3 setup.py egg_info --egg-base ../../build/potentialfield build --build-base /home/milo/Desktop/MobileRoboter/Uebung4/build/potentialfield/build install --prefix /home/milo/Desktop/MobileRoboter/Uebung4/install/potentialfield --record /home/milo/Desktop/MobileRoboter/Uebung4/build/potentialfield/install.log --single-version-externally-managed
