[0.098s] DEBUG:colcon:Command line arguments: ['/usr/bin/colcon', 'build', '--symlink-install', '--allow-overriding', 'corridor']
[0.098s] DEBUG:colcon:Parsed command line arguments: Namespace(allow_overriding=['corridor'], ament_cmake_args=None, base_paths=['.'], build_base='build', catkin_cmake_args=None, catkin_skip_building_tests=False, cmake_args=None, cmake_clean_cache=False, cmake_clean_first=False, cmake_force_configure=False, cmake_target=None, cmake_target_skip_unavailable=False, continue_on_error=False, event_handlers=None, executor='parallel', ignore_user_meta=False, install_base='install', log_base=None, log_level=None, main=<bound method BuildVerb.main of <colcon_core.verb.build.BuildVerb object at 0x7fa0c5250730>>, merge_install=False, metas=['./colcon.meta'], packages_above=None, packages_above_and_dependencies=None, packages_above_depth=None, packages_end=None, packages_ignore=None, packages_ignore_regex=None, packages_select=None, packages_select_build_failed=False, packages_select_by_dep=None, packages_select_regex=None, packages_select_test_failures=False, packages_skip=None, packages_skip_build_finished=False, packages_skip_by_dep=None, packages_skip_regex=None, packages_skip_test_passed=False, packages_skip_up_to=None, packages_start=None, packages_up_to=None, packages_up_to_regex=None, parallel_workers=12, paths=None, symlink_install=True, test_result_base=None, verb_extension=<colcon_core.verb.build.BuildVerb object at 0x7fa0c5250730>, verb_name='build', verb_parser=<colcon_defaults.argument_parser.defaults.DefaultArgumentsDecorator object at 0x7fa0c5250c70>)
[0.116s] Level 1:colcon.colcon_core.package_discovery:discover_packages(colcon_meta) check parameters
[0.116s] Level 1:colcon.colcon_core.package_discovery:discover_packages(recursive) check parameters
[0.116s] Level 1:colcon.colcon_core.package_discovery:discover_packages(ignore) check parameters
[0.116s] Level 1:colcon.colcon_core.package_discovery:discover_packages(path) check parameters
[0.116s] Level 1:colcon.colcon_core.package_discovery:discover_packages(colcon_meta) discover
[0.116s] Level 1:colcon.colcon_core.package_discovery:discover_packages(recursive) discover
[0.116s] INFO:colcon.colcon_core.package_discovery:Crawling recursively for packages in '/home/milo/Desktop/MobileRoboter/Uebung4/src/ITI Gang Simulation'
[0.116s] Level 1:colcon.colcon_core.package_identification:_identify(.) by extensions ['ignore', 'ignore_ament_install']
[0.116s] Level 1:colcon.colcon_core.package_identification:_identify(.) by extension 'ignore'
[0.116s] Level 1:colcon.colcon_core.package_identification:_identify(.) by extension 'ignore_ament_install'
[0.116s] Level 1:colcon.colcon_core.package_identification:_identify(.) by extensions ['colcon_pkg']
[0.116s] Level 1:colcon.colcon_core.package_identification:_identify(.) by extension 'colcon_pkg'
[0.116s] Level 1:colcon.colcon_core.package_identification:_identify(.) by extensions ['colcon_meta']
[0.117s] Level 1:colcon.colcon_core.package_identification:_identify(.) by extension 'colcon_meta'
[0.117s] Level 1:colcon.colcon_core.package_identification:_identify(.) by extensions ['ros']
[0.117s] Level 1:colcon.colcon_core.package_identification:_identify(.) by extension 'ros'
[0.125s] Level 1:colcon.colcon_core.package_identification:_identify(.) by extensions ['cmake', 'python']
[0.125s] Level 1:colcon.colcon_core.package_identification:_identify(.) by extension 'cmake'
[0.125s] Level 1:colcon.colcon_core.package_identification:_identify(.) by extension 'python'
[0.125s] Level 1:colcon.colcon_core.package_identification:_identify(.) by extensions ['python_setup_py']
[0.125s] Level 1:colcon.colcon_core.package_identification:_identify(.) by extension 'python_setup_py'
[0.125s] Level 1:colcon.colcon_core.package_identification:_identify(build) by extensions ['ignore', 'ignore_ament_install']
[0.125s] Level 1:colcon.colcon_core.package_identification:_identify(build) by extension 'ignore'
[0.125s] Level 1:colcon.colcon_core.package_identification:_identify(build) ignored
[0.125s] Level 1:colcon.colcon_core.package_identification:_identify(corridor) by extensions ['ignore', 'ignore_ament_install']
[0.125s] Level 1:colcon.colcon_core.package_identification:_identify(corridor) by extension 'ignore'
[0.125s] Level 1:colcon.colcon_core.package_identification:_identify(corridor) by extension 'ignore_ament_install'
[0.125s] Level 1:colcon.colcon_core.package_identification:_identify(corridor) by extensions ['colcon_pkg']
[0.126s] Level 1:colcon.colcon_core.package_identification:_identify(corridor) by extension 'colcon_pkg'
[0.126s] Level 1:colcon.colcon_core.package_identification:_identify(corridor) by extensions ['colcon_meta']
[0.126s] Level 1:colcon.colcon_core.package_identification:_identify(corridor) by extension 'colcon_meta'
[0.126s] Level 1:colcon.colcon_core.package_identification:_identify(corridor) by extensions ['ros']
[0.126s] Level 1:colcon.colcon_core.package_identification:_identify(corridor) by extension 'ros'
[0.128s] DEBUG:colcon.colcon_core.package_identification:Package 'corridor' with type 'ros.ament_python' and name 'corridor'
[0.128s] Level 1:colcon.colcon_core.package_identification:_identify(install) by extensions ['ignore', 'ignore_ament_install']
[0.128s] Level 1:colcon.colcon_core.package_identification:_identify(install) by extension 'ignore'
[0.128s] Level 1:colcon.colcon_core.package_identification:_identify(install) ignored
[0.128s] Level 1:colcon.colcon_core.package_identification:_identify(log) by extensions ['ignore', 'ignore_ament_install']
[0.128s] Level 1:colcon.colcon_core.package_identification:_identify(log) by extension 'ignore'
[0.128s] Level 1:colcon.colcon_core.package_identification:_identify(log) ignored
[0.128s] Level 1:colcon.colcon_core.package_discovery:discover_packages(recursive) using defaults
[0.128s] Level 1:colcon.colcon_core.package_discovery:discover_packages(ignore) discover
[0.128s] Level 1:colcon.colcon_core.package_discovery:discover_packages(ignore) using defaults
[0.128s] Level 1:colcon.colcon_core.package_discovery:discover_packages(path) discover
[0.128s] Level 1:colcon.colcon_core.package_discovery:discover_packages(path) using defaults
[0.142s] Level 1:colcon.colcon_core.package_discovery:discover_packages(prefix_path) check parameters
[0.142s] Level 1:colcon.colcon_core.package_discovery:discover_packages(prefix_path) discover
[0.143s] DEBUG:colcon.colcon_installed_package_information.package_discovery:Found 5 installed packages in /home/milo/Desktop/MobileRoboter/Uebung4/install
[0.144s] DEBUG:colcon.colcon_installed_package_information.package_discovery:Found 2 installed packages in /home/milo/dev_ws/install
[0.145s] DEBUG:colcon.colcon_installed_package_information.package_discovery:Found 309 installed packages in /opt/ros/foxy
[0.146s] Level 1:colcon.colcon_core.package_discovery:discover_packages(prefix_path) using defaults
[0.210s] Level 5:colcon.colcon_core.verb:set package 'corridor' build argument 'cmake_args' from command line to 'None'
[0.210s] Level 5:colcon.colcon_core.verb:set package 'corridor' build argument 'cmake_target' from command line to 'None'
[0.210s] Level 5:colcon.colcon_core.verb:set package 'corridor' build argument 'cmake_target_skip_unavailable' from command line to 'False'
[0.210s] Level 5:colcon.colcon_core.verb:set package 'corridor' build argument 'cmake_clean_cache' from command line to 'False'
[0.210s] Level 5:colcon.colcon_core.verb:set package 'corridor' build argument 'cmake_clean_first' from command line to 'False'
[0.210s] Level 5:colcon.colcon_core.verb:set package 'corridor' build argument 'cmake_force_configure' from command line to 'False'
[0.210s] Level 5:colcon.colcon_core.verb:set package 'corridor' build argument 'ament_cmake_args' from command line to 'None'
[0.210s] Level 5:colcon.colcon_core.verb:set package 'corridor' build argument 'catkin_cmake_args' from command line to 'None'
[0.210s] Level 5:colcon.colcon_core.verb:set package 'corridor' build argument 'catkin_skip_building_tests' from command line to 'False'
[0.210s] DEBUG:colcon.colcon_core.verb:Building package 'corridor' with the following arguments: {'ament_cmake_args': None, 'build_base': '/home/milo/Desktop/MobileRoboter/Uebung4/src/ITI Gang Simulation/build/corridor', 'catkin_cmake_args': None, 'catkin_skip_building_tests': False, 'cmake_args': None, 'cmake_clean_cache': False, 'cmake_clean_first': False, 'cmake_force_configure': False, 'cmake_target': None, 'cmake_target_skip_unavailable': False, 'install_base': '/home/milo/Desktop/MobileRoboter/Uebung4/src/ITI Gang Simulation/install/corridor', 'merge_install': False, 'path': '/home/milo/Desktop/MobileRoboter/Uebung4/src/ITI Gang Simulation/corridor', 'symlink_install': True, 'test_result_base': None}
[0.210s] INFO:colcon.colcon_core.executor:Executing jobs using 'parallel' executor
[0.212s] DEBUG:colcon.colcon_parallel_executor.executor.parallel:run_until_complete
[0.212s] INFO:colcon.colcon_ros.task.ament_python.build:Building ROS package in '/home/milo/Desktop/MobileRoboter/Uebung4/src/ITI Gang Simulation/corridor' with build type 'ament_python'
[0.212s] Level 1:colcon.colcon_core.shell:create_environment_hook('corridor', 'ament_prefix_path')
[0.215s] INFO:colcon.colcon_core.plugin_system:Skipping extension 'colcon_core.shell.bat': Not used on non-Windows systems
[0.215s] INFO:colcon.colcon_core.shell:Creating environment hook '/home/milo/Desktop/MobileRoboter/Uebung4/src/ITI Gang Simulation/install/corridor/share/corridor/hook/ament_prefix_path.ps1'
[0.215s] INFO:colcon.colcon_core.shell:Creating environment descriptor '/home/milo/Desktop/MobileRoboter/Uebung4/src/ITI Gang Simulation/install/corridor/share/corridor/hook/ament_prefix_path.dsv'
[0.215s] INFO:colcon.colcon_core.shell:Creating environment hook '/home/milo/Desktop/MobileRoboter/Uebung4/src/ITI Gang Simulation/install/corridor/share/corridor/hook/ament_prefix_path.sh'
[0.216s] INFO:colcon.colcon_core.shell:Skip shell extension 'powershell' for command environment: Not usable outside of PowerShell
[0.216s] DEBUG:colcon.colcon_core.shell:Skip shell extension 'dsv' for command environment
[0.389s] INFO:colcon.colcon_core.task.python.build:Building Python package in '/home/milo/Desktop/MobileRoboter/Uebung4/src/ITI Gang Simulation/corridor'
[0.390s] INFO:colcon.colcon_core.shell:Skip shell extension 'powershell' for command environment: Not usable outside of PowerShell
[0.390s] DEBUG:colcon.colcon_core.shell:Skip shell extension 'dsv' for command environment
[0.679s] DEBUG:colcon.colcon_core.event_handler.log_command:Invoking command in '/home/milo/Desktop/MobileRoboter/Uebung4/src/ITI Gang Simulation/build/corridor': PYTHONPATH=/home/milo/Desktop/MobileRoboter/Uebung4/src/ITI Gang Simulation/install/corridor/lib/python3.8/site-packages:${PYTHONPATH} /usr/bin/python3 setup.py develop --prefix /home/milo/Desktop/MobileRoboter/Uebung4/src/ITI Gang Simulation/install/corridor --editable --build-directory /home/milo/Desktop/MobileRoboter/Uebung4/src/ITI Gang Simulation/build/corridor/build --no-deps install_data --install-dir /home/milo/Desktop/MobileRoboter/Uebung4/src/ITI Gang Simulation/install/corridor
[1.029s] Level 1:colcon.colcon_core.shell:create_environment_hook('corridor', 'pythonpath_develop')
[1.030s] INFO:colcon.colcon_core.shell:Creating environment hook '/home/milo/Desktop/MobileRoboter/Uebung4/src/ITI Gang Simulation/build/corridor/share/corridor/hook/pythonpath_develop.ps1'
[1.030s] DEBUG:colcon.colcon_core.event_handler.log_command:Invoked command in '/home/milo/Desktop/MobileRoboter/Uebung4/src/ITI Gang Simulation/build/corridor' returned '0': PYTHONPATH=/home/milo/Desktop/MobileRoboter/Uebung4/src/ITI Gang Simulation/install/corridor/lib/python3.8/site-packages:${PYTHONPATH} /usr/bin/python3 setup.py develop --prefix /home/milo/Desktop/MobileRoboter/Uebung4/src/ITI Gang Simulation/install/corridor --editable --build-directory /home/milo/Desktop/MobileRoboter/Uebung4/src/ITI Gang Simulation/build/corridor/build --no-deps install_data --install-dir /home/milo/Desktop/MobileRoboter/Uebung4/src/ITI Gang Simulation/install/corridor
[1.030s] INFO:colcon.colcon_core.shell:Creating environment descriptor '/home/milo/Desktop/MobileRoboter/Uebung4/src/ITI Gang Simulation/build/corridor/share/corridor/hook/pythonpath_develop.dsv'
[1.030s] INFO:colcon.colcon_core.shell:Creating environment hook '/home/milo/Desktop/MobileRoboter/Uebung4/src/ITI Gang Simulation/build/corridor/share/corridor/hook/pythonpath_develop.sh'
[1.034s] Level 1:colcon.colcon_core.environment:checking '/home/milo/Desktop/MobileRoboter/Uebung4/src/ITI Gang Simulation/install/corridor' for CMake module files
[1.034s] Level 1:colcon.colcon_core.environment:checking '/home/milo/Desktop/MobileRoboter/Uebung4/src/ITI Gang Simulation/install/corridor' for CMake config files
[1.035s] Level 1:colcon.colcon_core.environment:checking '/home/milo/Desktop/MobileRoboter/Uebung4/src/ITI Gang Simulation/install/corridor/lib'
[1.035s] Level 1:colcon.colcon_core.environment:checking '/home/milo/Desktop/MobileRoboter/Uebung4/src/ITI Gang Simulation/install/corridor/bin'
[1.035s] Level 1:colcon.colcon_core.environment:checking '/home/milo/Desktop/MobileRoboter/Uebung4/src/ITI Gang Simulation/install/corridor/lib/pkgconfig/corridor.pc'
[1.035s] Level 1:colcon.colcon_core.environment:checking '/home/milo/Desktop/MobileRoboter/Uebung4/src/ITI Gang Simulation/install/corridor/lib/python3.8/site-packages'
[1.035s] Level 1:colcon.colcon_core.shell:create_environment_hook('corridor', 'pythonpath')
[1.035s] INFO:colcon.colcon_core.shell:Creating environment hook '/home/milo/Desktop/MobileRoboter/Uebung4/src/ITI Gang Simulation/install/corridor/share/corridor/hook/pythonpath.ps1'
[1.036s] INFO:colcon.colcon_core.shell:Creating environment descriptor '/home/milo/Desktop/MobileRoboter/Uebung4/src/ITI Gang Simulation/install/corridor/share/corridor/hook/pythonpath.dsv'
[1.036s] INFO:colcon.colcon_core.shell:Creating environment hook '/home/milo/Desktop/MobileRoboter/Uebung4/src/ITI Gang Simulation/install/corridor/share/corridor/hook/pythonpath.sh'
[1.036s] Level 1:colcon.colcon_core.environment:checking '/home/milo/Desktop/MobileRoboter/Uebung4/src/ITI Gang Simulation/install/corridor/bin'
[1.036s] Level 1:colcon.colcon_core.environment:create_environment_scripts_only(corridor)
[1.037s] INFO:colcon.colcon_core.shell:Creating package script '/home/milo/Desktop/MobileRoboter/Uebung4/src/ITI Gang Simulation/install/corridor/share/corridor/package.ps1'
[1.037s] INFO:colcon.colcon_core.shell:Creating package descriptor '/home/milo/Desktop/MobileRoboter/Uebung4/src/ITI Gang Simulation/install/corridor/share/corridor/package.dsv'
[1.038s] INFO:colcon.colcon_core.shell:Creating package script '/home/milo/Desktop/MobileRoboter/Uebung4/src/ITI Gang Simulation/install/corridor/share/corridor/package.sh'
[1.038s] INFO:colcon.colcon_core.shell:Creating package script '/home/milo/Desktop/MobileRoboter/Uebung4/src/ITI Gang Simulation/install/corridor/share/corridor/package.bash'
[1.039s] INFO:colcon.colcon_core.shell:Creating package script '/home/milo/Desktop/MobileRoboter/Uebung4/src/ITI Gang Simulation/install/corridor/share/corridor/package.zsh'
[1.039s] Level 1:colcon.colcon_core.environment:create_file_with_runtime_dependencies(/home/milo/Desktop/MobileRoboter/Uebung4/src/ITI Gang Simulation/install/corridor/share/colcon-core/packages/corridor)
[1.040s] DEBUG:colcon.colcon_parallel_executor.executor.parallel:closing loop
[1.040s] DEBUG:colcon.colcon_parallel_executor.executor.parallel:loop closed
[1.040s] DEBUG:colcon.colcon_parallel_executor.executor.parallel:run_until_complete finished with '0'
[1.040s] DEBUG:colcon.colcon_core.event_reactor:joining thread
[1.045s] INFO:colcon.colcon_core.plugin_system:Skipping extension 'colcon_notification.desktop_notification.terminal_notifier': Not used on non-Darwin systems
[1.045s] INFO:colcon.colcon_core.plugin_system:Skipping extension 'colcon_notification.desktop_notification.win32': Not used on non-Windows systems
[1.045s] INFO:colcon.colcon_notification.desktop_notification:Sending desktop notification using 'notify2'
[1.056s] DEBUG:colcon.colcon_core.event_reactor:joined thread
[1.057s] INFO:colcon.colcon_core.shell:Creating prefix script '/home/milo/Desktop/MobileRoboter/Uebung4/src/ITI Gang Simulation/install/local_setup.ps1'
[1.058s] INFO:colcon.colcon_core.shell:Creating prefix util module '/home/milo/Desktop/MobileRoboter/Uebung4/src/ITI Gang Simulation/install/_local_setup_util_ps1.py'
[1.059s] INFO:colcon.colcon_core.shell:Creating prefix chain script '/home/milo/Desktop/MobileRoboter/Uebung4/src/ITI Gang Simulation/install/setup.ps1'
[1.060s] INFO:colcon.colcon_core.shell:Creating prefix script '/home/milo/Desktop/MobileRoboter/Uebung4/src/ITI Gang Simulation/install/local_setup.sh'
[1.060s] INFO:colcon.colcon_core.shell:Creating prefix util module '/home/milo/Desktop/MobileRoboter/Uebung4/src/ITI Gang Simulation/install/_local_setup_util_sh.py'
[1.060s] INFO:colcon.colcon_core.shell:Creating prefix chain script '/home/milo/Desktop/MobileRoboter/Uebung4/src/ITI Gang Simulation/install/setup.sh'
[1.061s] INFO:colcon.colcon_core.shell:Creating prefix script '/home/milo/Desktop/MobileRoboter/Uebung4/src/ITI Gang Simulation/install/local_setup.bash'
[1.062s] INFO:colcon.colcon_core.shell:Creating prefix chain script '/home/milo/Desktop/MobileRoboter/Uebung4/src/ITI Gang Simulation/install/setup.bash'
[1.063s] INFO:colcon.colcon_core.shell:Creating prefix script '/home/milo/Desktop/MobileRoboter/Uebung4/src/ITI Gang Simulation/install/local_setup.zsh'
[1.063s] INFO:colcon.colcon_core.shell:Creating prefix chain script '/home/milo/Desktop/MobileRoboter/Uebung4/src/ITI Gang Simulation/install/setup.zsh'
