[0.094s] DEBUG:colcon:Command line arguments: ['/usr/bin/colcon', 'build', '--symlink-install']
[0.094s] DEBUG:colcon:Parsed command line arguments: Namespace(allow_overriding=[], ament_cmake_args=None, base_paths=['.'], build_base='build', catkin_cmake_args=None, catkin_skip_building_tests=False, cmake_args=None, cmake_clean_cache=False, cmake_clean_first=False, cmake_force_configure=False, cmake_target=None, cmake_target_skip_unavailable=False, continue_on_error=False, event_handlers=None, executor='parallel', ignore_user_meta=False, install_base='install', log_base=None, log_level=None, main=<bound method BuildVerb.main of <colcon_core.verb.build.BuildVerb object at 0x7f3dd3c04370>>, merge_install=False, metas=['./colcon.meta'], packages_above=None, packages_above_and_dependencies=None, packages_above_depth=None, packages_end=None, packages_ignore=None, packages_ignore_regex=None, packages_select=None, packages_select_build_failed=False, packages_select_by_dep=None, packages_select_regex=None, packages_select_test_failures=False, packages_skip=None, packages_skip_build_finished=False, packages_skip_by_dep=None, packages_skip_regex=None, packages_skip_test_passed=False, packages_skip_up_to=None, packages_start=None, packages_up_to=None, packages_up_to_regex=None, parallel_workers=12, paths=None, symlink_install=True, test_result_base=None, verb_extension=<colcon_core.verb.build.BuildVerb object at 0x7f3dd3c04370>, verb_name='build', verb_parser=<colcon_defaults.argument_parser.defaults.DefaultArgumentsDecorator object at 0x7f3dd3c048b0>)
[0.111s] Level 1:colcon.colcon_core.package_discovery:discover_packages(colcon_meta) check parameters
[0.111s] Level 1:colcon.colcon_core.package_discovery:discover_packages(recursive) check parameters
[0.111s] Level 1:colcon.colcon_core.package_discovery:discover_packages(ignore) check parameters
[0.111s] Level 1:colcon.colcon_core.package_discovery:discover_packages(path) check parameters
[0.111s] Level 1:colcon.colcon_core.package_discovery:discover_packages(colcon_meta) discover
[0.111s] Level 1:colcon.colcon_core.package_discovery:discover_packages(recursive) discover
[0.111s] INFO:colcon.colcon_core.package_discovery:Crawling recursively for packages in '/home/milo/Desktop/MobileRoboter/Uebung4'
[0.111s] Level 1:colcon.colcon_core.package_identification:_identify(.) by extensions ['ignore', 'ignore_ament_install']
[0.111s] Level 1:colcon.colcon_core.package_identification:_identify(.) by extension 'ignore'
[0.111s] Level 1:colcon.colcon_core.package_identification:_identify(.) by extension 'ignore_ament_install'
[0.112s] Level 1:colcon.colcon_core.package_identification:_identify(.) by extensions ['colcon_pkg']
[0.112s] Level 1:colcon.colcon_core.package_identification:_identify(.) by extension 'colcon_pkg'
[0.112s] Level 1:colcon.colcon_core.package_identification:_identify(.) by extensions ['colcon_meta']
[0.112s] Level 1:colcon.colcon_core.package_identification:_identify(.) by extension 'colcon_meta'
[0.112s] Level 1:colcon.colcon_core.package_identification:_identify(.) by extensions ['ros']
[0.112s] Level 1:colcon.colcon_core.package_identification:_identify(.) by extension 'ros'
[0.120s] Level 1:colcon.colcon_core.package_identification:_identify(.) by extensions ['cmake', 'python']
[0.120s] Level 1:colcon.colcon_core.package_identification:_identify(.) by extension 'cmake'
[0.120s] Level 1:colcon.colcon_core.package_identification:_identify(.) by extension 'python'
[0.120s] Level 1:colcon.colcon_core.package_identification:_identify(.) by extensions ['python_setup_py']
[0.120s] Level 1:colcon.colcon_core.package_identification:_identify(.) by extension 'python_setup_py'
[0.120s] Level 1:colcon.colcon_core.package_identification:_identify(build) by extensions ['ignore', 'ignore_ament_install']
[0.120s] Level 1:colcon.colcon_core.package_identification:_identify(build) by extension 'ignore'
[0.120s] Level 1:colcon.colcon_core.package_identification:_identify(build) ignored
[0.120s] Level 1:colcon.colcon_core.package_identification:_identify(install) by extensions ['ignore', 'ignore_ament_install']
[0.120s] Level 1:colcon.colcon_core.package_identification:_identify(install) by extension 'ignore'
[0.121s] Level 1:colcon.colcon_core.package_identification:_identify(install) ignored
[0.121s] Level 1:colcon.colcon_core.package_identification:_identify(log) by extensions ['ignore', 'ignore_ament_install']
[0.121s] Level 1:colcon.colcon_core.package_identification:_identify(log) by extension 'ignore'
[0.121s] Level 1:colcon.colcon_core.package_identification:_identify(log) ignored
[0.121s] Level 1:colcon.colcon_core.package_identification:_identify(src) by extensions ['ignore', 'ignore_ament_install']
[0.121s] Level 1:colcon.colcon_core.package_identification:_identify(src) by extension 'ignore'
[0.121s] Level 1:colcon.colcon_core.package_identification:_identify(src) by extension 'ignore_ament_install'
[0.121s] Level 1:colcon.colcon_core.package_identification:_identify(src) by extensions ['colcon_pkg']
[0.121s] Level 1:colcon.colcon_core.package_identification:_identify(src) by extension 'colcon_pkg'
[0.121s] Level 1:colcon.colcon_core.package_identification:_identify(src) by extensions ['colcon_meta']
[0.121s] Level 1:colcon.colcon_core.package_identification:_identify(src) by extension 'colcon_meta'
[0.121s] Level 1:colcon.colcon_core.package_identification:_identify(src) by extensions ['ros']
[0.121s] Level 1:colcon.colcon_core.package_identification:_identify(src) by extension 'ros'
[0.121s] Level 1:colcon.colcon_core.package_identification:_identify(src) by extensions ['cmake', 'python']
[0.121s] Level 1:colcon.colcon_core.package_identification:_identify(src) by extension 'cmake'
[0.121s] Level 1:colcon.colcon_core.package_identification:_identify(src) by extension 'python'
[0.121s] Level 1:colcon.colcon_core.package_identification:_identify(src) by extensions ['python_setup_py']
[0.121s] Level 1:colcon.colcon_core.package_identification:_identify(src) by extension 'python_setup_py'
[0.121s] Level 1:colcon.colcon_core.package_identification:_identify(src/ITI Gang Simulation) by extensions ['ignore', 'ignore_ament_install']
[0.121s] Level 1:colcon.colcon_core.package_identification:_identify(src/ITI Gang Simulation) by extension 'ignore'
[0.121s] Level 1:colcon.colcon_core.package_identification:_identify(src/ITI Gang Simulation) by extension 'ignore_ament_install'
[0.121s] Level 1:colcon.colcon_core.package_identification:_identify(src/ITI Gang Simulation) by extensions ['colcon_pkg']
[0.122s] Level 1:colcon.colcon_core.package_identification:_identify(src/ITI Gang Simulation) by extension 'colcon_pkg'
[0.122s] Level 1:colcon.colcon_core.package_identification:_identify(src/ITI Gang Simulation) by extensions ['colcon_meta']
[0.122s] Level 1:colcon.colcon_core.package_identification:_identify(src/ITI Gang Simulation) by extension 'colcon_meta'
[0.122s] Level 1:colcon.colcon_core.package_identification:_identify(src/ITI Gang Simulation) by extensions ['ros']
[0.122s] Level 1:colcon.colcon_core.package_identification:_identify(src/ITI Gang Simulation) by extension 'ros'
[0.122s] Level 1:colcon.colcon_core.package_identification:_identify(src/ITI Gang Simulation) by extensions ['cmake', 'python']
[0.122s] Level 1:colcon.colcon_core.package_identification:_identify(src/ITI Gang Simulation) by extension 'cmake'
[0.122s] Level 1:colcon.colcon_core.package_identification:_identify(src/ITI Gang Simulation) by extension 'python'
[0.122s] Level 1:colcon.colcon_core.package_identification:_identify(src/ITI Gang Simulation) by extensions ['python_setup_py']
[0.122s] Level 1:colcon.colcon_core.package_identification:_identify(src/ITI Gang Simulation) by extension 'python_setup_py'
[0.122s] Level 1:colcon.colcon_core.package_identification:_identify(src/ITI Gang Simulation/build) by extensions ['ignore', 'ignore_ament_install']
[0.122s] Level 1:colcon.colcon_core.package_identification:_identify(src/ITI Gang Simulation/build) by extension 'ignore'
[0.122s] Level 1:colcon.colcon_core.package_identification:_identify(src/ITI Gang Simulation/build) ignored
[0.122s] Level 1:colcon.colcon_core.package_identification:_identify(src/ITI Gang Simulation/corridor) by extensions ['ignore', 'ignore_ament_install']
[0.122s] Level 1:colcon.colcon_core.package_identification:_identify(src/ITI Gang Simulation/corridor) by extension 'ignore'
[0.122s] Level 1:colcon.colcon_core.package_identification:_identify(src/ITI Gang Simulation/corridor) by extension 'ignore_ament_install'
[0.122s] Level 1:colcon.colcon_core.package_identification:_identify(src/ITI Gang Simulation/corridor) by extensions ['colcon_pkg']
[0.122s] Level 1:colcon.colcon_core.package_identification:_identify(src/ITI Gang Simulation/corridor) by extension 'colcon_pkg'
[0.122s] Level 1:colcon.colcon_core.package_identification:_identify(src/ITI Gang Simulation/corridor) by extensions ['colcon_meta']
[0.122s] Level 1:colcon.colcon_core.package_identification:_identify(src/ITI Gang Simulation/corridor) by extension 'colcon_meta'
[0.122s] Level 1:colcon.colcon_core.package_identification:_identify(src/ITI Gang Simulation/corridor) by extensions ['ros']
[0.122s] Level 1:colcon.colcon_core.package_identification:_identify(src/ITI Gang Simulation/corridor) by extension 'ros'
[0.124s] DEBUG:colcon.colcon_core.package_identification:Package 'src/ITI Gang Simulation/corridor' with type 'ros.ament_python' and name 'corridor'
[0.124s] Level 1:colcon.colcon_core.package_identification:_identify(src/ITI Gang Simulation/install) by extensions ['ignore', 'ignore_ament_install']
[0.124s] Level 1:colcon.colcon_core.package_identification:_identify(src/ITI Gang Simulation/install) by extension 'ignore'
[0.124s] Level 1:colcon.colcon_core.package_identification:_identify(src/ITI Gang Simulation/install) ignored
[0.124s] Level 1:colcon.colcon_core.package_identification:_identify(src/ITI Gang Simulation/log) by extensions ['ignore', 'ignore_ament_install']
[0.124s] Level 1:colcon.colcon_core.package_identification:_identify(src/ITI Gang Simulation/log) by extension 'ignore'
[0.125s] Level 1:colcon.colcon_core.package_identification:_identify(src/ITI Gang Simulation/log) ignored
[0.125s] Level 1:colcon.colcon_core.package_identification:_identify(src/potentialfield) by extensions ['ignore', 'ignore_ament_install']
[0.125s] Level 1:colcon.colcon_core.package_identification:_identify(src/potentialfield) by extension 'ignore'
[0.125s] Level 1:colcon.colcon_core.package_identification:_identify(src/potentialfield) by extension 'ignore_ament_install'
[0.125s] Level 1:colcon.colcon_core.package_identification:_identify(src/potentialfield) by extensions ['colcon_pkg']
[0.125s] Level 1:colcon.colcon_core.package_identification:_identify(src/potentialfield) by extension 'colcon_pkg'
[0.125s] Level 1:colcon.colcon_core.package_identification:_identify(src/potentialfield) by extensions ['colcon_meta']
[0.125s] Level 1:colcon.colcon_core.package_identification:_identify(src/potentialfield) by extension 'colcon_meta'
[0.125s] Level 1:colcon.colcon_core.package_identification:_identify(src/potentialfield) by extensions ['ros']
[0.125s] Level 1:colcon.colcon_core.package_identification:_identify(src/potentialfield) by extension 'ros'
[0.125s] DEBUG:colcon.colcon_core.package_identification:Package 'src/potentialfield' with type 'ros.ament_python' and name 'potentialfield'
[0.125s] Level 1:colcon.colcon_core.package_identification:_identify(src/turtlebot3_simulations) by extensions ['ignore', 'ignore_ament_install']
[0.125s] Level 1:colcon.colcon_core.package_identification:_identify(src/turtlebot3_simulations) by extension 'ignore'
[0.125s] Level 1:colcon.colcon_core.package_identification:_identify(src/turtlebot3_simulations) by extension 'ignore_ament_install'
[0.126s] Level 1:colcon.colcon_core.package_identification:_identify(src/turtlebot3_simulations) by extensions ['colcon_pkg']
[0.126s] Level 1:colcon.colcon_core.package_identification:_identify(src/turtlebot3_simulations) by extension 'colcon_pkg'
[0.126s] Level 1:colcon.colcon_core.package_identification:_identify(src/turtlebot3_simulations) by extensions ['colcon_meta']
[0.126s] Level 1:colcon.colcon_core.package_identification:_identify(src/turtlebot3_simulations) by extension 'colcon_meta'
[0.126s] Level 1:colcon.colcon_core.package_identification:_identify(src/turtlebot3_simulations) by extensions ['ros']
[0.126s] Level 1:colcon.colcon_core.package_identification:_identify(src/turtlebot3_simulations) by extension 'ros'
[0.126s] Level 1:colcon.colcon_core.package_identification:_identify(src/turtlebot3_simulations) by extensions ['cmake', 'python']
[0.126s] Level 1:colcon.colcon_core.package_identification:_identify(src/turtlebot3_simulations) by extension 'cmake'
[0.126s] Level 1:colcon.colcon_core.package_identification:_identify(src/turtlebot3_simulations) by extension 'python'
[0.126s] Level 1:colcon.colcon_core.package_identification:_identify(src/turtlebot3_simulations) by extensions ['python_setup_py']
[0.126s] Level 1:colcon.colcon_core.package_identification:_identify(src/turtlebot3_simulations) by extension 'python_setup_py'
[0.126s] Level 1:colcon.colcon_core.package_identification:_identify(src/turtlebot3_simulations/turtlebot3_fake_node) by extensions ['ignore', 'ignore_ament_install']
[0.126s] Level 1:colcon.colcon_core.package_identification:_identify(src/turtlebot3_simulations/turtlebot3_fake_node) by extension 'ignore'
[0.126s] Level 1:colcon.colcon_core.package_identification:_identify(src/turtlebot3_simulations/turtlebot3_fake_node) by extension 'ignore_ament_install'
[0.126s] Level 1:colcon.colcon_core.package_identification:_identify(src/turtlebot3_simulations/turtlebot3_fake_node) by extensions ['colcon_pkg']
[0.126s] Level 1:colcon.colcon_core.package_identification:_identify(src/turtlebot3_simulations/turtlebot3_fake_node) by extension 'colcon_pkg'
[0.126s] Level 1:colcon.colcon_core.package_identification:_identify(src/turtlebot3_simulations/turtlebot3_fake_node) by extensions ['colcon_meta']
[0.126s] Level 1:colcon.colcon_core.package_identification:_identify(src/turtlebot3_simulations/turtlebot3_fake_node) by extension 'colcon_meta'
[0.126s] Level 1:colcon.colcon_core.package_identification:_identify(src/turtlebot3_simulations/turtlebot3_fake_node) by extensions ['ros']
[0.126s] Level 1:colcon.colcon_core.package_identification:_identify(src/turtlebot3_simulations/turtlebot3_fake_node) by extension 'ros'
[0.128s] DEBUG:colcon.colcon_core.package_identification:Package 'src/turtlebot3_simulations/turtlebot3_fake_node' with type 'ros.ament_cmake' and name 'turtlebot3_fake_node'
[0.128s] Level 1:colcon.colcon_core.package_identification:_identify(src/turtlebot3_simulations/turtlebot3_gazebo) by extensions ['ignore', 'ignore_ament_install']
[0.128s] Level 1:colcon.colcon_core.package_identification:_identify(src/turtlebot3_simulations/turtlebot3_gazebo) by extension 'ignore'
[0.128s] Level 1:colcon.colcon_core.package_identification:_identify(src/turtlebot3_simulations/turtlebot3_gazebo) by extension 'ignore_ament_install'
[0.128s] Level 1:colcon.colcon_core.package_identification:_identify(src/turtlebot3_simulations/turtlebot3_gazebo) by extensions ['colcon_pkg']
[0.128s] Level 1:colcon.colcon_core.package_identification:_identify(src/turtlebot3_simulations/turtlebot3_gazebo) by extension 'colcon_pkg'
[0.128s] Level 1:colcon.colcon_core.package_identification:_identify(src/turtlebot3_simulations/turtlebot3_gazebo) by extensions ['colcon_meta']
[0.128s] Level 1:colcon.colcon_core.package_identification:_identify(src/turtlebot3_simulations/turtlebot3_gazebo) by extension 'colcon_meta'
[0.128s] Level 1:colcon.colcon_core.package_identification:_identify(src/turtlebot3_simulations/turtlebot3_gazebo) by extensions ['ros']
[0.128s] Level 1:colcon.colcon_core.package_identification:_identify(src/turtlebot3_simulations/turtlebot3_gazebo) by extension 'ros'
[0.129s] DEBUG:colcon.colcon_core.package_identification:Package 'src/turtlebot3_simulations/turtlebot3_gazebo' with type 'ros.ament_cmake' and name 'turtlebot3_gazebo'
[0.129s] Level 1:colcon.colcon_core.package_identification:_identify(src/turtlebot3_simulations/turtlebot3_simulations) by extensions ['ignore', 'ignore_ament_install']
[0.129s] Level 1:colcon.colcon_core.package_identification:_identify(src/turtlebot3_simulations/turtlebot3_simulations) by extension 'ignore'
[0.129s] Level 1:colcon.colcon_core.package_identification:_identify(src/turtlebot3_simulations/turtlebot3_simulations) by extension 'ignore_ament_install'
[0.129s] Level 1:colcon.colcon_core.package_identification:_identify(src/turtlebot3_simulations/turtlebot3_simulations) by extensions ['colcon_pkg']
[0.129s] Level 1:colcon.colcon_core.package_identification:_identify(src/turtlebot3_simulations/turtlebot3_simulations) by extension 'colcon_pkg'
[0.129s] Level 1:colcon.colcon_core.package_identification:_identify(src/turtlebot3_simulations/turtlebot3_simulations) by extensions ['colcon_meta']
[0.129s] Level 1:colcon.colcon_core.package_identification:_identify(src/turtlebot3_simulations/turtlebot3_simulations) by extension 'colcon_meta'
[0.129s] Level 1:colcon.colcon_core.package_identification:_identify(src/turtlebot3_simulations/turtlebot3_simulations) by extensions ['ros']
[0.129s] Level 1:colcon.colcon_core.package_identification:_identify(src/turtlebot3_simulations/turtlebot3_simulations) by extension 'ros'
[0.130s] DEBUG:colcon.colcon_core.package_identification:Package 'src/turtlebot3_simulations/turtlebot3_simulations' with type 'ros.ament_cmake' and name 'turtlebot3_simulations'
[0.130s] Level 1:colcon.colcon_core.package_discovery:discover_packages(recursive) using defaults
[0.130s] Level 1:colcon.colcon_core.package_discovery:discover_packages(ignore) discover
[0.130s] Level 1:colcon.colcon_core.package_discovery:discover_packages(ignore) using defaults
[0.130s] Level 1:colcon.colcon_core.package_discovery:discover_packages(path) discover
[0.130s] Level 1:colcon.colcon_core.package_discovery:discover_packages(path) using defaults
[0.143s] Level 1:colcon.colcon_core.package_discovery:discover_packages(prefix_path) check parameters
[0.143s] Level 1:colcon.colcon_core.package_discovery:discover_packages(prefix_path) discover
[0.145s] DEBUG:colcon.colcon_installed_package_information.package_discovery:Found 309 installed packages in /opt/ros/foxy
[0.146s] Level 1:colcon.colcon_core.package_discovery:discover_packages(prefix_path) using defaults
[0.206s] Level 5:colcon.colcon_core.verb:set package 'corridor' build argument 'cmake_args' from command line to 'None'
[0.206s] Level 5:colcon.colcon_core.verb:set package 'corridor' build argument 'cmake_target' from command line to 'None'
[0.206s] Level 5:colcon.colcon_core.verb:set package 'corridor' build argument 'cmake_target_skip_unavailable' from command line to 'False'
[0.207s] Level 5:colcon.colcon_core.verb:set package 'corridor' build argument 'cmake_clean_cache' from command line to 'False'
[0.207s] Level 5:colcon.colcon_core.verb:set package 'corridor' build argument 'cmake_clean_first' from command line to 'False'
[0.207s] Level 5:colcon.colcon_core.verb:set package 'corridor' build argument 'cmake_force_configure' from command line to 'False'
[0.207s] Level 5:colcon.colcon_core.verb:set package 'corridor' build argument 'ament_cmake_args' from command line to 'None'
[0.207s] Level 5:colcon.colcon_core.verb:set package 'corridor' build argument 'catkin_cmake_args' from command line to 'None'
[0.207s] Level 5:colcon.colcon_core.verb:set package 'corridor' build argument 'catkin_skip_building_tests' from command line to 'False'
[0.207s] DEBUG:colcon.colcon_core.verb:Building package 'corridor' with the following arguments: {'ament_cmake_args': None, 'build_base': '/home/milo/Desktop/MobileRoboter/Uebung4/build/corridor', 'catkin_cmake_args': None, 'catkin_skip_building_tests': False, 'cmake_args': None, 'cmake_clean_cache': False, 'cmake_clean_first': False, 'cmake_force_configure': False, 'cmake_target': None, 'cmake_target_skip_unavailable': False, 'install_base': '/home/milo/Desktop/MobileRoboter/Uebung4/install/corridor', 'merge_install': False, 'path': '/home/milo/Desktop/MobileRoboter/Uebung4/src/ITI Gang Simulation/corridor', 'symlink_install': True, 'test_result_base': None}
[0.207s] Level 5:colcon.colcon_core.verb:set package 'potentialfield' build argument 'cmake_args' from command line to 'None'
[0.207s] Level 5:colcon.colcon_core.verb:set package 'potentialfield' build argument 'cmake_target' from command line to 'None'
[0.207s] Level 5:colcon.colcon_core.verb:set package 'potentialfield' build argument 'cmake_target_skip_unavailable' from command line to 'False'
[0.207s] Level 5:colcon.colcon_core.verb:set package 'potentialfield' build argument 'cmake_clean_cache' from command line to 'False'
[0.207s] Level 5:colcon.colcon_core.verb:set package 'potentialfield' build argument 'cmake_clean_first' from command line to 'False'
[0.207s] Level 5:colcon.colcon_core.verb:set package 'potentialfield' build argument 'cmake_force_configure' from command line to 'False'
[0.208s] Level 5:colcon.colcon_core.verb:set package 'potentialfield' build argument 'ament_cmake_args' from command line to 'None'
[0.208s] Level 5:colcon.colcon_core.verb:set package 'potentialfield' build argument 'catkin_cmake_args' from command line to 'None'
[0.208s] Level 5:colcon.colcon_core.verb:set package 'potentialfield' build argument 'catkin_skip_building_tests' from command line to 'False'
[0.208s] DEBUG:colcon.colcon_core.verb:Building package 'potentialfield' with the following arguments: {'ament_cmake_args': None, 'build_base': '/home/milo/Desktop/MobileRoboter/Uebung4/build/potentialfield', 'catkin_cmake_args': None, 'catkin_skip_building_tests': False, 'cmake_args': None, 'cmake_clean_cache': False, 'cmake_clean_first': False, 'cmake_force_configure': False, 'cmake_target': None, 'cmake_target_skip_unavailable': False, 'install_base': '/home/milo/Desktop/MobileRoboter/Uebung4/install/potentialfield', 'merge_install': False, 'path': '/home/milo/Desktop/MobileRoboter/Uebung4/src/potentialfield', 'symlink_install': True, 'test_result_base': None}
[0.208s] Level 5:colcon.colcon_core.verb:set package 'turtlebot3_fake_node' build argument 'cmake_args' from command line to 'None'
[0.208s] Level 5:colcon.colcon_core.verb:set package 'turtlebot3_fake_node' build argument 'cmake_target' from command line to 'None'
[0.208s] Level 5:colcon.colcon_core.verb:set package 'turtlebot3_fake_node' build argument 'cmake_target_skip_unavailable' from command line to 'False'
[0.208s] Level 5:colcon.colcon_core.verb:set package 'turtlebot3_fake_node' build argument 'cmake_clean_cache' from command line to 'False'
[0.208s] Level 5:colcon.colcon_core.verb:set package 'turtlebot3_fake_node' build argument 'cmake_clean_first' from command line to 'False'
[0.208s] Level 5:colcon.colcon_core.verb:set package 'turtlebot3_fake_node' build argument 'cmake_force_configure' from command line to 'False'
[0.208s] Level 5:colcon.colcon_core.verb:set package 'turtlebot3_fake_node' build argument 'ament_cmake_args' from command line to 'None'
[0.208s] Level 5:colcon.colcon_core.verb:set package 'turtlebot3_fake_node' build argument 'catkin_cmake_args' from command line to 'None'
[0.208s] Level 5:colcon.colcon_core.verb:set package 'turtlebot3_fake_node' build argument 'catkin_skip_building_tests' from command line to 'False'
[0.208s] DEBUG:colcon.colcon_core.verb:Building package 'turtlebot3_fake_node' with the following arguments: {'ament_cmake_args': None, 'build_base': '/home/milo/Desktop/MobileRoboter/Uebung4/build/turtlebot3_fake_node', 'catkin_cmake_args': None, 'catkin_skip_building_tests': False, 'cmake_args': None, 'cmake_clean_cache': False, 'cmake_clean_first': False, 'cmake_force_configure': False, 'cmake_target': None, 'cmake_target_skip_unavailable': False, 'install_base': '/home/milo/Desktop/MobileRoboter/Uebung4/install/turtlebot3_fake_node', 'merge_install': False, 'path': '/home/milo/Desktop/MobileRoboter/Uebung4/src/turtlebot3_simulations/turtlebot3_fake_node', 'symlink_install': True, 'test_result_base': None}
[0.209s] Level 5:colcon.colcon_core.verb:set package 'turtlebot3_gazebo' build argument 'cmake_args' from command line to 'None'
[0.209s] Level 5:colcon.colcon_core.verb:set package 'turtlebot3_gazebo' build argument 'cmake_target' from command line to 'None'
[0.209s] Level 5:colcon.colcon_core.verb:set package 'turtlebot3_gazebo' build argument 'cmake_target_skip_unavailable' from command line to 'False'
[0.209s] Level 5:colcon.colcon_core.verb:set package 'turtlebot3_gazebo' build argument 'cmake_clean_cache' from command line to 'False'
[0.209s] Level 5:colcon.colcon_core.verb:set package 'turtlebot3_gazebo' build argument 'cmake_clean_first' from command line to 'False'
[0.209s] Level 5:colcon.colcon_core.verb:set package 'turtlebot3_gazebo' build argument 'cmake_force_configure' from command line to 'False'
[0.209s] Level 5:colcon.colcon_core.verb:set package 'turtlebot3_gazebo' build argument 'ament_cmake_args' from command line to 'None'
[0.209s] Level 5:colcon.colcon_core.verb:set package 'turtlebot3_gazebo' build argument 'catkin_cmake_args' from command line to 'None'
[0.209s] Level 5:colcon.colcon_core.verb:set package 'turtlebot3_gazebo' build argument 'catkin_skip_building_tests' from command line to 'False'
[0.209s] DEBUG:colcon.colcon_core.verb:Building package 'turtlebot3_gazebo' with the following arguments: {'ament_cmake_args': None, 'build_base': '/home/milo/Desktop/MobileRoboter/Uebung4/build/turtlebot3_gazebo', 'catkin_cmake_args': None, 'catkin_skip_building_tests': False, 'cmake_args': None, 'cmake_clean_cache': False, 'cmake_clean_first': False, 'cmake_force_configure': False, 'cmake_target': None, 'cmake_target_skip_unavailable': False, 'install_base': '/home/milo/Desktop/MobileRoboter/Uebung4/install/turtlebot3_gazebo', 'merge_install': False, 'path': '/home/milo/Desktop/MobileRoboter/Uebung4/src/turtlebot3_simulations/turtlebot3_gazebo', 'symlink_install': True, 'test_result_base': None}
[0.209s] Level 5:colcon.colcon_core.verb:set package 'turtlebot3_simulations' build argument 'cmake_args' from command line to 'None'
[0.209s] Level 5:colcon.colcon_core.verb:set package 'turtlebot3_simulations' build argument 'cmake_target' from command line to 'None'
[0.210s] Level 5:colcon.colcon_core.verb:set package 'turtlebot3_simulations' build argument 'cmake_target_skip_unavailable' from command line to 'False'
[0.210s] Level 5:colcon.colcon_core.verb:set package 'turtlebot3_simulations' build argument 'cmake_clean_cache' from command line to 'False'
[0.210s] Level 5:colcon.colcon_core.verb:set package 'turtlebot3_simulations' build argument 'cmake_clean_first' from command line to 'False'
[0.210s] Level 5:colcon.colcon_core.verb:set package 'turtlebot3_simulations' build argument 'cmake_force_configure' from command line to 'False'
[0.210s] Level 5:colcon.colcon_core.verb:set package 'turtlebot3_simulations' build argument 'ament_cmake_args' from command line to 'None'
[0.210s] Level 5:colcon.colcon_core.verb:set package 'turtlebot3_simulations' build argument 'catkin_cmake_args' from command line to 'None'
[0.210s] Level 5:colcon.colcon_core.verb:set package 'turtlebot3_simulations' build argument 'catkin_skip_building_tests' from command line to 'False'
[0.210s] DEBUG:colcon.colcon_core.verb:Building package 'turtlebot3_simulations' with the following arguments: {'ament_cmake_args': None, 'build_base': '/home/milo/Desktop/MobileRoboter/Uebung4/build/turtlebot3_simulations', 'catkin_cmake_args': None, 'catkin_skip_building_tests': False, 'cmake_args': None, 'cmake_clean_cache': False, 'cmake_clean_first': False, 'cmake_force_configure': False, 'cmake_target': None, 'cmake_target_skip_unavailable': False, 'install_base': '/home/milo/Desktop/MobileRoboter/Uebung4/install/turtlebot3_simulations', 'merge_install': False, 'path': '/home/milo/Desktop/MobileRoboter/Uebung4/src/turtlebot3_simulations/turtlebot3_simulations', 'symlink_install': True, 'test_result_base': None}
[0.210s] INFO:colcon.colcon_core.executor:Executing jobs using 'parallel' executor
[0.212s] DEBUG:colcon.colcon_parallel_executor.executor.parallel:run_until_complete
[0.212s] INFO:colcon.colcon_ros.task.ament_cmake.build:Building ROS package in '/home/milo/Desktop/MobileRoboter/Uebung4/src/turtlebot3_simulations/turtlebot3_fake_node' with build type 'ament_cmake'
[0.212s] INFO:colcon.colcon_cmake.task.cmake.build:Building CMake package in '/home/milo/Desktop/MobileRoboter/Uebung4/src/turtlebot3_simulations/turtlebot3_fake_node'
[0.214s] INFO:colcon.colcon_core.plugin_system:Skipping extension 'colcon_core.shell.bat': Not used on non-Windows systems
[0.214s] INFO:colcon.colcon_core.shell:Skip shell extension 'powershell' for command environment: Not usable outside of PowerShell
[0.215s] DEBUG:colcon.colcon_core.shell:Skip shell extension 'dsv' for command environment
[0.218s] INFO:colcon.colcon_ros.task.ament_cmake.build:Building ROS package in '/home/milo/Desktop/MobileRoboter/Uebung4/src/turtlebot3_simulations/turtlebot3_gazebo' with build type 'ament_cmake'
[0.218s] INFO:colcon.colcon_cmake.task.cmake.build:Building CMake package in '/home/milo/Desktop/MobileRoboter/Uebung4/src/turtlebot3_simulations/turtlebot3_gazebo'
[0.219s] INFO:colcon.colcon_core.shell:Skip shell extension 'powershell' for command environment: Not usable outside of PowerShell
[0.219s] DEBUG:colcon.colcon_core.shell:Skip shell extension 'dsv' for command environment
[0.222s] INFO:colcon.colcon_ros.task.ament_python.build:Building ROS package in '/home/milo/Desktop/MobileRoboter/Uebung4/src/ITI Gang Simulation/corridor' with build type 'ament_python'
[0.223s] Level 1:colcon.colcon_core.shell:create_environment_hook('corridor', 'ament_prefix_path')
[0.223s] INFO:colcon.colcon_core.shell:Creating environment hook '/home/milo/Desktop/MobileRoboter/Uebung4/install/corridor/share/corridor/hook/ament_prefix_path.ps1'
[0.225s] INFO:colcon.colcon_core.shell:Creating environment descriptor '/home/milo/Desktop/MobileRoboter/Uebung4/install/corridor/share/corridor/hook/ament_prefix_path.dsv'
[0.225s] INFO:colcon.colcon_core.shell:Creating environment hook '/home/milo/Desktop/MobileRoboter/Uebung4/install/corridor/share/corridor/hook/ament_prefix_path.sh'
[0.226s] INFO:colcon.colcon_core.shell:Skip shell extension 'powershell' for command environment: Not usable outside of PowerShell
[0.226s] DEBUG:colcon.colcon_core.shell:Skip shell extension 'dsv' for command environment
[0.229s] INFO:colcon.colcon_ros.task.ament_python.build:Building ROS package in '/home/milo/Desktop/MobileRoboter/Uebung4/src/potentialfield' with build type 'ament_python'
[0.230s] Level 1:colcon.colcon_core.shell:create_environment_hook('potentialfield', 'ament_prefix_path')
[0.230s] INFO:colcon.colcon_core.shell:Creating environment hook '/home/milo/Desktop/MobileRoboter/Uebung4/install/potentialfield/share/potentialfield/hook/ament_prefix_path.ps1'
[0.231s] INFO:colcon.colcon_core.shell:Creating environment descriptor '/home/milo/Desktop/MobileRoboter/Uebung4/install/potentialfield/share/potentialfield/hook/ament_prefix_path.dsv'
[0.231s] INFO:colcon.colcon_core.shell:Creating environment hook '/home/milo/Desktop/MobileRoboter/Uebung4/install/potentialfield/share/potentialfield/hook/ament_prefix_path.sh'
[0.232s] INFO:colcon.colcon_core.shell:Skip shell extension 'powershell' for command environment: Not usable outside of PowerShell
[0.232s] DEBUG:colcon.colcon_core.shell:Skip shell extension 'dsv' for command environment
[0.242s] DEBUG:colcon.colcon_core.event_handler.log_command:Invoking command in '/home/milo/Desktop/MobileRoboter/Uebung4/build/turtlebot3_fake_node': CMAKE_PREFIX_PATH=/opt/ros/foxy /usr/bin/cmake --build /home/milo/Desktop/MobileRoboter/Uebung4/build/turtlebot3_fake_node -- -j12 -l12
[0.247s] DEBUG:colcon.colcon_core.event_handler.log_command:Invoking command in '/home/milo/Desktop/MobileRoboter/Uebung4/build/turtlebot3_gazebo': CMAKE_PREFIX_PATH=/opt/ros/foxy /usr/bin/cmake /home/milo/Desktop/MobileRoboter/Uebung4/src/turtlebot3_simulations/turtlebot3_gazebo -DAMENT_CMAKE_SYMLINK_INSTALL=1 -DCMAKE_INSTALL_PREFIX=/home/milo/Desktop/MobileRoboter/Uebung4/install/turtlebot3_gazebo
[0.404s] INFO:colcon.colcon_core.task.python.build:Building Python package in '/home/milo/Desktop/MobileRoboter/Uebung4/src/ITI Gang Simulation/corridor'
[0.404s] INFO:colcon.colcon_core.shell:Skip shell extension 'powershell' for command environment: Not usable outside of PowerShell
[0.405s] DEBUG:colcon.colcon_core.shell:Skip shell extension 'dsv' for command environment
[0.566s] INFO:colcon.colcon_core.task.python.build:Building Python package in '/home/milo/Desktop/MobileRoboter/Uebung4/src/potentialfield'
[0.567s] INFO:colcon.colcon_core.shell:Skip shell extension 'powershell' for command environment: Not usable outside of PowerShell
[0.567s] DEBUG:colcon.colcon_core.shell:Skip shell extension 'dsv' for command environment
[0.574s] DEBUG:colcon.colcon_core.event_handler.log_command:Invoked command in '/home/milo/Desktop/MobileRoboter/Uebung4/build/turtlebot3_fake_node' returned '0': CMAKE_PREFIX_PATH=/opt/ros/foxy /usr/bin/cmake --build /home/milo/Desktop/MobileRoboter/Uebung4/build/turtlebot3_fake_node -- -j12 -l12
[0.600s] DEBUG:colcon.colcon_core.event_handler.log_command:Invoking command in '/home/milo/Desktop/MobileRoboter/Uebung4/build/turtlebot3_fake_node': CMAKE_PREFIX_PATH=/opt/ros/foxy /usr/bin/cmake --install /home/milo/Desktop/MobileRoboter/Uebung4/build/turtlebot3_fake_node
[0.797s] Level 1:colcon.colcon_core.environment:create_environment_scripts_only(turtlebot3_fake_node)
[0.799s] DEBUG:colcon.colcon_core.event_handler.log_command:Invoked command in '/home/milo/Desktop/MobileRoboter/Uebung4/build/turtlebot3_fake_node' returned '0': CMAKE_PREFIX_PATH=/opt/ros/foxy /usr/bin/cmake --install /home/milo/Desktop/MobileRoboter/Uebung4/build/turtlebot3_fake_node
[0.802s] Level 1:colcon.colcon_core.environment:checking '/home/milo/Desktop/MobileRoboter/Uebung4/install/turtlebot3_fake_node' for CMake module files
[0.803s] Level 1:colcon.colcon_core.environment:checking '/home/milo/Desktop/MobileRoboter/Uebung4/install/turtlebot3_fake_node' for CMake config files
[0.803s] Level 1:colcon.colcon_core.shell:create_environment_hook('turtlebot3_fake_node', 'cmake_prefix_path')
[0.805s] INFO:colcon.colcon_core.shell:Creating environment hook '/home/milo/Desktop/MobileRoboter/Uebung4/install/turtlebot3_fake_node/share/turtlebot3_fake_node/hook/cmake_prefix_path.ps1'
[0.805s] INFO:colcon.colcon_core.shell:Creating environment descriptor '/home/milo/Desktop/MobileRoboter/Uebung4/install/turtlebot3_fake_node/share/turtlebot3_fake_node/hook/cmake_prefix_path.dsv'
[0.805s] INFO:colcon.colcon_core.shell:Creating environment hook '/home/milo/Desktop/MobileRoboter/Uebung4/install/turtlebot3_fake_node/share/turtlebot3_fake_node/hook/cmake_prefix_path.sh'
[0.806s] Level 1:colcon.colcon_core.environment:checking '/home/milo/Desktop/MobileRoboter/Uebung4/install/turtlebot3_fake_node/lib'
[0.806s] Level 1:colcon.colcon_core.environment:checking '/home/milo/Desktop/MobileRoboter/Uebung4/install/turtlebot3_fake_node/bin'
[0.806s] Level 1:colcon.colcon_core.environment:checking '/home/milo/Desktop/MobileRoboter/Uebung4/install/turtlebot3_fake_node/lib/pkgconfig/turtlebot3_fake_node.pc'
[0.806s] Level 1:colcon.colcon_core.environment:checking '/home/milo/Desktop/MobileRoboter/Uebung4/install/turtlebot3_fake_node/lib/python3.8/site-packages'
[0.806s] Level 1:colcon.colcon_core.environment:checking '/home/milo/Desktop/MobileRoboter/Uebung4/install/turtlebot3_fake_node/bin'
[0.807s] INFO:colcon.colcon_core.shell:Creating package script '/home/milo/Desktop/MobileRoboter/Uebung4/install/turtlebot3_fake_node/share/turtlebot3_fake_node/package.ps1'
[0.807s] INFO:colcon.colcon_core.shell:Creating package descriptor '/home/milo/Desktop/MobileRoboter/Uebung4/install/turtlebot3_fake_node/share/turtlebot3_fake_node/package.dsv'
[0.808s] INFO:colcon.colcon_core.shell:Creating package script '/home/milo/Desktop/MobileRoboter/Uebung4/install/turtlebot3_fake_node/share/turtlebot3_fake_node/package.sh'
[0.808s] INFO:colcon.colcon_core.shell:Creating package script '/home/milo/Desktop/MobileRoboter/Uebung4/install/turtlebot3_fake_node/share/turtlebot3_fake_node/package.bash'
[0.809s] INFO:colcon.colcon_core.shell:Creating package script '/home/milo/Desktop/MobileRoboter/Uebung4/install/turtlebot3_fake_node/share/turtlebot3_fake_node/package.zsh'
[0.809s] Level 1:colcon.colcon_core.environment:create_file_with_runtime_dependencies(/home/milo/Desktop/MobileRoboter/Uebung4/install/turtlebot3_fake_node/share/colcon-core/packages/turtlebot3_fake_node)
[0.828s] Level 1:colcon.colcon_core.environment:create_environment_scripts_only(turtlebot3_fake_node)
[0.829s] Level 1:colcon.colcon_core.environment:checking '/home/milo/Desktop/MobileRoboter/Uebung4/install/turtlebot3_fake_node' for CMake module files
[0.829s] Level 1:colcon.colcon_core.environment:checking '/home/milo/Desktop/MobileRoboter/Uebung4/install/turtlebot3_fake_node' for CMake config files
[0.829s] Level 1:colcon.colcon_core.shell:create_environment_hook('turtlebot3_fake_node', 'cmake_prefix_path')
[0.830s] INFO:colcon.colcon_core.shell:Creating environment hook '/home/milo/Desktop/MobileRoboter/Uebung4/install/turtlebot3_fake_node/share/turtlebot3_fake_node/hook/cmake_prefix_path.ps1'
[0.830s] INFO:colcon.colcon_core.shell:Creating environment descriptor '/home/milo/Desktop/MobileRoboter/Uebung4/install/turtlebot3_fake_node/share/turtlebot3_fake_node/hook/cmake_prefix_path.dsv'
[0.831s] INFO:colcon.colcon_core.shell:Creating environment hook '/home/milo/Desktop/MobileRoboter/Uebung4/install/turtlebot3_fake_node/share/turtlebot3_fake_node/hook/cmake_prefix_path.sh'
[0.831s] Level 1:colcon.colcon_core.environment:checking '/home/milo/Desktop/MobileRoboter/Uebung4/install/turtlebot3_fake_node/lib'
[0.831s] Level 1:colcon.colcon_core.environment:checking '/home/milo/Desktop/MobileRoboter/Uebung4/install/turtlebot3_fake_node/bin'
[0.831s] Level 1:colcon.colcon_core.environment:checking '/home/milo/Desktop/MobileRoboter/Uebung4/install/turtlebot3_fake_node/lib/pkgconfig/turtlebot3_fake_node.pc'
[0.831s] Level 1:colcon.colcon_core.environment:checking '/home/milo/Desktop/MobileRoboter/Uebung4/install/turtlebot3_fake_node/lib/python3.8/site-packages'
[0.832s] Level 1:colcon.colcon_core.environment:checking '/home/milo/Desktop/MobileRoboter/Uebung4/install/turtlebot3_fake_node/bin'
[0.832s] INFO:colcon.colcon_core.shell:Creating package script '/home/milo/Desktop/MobileRoboter/Uebung4/install/turtlebot3_fake_node/share/turtlebot3_fake_node/package.ps1'
[0.832s] INFO:colcon.colcon_core.shell:Creating package descriptor '/home/milo/Desktop/MobileRoboter/Uebung4/install/turtlebot3_fake_node/share/turtlebot3_fake_node/package.dsv'
[0.833s] INFO:colcon.colcon_core.shell:Creating package script '/home/milo/Desktop/MobileRoboter/Uebung4/install/turtlebot3_fake_node/share/turtlebot3_fake_node/package.sh'
[0.833s] INFO:colcon.colcon_core.shell:Creating package script '/home/milo/Desktop/MobileRoboter/Uebung4/install/turtlebot3_fake_node/share/turtlebot3_fake_node/package.bash'
[0.833s] INFO:colcon.colcon_core.shell:Creating package script '/home/milo/Desktop/MobileRoboter/Uebung4/install/turtlebot3_fake_node/share/turtlebot3_fake_node/package.zsh'
[0.834s] Level 1:colcon.colcon_core.environment:create_file_with_runtime_dependencies(/home/milo/Desktop/MobileRoboter/Uebung4/install/turtlebot3_fake_node/share/colcon-core/packages/turtlebot3_fake_node)
[0.902s] DEBUG:colcon.colcon_core.event_handler.log_command:Invoking command in '/home/milo/Desktop/MobileRoboter/Uebung4/build/corridor': PYTHONPATH=/home/milo/Desktop/MobileRoboter/Uebung4/install/corridor/lib/python3.8/site-packages:${PYTHONPATH} /usr/bin/python3 setup.py develop --prefix /home/milo/Desktop/MobileRoboter/Uebung4/install/corridor --editable --build-directory /home/milo/Desktop/MobileRoboter/Uebung4/build/corridor/build --no-deps install_data --install-dir /home/milo/Desktop/MobileRoboter/Uebung4/install/corridor
[0.904s] DEBUG:colcon.colcon_core.event_handler.log_command:Invoking command in '/home/milo/Desktop/MobileRoboter/Uebung4/build/potentialfield': PYTHONPATH=/home/milo/Desktop/MobileRoboter/Uebung4/install/potentialfield/lib/python3.8/site-packages:${PYTHONPATH} /usr/bin/python3 setup.py develop --prefix /home/milo/Desktop/MobileRoboter/Uebung4/install/potentialfield --editable --build-directory /home/milo/Desktop/MobileRoboter/Uebung4/build/potentialfield/build --no-deps install_data --install-dir /home/milo/Desktop/MobileRoboter/Uebung4/install/potentialfield
[1.421s] Level 1:colcon.colcon_core.shell:create_environment_hook('potentialfield', 'pythonpath_develop')
[1.422s] DEBUG:colcon.colcon_core.event_handler.log_command:Invoked command in '/home/milo/Desktop/MobileRoboter/Uebung4/build/potentialfield' returned '0': PYTHONPATH=/home/milo/Desktop/MobileRoboter/Uebung4/install/potentialfield/lib/python3.8/site-packages:${PYTHONPATH} /usr/bin/python3 setup.py develop --prefix /home/milo/Desktop/MobileRoboter/Uebung4/install/potentialfield --editable --build-directory /home/milo/Desktop/MobileRoboter/Uebung4/build/potentialfield/build --no-deps install_data --install-dir /home/milo/Desktop/MobileRoboter/Uebung4/install/potentialfield
[1.422s] INFO:colcon.colcon_core.shell:Creating environment hook '/home/milo/Desktop/MobileRoboter/Uebung4/build/potentialfield/share/potentialfield/hook/pythonpath_develop.ps1'
[1.435s] INFO:colcon.colcon_core.shell:Creating environment descriptor '/home/milo/Desktop/MobileRoboter/Uebung4/build/potentialfield/share/potentialfield/hook/pythonpath_develop.dsv'
[1.444s] INFO:colcon.colcon_core.shell:Creating environment hook '/home/milo/Desktop/MobileRoboter/Uebung4/build/potentialfield/share/potentialfield/hook/pythonpath_develop.sh'
[1.445s] Level 1:colcon.colcon_core.environment:checking '/home/milo/Desktop/MobileRoboter/Uebung4/install/potentialfield' for CMake module files
[1.446s] Level 1:colcon.colcon_core.environment:checking '/home/milo/Desktop/MobileRoboter/Uebung4/install/potentialfield' for CMake config files
[1.446s] Level 1:colcon.colcon_core.environment:checking '/home/milo/Desktop/MobileRoboter/Uebung4/install/potentialfield/lib'
[1.446s] Level 1:colcon.colcon_core.environment:checking '/home/milo/Desktop/MobileRoboter/Uebung4/install/potentialfield/bin'
[1.446s] Level 1:colcon.colcon_core.environment:checking '/home/milo/Desktop/MobileRoboter/Uebung4/install/potentialfield/lib/pkgconfig/potentialfield.pc'
[1.447s] Level 1:colcon.colcon_core.environment:checking '/home/milo/Desktop/MobileRoboter/Uebung4/install/potentialfield/lib/python3.8/site-packages'
[1.447s] Level 1:colcon.colcon_core.shell:create_environment_hook('potentialfield', 'pythonpath')
[1.447s] INFO:colcon.colcon_core.shell:Creating environment hook '/home/milo/Desktop/MobileRoboter/Uebung4/install/potentialfield/share/potentialfield/hook/pythonpath.ps1'
[1.447s] INFO:colcon.colcon_core.shell:Creating environment descriptor '/home/milo/Desktop/MobileRoboter/Uebung4/install/potentialfield/share/potentialfield/hook/pythonpath.dsv'
[1.448s] INFO:colcon.colcon_core.shell:Creating environment hook '/home/milo/Desktop/MobileRoboter/Uebung4/install/potentialfield/share/potentialfield/hook/pythonpath.sh'
[1.448s] Level 1:colcon.colcon_core.environment:checking '/home/milo/Desktop/MobileRoboter/Uebung4/install/potentialfield/bin'
[1.448s] Level 1:colcon.colcon_core.environment:create_environment_scripts_only(potentialfield)
[1.449s] INFO:colcon.colcon_core.shell:Creating package script '/home/milo/Desktop/MobileRoboter/Uebung4/install/potentialfield/share/potentialfield/package.ps1'
[1.454s] INFO:colcon.colcon_core.shell:Creating package descriptor '/home/milo/Desktop/MobileRoboter/Uebung4/install/potentialfield/share/potentialfield/package.dsv'
[1.465s] INFO:colcon.colcon_core.shell:Creating package script '/home/milo/Desktop/MobileRoboter/Uebung4/install/potentialfield/share/potentialfield/package.sh'
[1.465s] INFO:colcon.colcon_core.shell:Creating package script '/home/milo/Desktop/MobileRoboter/Uebung4/install/potentialfield/share/potentialfield/package.bash'
[1.466s] INFO:colcon.colcon_core.shell:Creating package script '/home/milo/Desktop/MobileRoboter/Uebung4/install/potentialfield/share/potentialfield/package.zsh'
[1.466s] Level 1:colcon.colcon_core.environment:create_file_with_runtime_dependencies(/home/milo/Desktop/MobileRoboter/Uebung4/install/potentialfield/share/colcon-core/packages/potentialfield)
[1.468s] Level 1:colcon.colcon_core.shell:create_environment_hook('corridor', 'pythonpath_develop')
[1.468s] INFO:colcon.colcon_core.shell:Creating environment hook '/home/milo/Desktop/MobileRoboter/Uebung4/build/corridor/share/corridor/hook/pythonpath_develop.ps1'
[1.469s] DEBUG:colcon.colcon_core.event_handler.log_command:Invoked command in '/home/milo/Desktop/MobileRoboter/Uebung4/build/corridor' returned '0': PYTHONPATH=/home/milo/Desktop/MobileRoboter/Uebung4/install/corridor/lib/python3.8/site-packages:${PYTHONPATH} /usr/bin/python3 setup.py develop --prefix /home/milo/Desktop/MobileRoboter/Uebung4/install/corridor --editable --build-directory /home/milo/Desktop/MobileRoboter/Uebung4/build/corridor/build --no-deps install_data --install-dir /home/milo/Desktop/MobileRoboter/Uebung4/install/corridor
[1.469s] INFO:colcon.colcon_core.shell:Creating environment descriptor '/home/milo/Desktop/MobileRoboter/Uebung4/build/corridor/share/corridor/hook/pythonpath_develop.dsv'
[1.469s] INFO:colcon.colcon_core.shell:Creating environment hook '/home/milo/Desktop/MobileRoboter/Uebung4/build/corridor/share/corridor/hook/pythonpath_develop.sh'
[1.470s] Level 1:colcon.colcon_core.environment:checking '/home/milo/Desktop/MobileRoboter/Uebung4/install/corridor' for CMake module files
[1.471s] Level 1:colcon.colcon_core.environment:checking '/home/milo/Desktop/MobileRoboter/Uebung4/install/corridor' for CMake config files
[1.471s] Level 1:colcon.colcon_core.environment:checking '/home/milo/Desktop/MobileRoboter/Uebung4/install/corridor/lib'
[1.471s] Level 1:colcon.colcon_core.environment:checking '/home/milo/Desktop/MobileRoboter/Uebung4/install/corridor/bin'
[1.471s] Level 1:colcon.colcon_core.environment:checking '/home/milo/Desktop/MobileRoboter/Uebung4/install/corridor/lib/pkgconfig/corridor.pc'
[1.471s] Level 1:colcon.colcon_core.environment:checking '/home/milo/Desktop/MobileRoboter/Uebung4/install/corridor/lib/python3.8/site-packages'
[1.471s] Level 1:colcon.colcon_core.shell:create_environment_hook('corridor', 'pythonpath')
[1.472s] INFO:colcon.colcon_core.shell:Creating environment hook '/home/milo/Desktop/MobileRoboter/Uebung4/install/corridor/share/corridor/hook/pythonpath.ps1'
[1.472s] INFO:colcon.colcon_core.shell:Creating environment descriptor '/home/milo/Desktop/MobileRoboter/Uebung4/install/corridor/share/corridor/hook/pythonpath.dsv'
[1.472s] INFO:colcon.colcon_core.shell:Creating environment hook '/home/milo/Desktop/MobileRoboter/Uebung4/install/corridor/share/corridor/hook/pythonpath.sh'
[1.473s] Level 1:colcon.colcon_core.environment:checking '/home/milo/Desktop/MobileRoboter/Uebung4/install/corridor/bin'
[1.473s] Level 1:colcon.colcon_core.environment:create_environment_scripts_only(corridor)
[1.473s] INFO:colcon.colcon_core.shell:Creating package script '/home/milo/Desktop/MobileRoboter/Uebung4/install/corridor/share/corridor/package.ps1'
[1.474s] INFO:colcon.colcon_core.shell:Creating package descriptor '/home/milo/Desktop/MobileRoboter/Uebung4/install/corridor/share/corridor/package.dsv'
[1.474s] INFO:colcon.colcon_core.shell:Creating package script '/home/milo/Desktop/MobileRoboter/Uebung4/install/corridor/share/corridor/package.sh'
[1.475s] INFO:colcon.colcon_core.shell:Creating package script '/home/milo/Desktop/MobileRoboter/Uebung4/install/corridor/share/corridor/package.bash'
[1.475s] INFO:colcon.colcon_core.shell:Creating package script '/home/milo/Desktop/MobileRoboter/Uebung4/install/corridor/share/corridor/package.zsh'
[1.476s] Level 1:colcon.colcon_core.environment:create_file_with_runtime_dependencies(/home/milo/Desktop/MobileRoboter/Uebung4/install/corridor/share/colcon-core/packages/corridor)
[2.198s] DEBUG:colcon.colcon_core.event_handler.log_command:Invoked command in '/home/milo/Desktop/MobileRoboter/Uebung4/build/turtlebot3_gazebo' returned '0': CMAKE_PREFIX_PATH=/opt/ros/foxy /usr/bin/cmake /home/milo/Desktop/MobileRoboter/Uebung4/src/turtlebot3_simulations/turtlebot3_gazebo -DAMENT_CMAKE_SYMLINK_INSTALL=1 -DCMAKE_INSTALL_PREFIX=/home/milo/Desktop/MobileRoboter/Uebung4/install/turtlebot3_gazebo
[2.201s] DEBUG:colcon.colcon_core.event_handler.log_command:Invoking command in '/home/milo/Desktop/MobileRoboter/Uebung4/build/turtlebot3_gazebo': CMAKE_PREFIX_PATH=/opt/ros/foxy /usr/bin/cmake --build /home/milo/Desktop/MobileRoboter/Uebung4/build/turtlebot3_gazebo -- -j12 -l12
[10.415s] DEBUG:colcon.colcon_core.event_handler.log_command:Invoked command in '/home/milo/Desktop/MobileRoboter/Uebung4/build/turtlebot3_gazebo' returned '0': CMAKE_PREFIX_PATH=/opt/ros/foxy /usr/bin/cmake --build /home/milo/Desktop/MobileRoboter/Uebung4/build/turtlebot3_gazebo -- -j12 -l12
[10.439s] DEBUG:colcon.colcon_core.event_handler.log_command:Invoking command in '/home/milo/Desktop/MobileRoboter/Uebung4/build/turtlebot3_gazebo': CMAKE_PREFIX_PATH=/opt/ros/foxy /usr/bin/cmake --install /home/milo/Desktop/MobileRoboter/Uebung4/build/turtlebot3_gazebo
[11.360s] Level 1:colcon.colcon_core.environment:create_environment_scripts_only(turtlebot3_gazebo)
[11.361s] Level 1:colcon.colcon_core.environment:checking '/home/milo/Desktop/MobileRoboter/Uebung4/install/turtlebot3_gazebo' for CMake module files
[11.361s] DEBUG:colcon.colcon_core.event_handler.log_command:Invoked command in '/home/milo/Desktop/MobileRoboter/Uebung4/build/turtlebot3_gazebo' returned '0': CMAKE_PREFIX_PATH=/opt/ros/foxy /usr/bin/cmake --install /home/milo/Desktop/MobileRoboter/Uebung4/build/turtlebot3_gazebo
[11.362s] Level 1:colcon.colcon_core.environment:checking '/home/milo/Desktop/MobileRoboter/Uebung4/install/turtlebot3_gazebo' for CMake config files
[11.362s] Level 1:colcon.colcon_core.shell:create_environment_hook('turtlebot3_gazebo', 'cmake_prefix_path')
[11.362s] INFO:colcon.colcon_core.shell:Creating environment hook '/home/milo/Desktop/MobileRoboter/Uebung4/install/turtlebot3_gazebo/share/turtlebot3_gazebo/hook/cmake_prefix_path.ps1'
[11.363s] INFO:colcon.colcon_core.shell:Creating environment descriptor '/home/milo/Desktop/MobileRoboter/Uebung4/install/turtlebot3_gazebo/share/turtlebot3_gazebo/hook/cmake_prefix_path.dsv'
[11.363s] INFO:colcon.colcon_core.shell:Creating environment hook '/home/milo/Desktop/MobileRoboter/Uebung4/install/turtlebot3_gazebo/share/turtlebot3_gazebo/hook/cmake_prefix_path.sh'
[11.363s] Level 1:colcon.colcon_core.environment:checking '/home/milo/Desktop/MobileRoboter/Uebung4/install/turtlebot3_gazebo/lib'
[11.364s] Level 1:colcon.colcon_core.environment:checking '/home/milo/Desktop/MobileRoboter/Uebung4/install/turtlebot3_gazebo/bin'
[11.364s] Level 1:colcon.colcon_core.environment:checking '/home/milo/Desktop/MobileRoboter/Uebung4/install/turtlebot3_gazebo/lib/pkgconfig/turtlebot3_gazebo.pc'
[11.364s] Level 1:colcon.colcon_core.environment:checking '/home/milo/Desktop/MobileRoboter/Uebung4/install/turtlebot3_gazebo/lib/python3.8/site-packages'
[11.364s] Level 1:colcon.colcon_core.environment:checking '/home/milo/Desktop/MobileRoboter/Uebung4/install/turtlebot3_gazebo/bin'
[11.364s] INFO:colcon.colcon_core.shell:Creating package script '/home/milo/Desktop/MobileRoboter/Uebung4/install/turtlebot3_gazebo/share/turtlebot3_gazebo/package.ps1'
[11.365s] INFO:colcon.colcon_core.shell:Creating package descriptor '/home/milo/Desktop/MobileRoboter/Uebung4/install/turtlebot3_gazebo/share/turtlebot3_gazebo/package.dsv'
[11.365s] INFO:colcon.colcon_core.shell:Creating package script '/home/milo/Desktop/MobileRoboter/Uebung4/install/turtlebot3_gazebo/share/turtlebot3_gazebo/package.sh'
[11.365s] INFO:colcon.colcon_core.shell:Creating package script '/home/milo/Desktop/MobileRoboter/Uebung4/install/turtlebot3_gazebo/share/turtlebot3_gazebo/package.bash'
[11.366s] INFO:colcon.colcon_core.shell:Creating package script '/home/milo/Desktop/MobileRoboter/Uebung4/install/turtlebot3_gazebo/share/turtlebot3_gazebo/package.zsh'
[11.366s] Level 1:colcon.colcon_core.environment:create_file_with_runtime_dependencies(/home/milo/Desktop/MobileRoboter/Uebung4/install/turtlebot3_gazebo/share/colcon-core/packages/turtlebot3_gazebo)
[11.388s] Level 1:colcon.colcon_core.environment:create_environment_scripts_only(turtlebot3_gazebo)
[11.389s] Level 1:colcon.colcon_core.environment:checking '/home/milo/Desktop/MobileRoboter/Uebung4/install/turtlebot3_gazebo' for CMake module files
[11.389s] Level 1:colcon.colcon_core.environment:checking '/home/milo/Desktop/MobileRoboter/Uebung4/install/turtlebot3_gazebo' for CMake config files
[11.389s] Level 1:colcon.colcon_core.shell:create_environment_hook('turtlebot3_gazebo', 'cmake_prefix_path')
[11.390s] INFO:colcon.colcon_core.shell:Creating environment hook '/home/milo/Desktop/MobileRoboter/Uebung4/install/turtlebot3_gazebo/share/turtlebot3_gazebo/hook/cmake_prefix_path.ps1'
[11.390s] INFO:colcon.colcon_core.shell:Creating environment descriptor '/home/milo/Desktop/MobileRoboter/Uebung4/install/turtlebot3_gazebo/share/turtlebot3_gazebo/hook/cmake_prefix_path.dsv'
[11.390s] INFO:colcon.colcon_core.shell:Creating environment hook '/home/milo/Desktop/MobileRoboter/Uebung4/install/turtlebot3_gazebo/share/turtlebot3_gazebo/hook/cmake_prefix_path.sh'
[11.391s] Level 1:colcon.colcon_core.environment:checking '/home/milo/Desktop/MobileRoboter/Uebung4/install/turtlebot3_gazebo/lib'
[11.391s] Level 1:colcon.colcon_core.environment:checking '/home/milo/Desktop/MobileRoboter/Uebung4/install/turtlebot3_gazebo/bin'
[11.391s] Level 1:colcon.colcon_core.environment:checking '/home/milo/Desktop/MobileRoboter/Uebung4/install/turtlebot3_gazebo/lib/pkgconfig/turtlebot3_gazebo.pc'
[11.391s] Level 1:colcon.colcon_core.environment:checking '/home/milo/Desktop/MobileRoboter/Uebung4/install/turtlebot3_gazebo/lib/python3.8/site-packages'
[11.391s] Level 1:colcon.colcon_core.environment:checking '/home/milo/Desktop/MobileRoboter/Uebung4/install/turtlebot3_gazebo/bin'
[11.392s] INFO:colcon.colcon_core.shell:Creating package script '/home/milo/Desktop/MobileRoboter/Uebung4/install/turtlebot3_gazebo/share/turtlebot3_gazebo/package.ps1'
[11.392s] INFO:colcon.colcon_core.shell:Creating package descriptor '/home/milo/Desktop/MobileRoboter/Uebung4/install/turtlebot3_gazebo/share/turtlebot3_gazebo/package.dsv'
[11.392s] INFO:colcon.colcon_core.shell:Creating package script '/home/milo/Desktop/MobileRoboter/Uebung4/install/turtlebot3_gazebo/share/turtlebot3_gazebo/package.sh'
[11.393s] INFO:colcon.colcon_core.shell:Creating package script '/home/milo/Desktop/MobileRoboter/Uebung4/install/turtlebot3_gazebo/share/turtlebot3_gazebo/package.bash'
[11.393s] INFO:colcon.colcon_core.shell:Creating package script '/home/milo/Desktop/MobileRoboter/Uebung4/install/turtlebot3_gazebo/share/turtlebot3_gazebo/package.zsh'
[11.393s] Level 1:colcon.colcon_core.environment:create_file_with_runtime_dependencies(/home/milo/Desktop/MobileRoboter/Uebung4/install/turtlebot3_gazebo/share/colcon-core/packages/turtlebot3_gazebo)
[11.394s] INFO:colcon.colcon_ros.task.ament_cmake.build:Building ROS package in '/home/milo/Desktop/MobileRoboter/Uebung4/src/turtlebot3_simulations/turtlebot3_simulations' with build type 'ament_cmake'
[11.394s] INFO:colcon.colcon_cmake.task.cmake.build:Building CMake package in '/home/milo/Desktop/MobileRoboter/Uebung4/src/turtlebot3_simulations/turtlebot3_simulations'
[11.394s] INFO:colcon.colcon_core.shell:Skip shell extension 'powershell' for command environment: Not usable outside of PowerShell
[11.394s] DEBUG:colcon.colcon_core.shell:Skip shell extension 'dsv' for command environment
[11.402s] DEBUG:colcon.colcon_core.event_handler.log_command:Invoking command in '/home/milo/Desktop/MobileRoboter/Uebung4/build/turtlebot3_simulations': AMENT_PREFIX_PATH=/home/milo/Desktop/MobileRoboter/Uebung4/install/turtlebot3_gazebo:/home/milo/Desktop/MobileRoboter/Uebung4/install/turtlebot3_fake_node:${AMENT_PREFIX_PATH} CMAKE_PREFIX_PATH=/home/milo/Desktop/MobileRoboter/Uebung4/install/turtlebot3_gazebo:/home/milo/Desktop/MobileRoboter/Uebung4/install/turtlebot3_fake_node:/opt/ros/foxy /usr/bin/cmake /home/milo/Desktop/MobileRoboter/Uebung4/src/turtlebot3_simulations/turtlebot3_simulations -DAMENT_CMAKE_SYMLINK_INSTALL=1 -DCMAKE_INSTALL_PREFIX=/home/milo/Desktop/MobileRoboter/Uebung4/install/turtlebot3_simulations
[12.030s] DEBUG:colcon.colcon_core.event_handler.log_command:Invoked command in '/home/milo/Desktop/MobileRoboter/Uebung4/build/turtlebot3_simulations' returned '0': AMENT_PREFIX_PATH=/home/milo/Desktop/MobileRoboter/Uebung4/install/turtlebot3_gazebo:/home/milo/Desktop/MobileRoboter/Uebung4/install/turtlebot3_fake_node:${AMENT_PREFIX_PATH} CMAKE_PREFIX_PATH=/home/milo/Desktop/MobileRoboter/Uebung4/install/turtlebot3_gazebo:/home/milo/Desktop/MobileRoboter/Uebung4/install/turtlebot3_fake_node:/opt/ros/foxy /usr/bin/cmake /home/milo/Desktop/MobileRoboter/Uebung4/src/turtlebot3_simulations/turtlebot3_simulations -DAMENT_CMAKE_SYMLINK_INSTALL=1 -DCMAKE_INSTALL_PREFIX=/home/milo/Desktop/MobileRoboter/Uebung4/install/turtlebot3_simulations
[12.032s] DEBUG:colcon.colcon_core.event_handler.log_command:Invoking command in '/home/milo/Desktop/MobileRoboter/Uebung4/build/turtlebot3_simulations': AMENT_PREFIX_PATH=/home/milo/Desktop/MobileRoboter/Uebung4/install/turtlebot3_gazebo:/home/milo/Desktop/MobileRoboter/Uebung4/install/turtlebot3_fake_node:${AMENT_PREFIX_PATH} CMAKE_PREFIX_PATH=/home/milo/Desktop/MobileRoboter/Uebung4/install/turtlebot3_gazebo:/home/milo/Desktop/MobileRoboter/Uebung4/install/turtlebot3_fake_node:/opt/ros/foxy /usr/bin/cmake --build /home/milo/Desktop/MobileRoboter/Uebung4/build/turtlebot3_simulations -- -j12 -l12
[12.059s] DEBUG:colcon.colcon_core.event_handler.log_command:Invoked command in '/home/milo/Desktop/MobileRoboter/Uebung4/build/turtlebot3_simulations' returned '0': AMENT_PREFIX_PATH=/home/milo/Desktop/MobileRoboter/Uebung4/install/turtlebot3_gazebo:/home/milo/Desktop/MobileRoboter/Uebung4/install/turtlebot3_fake_node:${AMENT_PREFIX_PATH} CMAKE_PREFIX_PATH=/home/milo/Desktop/MobileRoboter/Uebung4/install/turtlebot3_gazebo:/home/milo/Desktop/MobileRoboter/Uebung4/install/turtlebot3_fake_node:/opt/ros/foxy /usr/bin/cmake --build /home/milo/Desktop/MobileRoboter/Uebung4/build/turtlebot3_simulations -- -j12 -l12
[12.076s] DEBUG:colcon.colcon_core.event_handler.log_command:Invoking command in '/home/milo/Desktop/MobileRoboter/Uebung4/build/turtlebot3_simulations': AMENT_PREFIX_PATH=/home/milo/Desktop/MobileRoboter/Uebung4/install/turtlebot3_gazebo:/home/milo/Desktop/MobileRoboter/Uebung4/install/turtlebot3_fake_node:${AMENT_PREFIX_PATH} CMAKE_PREFIX_PATH=/home/milo/Desktop/MobileRoboter/Uebung4/install/turtlebot3_gazebo:/home/milo/Desktop/MobileRoboter/Uebung4/install/turtlebot3_fake_node:/opt/ros/foxy /usr/bin/cmake --install /home/milo/Desktop/MobileRoboter/Uebung4/build/turtlebot3_simulations
[12.185s] Level 1:colcon.colcon_core.environment:create_environment_scripts_only(turtlebot3_simulations)
[12.186s] Level 1:colcon.colcon_core.environment:checking '/home/milo/Desktop/MobileRoboter/Uebung4/install/turtlebot3_simulations' for CMake module files
[12.186s] DEBUG:colcon.colcon_core.event_handler.log_command:Invoked command in '/home/milo/Desktop/MobileRoboter/Uebung4/build/turtlebot3_simulations' returned '0': AMENT_PREFIX_PATH=/home/milo/Desktop/MobileRoboter/Uebung4/install/turtlebot3_gazebo:/home/milo/Desktop/MobileRoboter/Uebung4/install/turtlebot3_fake_node:${AMENT_PREFIX_PATH} CMAKE_PREFIX_PATH=/home/milo/Desktop/MobileRoboter/Uebung4/install/turtlebot3_gazebo:/home/milo/Desktop/MobileRoboter/Uebung4/install/turtlebot3_fake_node:/opt/ros/foxy /usr/bin/cmake --install /home/milo/Desktop/MobileRoboter/Uebung4/build/turtlebot3_simulations
[12.186s] Level 1:colcon.colcon_core.environment:checking '/home/milo/Desktop/MobileRoboter/Uebung4/install/turtlebot3_simulations' for CMake config files
[12.187s] Level 1:colcon.colcon_core.shell:create_environment_hook('turtlebot3_simulations', 'cmake_prefix_path')
[12.187s] INFO:colcon.colcon_core.shell:Creating environment hook '/home/milo/Desktop/MobileRoboter/Uebung4/install/turtlebot3_simulations/share/turtlebot3_simulations/hook/cmake_prefix_path.ps1'
[12.187s] INFO:colcon.colcon_core.shell:Creating environment descriptor '/home/milo/Desktop/MobileRoboter/Uebung4/install/turtlebot3_simulations/share/turtlebot3_simulations/hook/cmake_prefix_path.dsv'
[12.188s] INFO:colcon.colcon_core.shell:Creating environment hook '/home/milo/Desktop/MobileRoboter/Uebung4/install/turtlebot3_simulations/share/turtlebot3_simulations/hook/cmake_prefix_path.sh'
[12.188s] Level 1:colcon.colcon_core.environment:checking '/home/milo/Desktop/MobileRoboter/Uebung4/install/turtlebot3_simulations/bin'
[12.188s] Level 1:colcon.colcon_core.environment:checking '/home/milo/Desktop/MobileRoboter/Uebung4/install/turtlebot3_simulations/lib/pkgconfig/turtlebot3_simulations.pc'
[12.188s] Level 1:colcon.colcon_core.environment:checking '/home/milo/Desktop/MobileRoboter/Uebung4/install/turtlebot3_simulations/lib/python3.8/site-packages'
[12.189s] Level 1:colcon.colcon_core.environment:checking '/home/milo/Desktop/MobileRoboter/Uebung4/install/turtlebot3_simulations/bin'
[12.189s] INFO:colcon.colcon_core.shell:Creating package script '/home/milo/Desktop/MobileRoboter/Uebung4/install/turtlebot3_simulations/share/turtlebot3_simulations/package.ps1'
[12.189s] INFO:colcon.colcon_core.shell:Creating package descriptor '/home/milo/Desktop/MobileRoboter/Uebung4/install/turtlebot3_simulations/share/turtlebot3_simulations/package.dsv'
[12.190s] INFO:colcon.colcon_core.shell:Creating package script '/home/milo/Desktop/MobileRoboter/Uebung4/install/turtlebot3_simulations/share/turtlebot3_simulations/package.sh'
[12.190s] INFO:colcon.colcon_core.shell:Creating package script '/home/milo/Desktop/MobileRoboter/Uebung4/install/turtlebot3_simulations/share/turtlebot3_simulations/package.bash'
[12.190s] INFO:colcon.colcon_core.shell:Creating package script '/home/milo/Desktop/MobileRoboter/Uebung4/install/turtlebot3_simulations/share/turtlebot3_simulations/package.zsh'
[12.191s] Level 1:colcon.colcon_core.environment:create_file_with_runtime_dependencies(/home/milo/Desktop/MobileRoboter/Uebung4/install/turtlebot3_simulations/share/colcon-core/packages/turtlebot3_simulations)
[12.206s] Level 1:colcon.colcon_core.environment:create_environment_scripts_only(turtlebot3_simulations)
[12.207s] Level 1:colcon.colcon_core.environment:checking '/home/milo/Desktop/MobileRoboter/Uebung4/install/turtlebot3_simulations' for CMake module files
[12.208s] Level 1:colcon.colcon_core.environment:checking '/home/milo/Desktop/MobileRoboter/Uebung4/install/turtlebot3_simulations' for CMake config files
[12.208s] Level 1:colcon.colcon_core.shell:create_environment_hook('turtlebot3_simulations', 'cmake_prefix_path')
[12.208s] INFO:colcon.colcon_core.shell:Creating environment hook '/home/milo/Desktop/MobileRoboter/Uebung4/install/turtlebot3_simulations/share/turtlebot3_simulations/hook/cmake_prefix_path.ps1'
[12.209s] INFO:colcon.colcon_core.shell:Creating environment descriptor '/home/milo/Desktop/MobileRoboter/Uebung4/install/turtlebot3_simulations/share/turtlebot3_simulations/hook/cmake_prefix_path.dsv'
[12.209s] INFO:colcon.colcon_core.shell:Creating environment hook '/home/milo/Desktop/MobileRoboter/Uebung4/install/turtlebot3_simulations/share/turtlebot3_simulations/hook/cmake_prefix_path.sh'
[12.210s] Level 1:colcon.colcon_core.environment:checking '/home/milo/Desktop/MobileRoboter/Uebung4/install/turtlebot3_simulations/bin'
[12.210s] Level 1:colcon.colcon_core.environment:checking '/home/milo/Desktop/MobileRoboter/Uebung4/install/turtlebot3_simulations/lib/pkgconfig/turtlebot3_simulations.pc'
[12.210s] Level 1:colcon.colcon_core.environment:checking '/home/milo/Desktop/MobileRoboter/Uebung4/install/turtlebot3_simulations/lib/python3.8/site-packages'
[12.210s] Level 1:colcon.colcon_core.environment:checking '/home/milo/Desktop/MobileRoboter/Uebung4/install/turtlebot3_simulations/bin'
[12.211s] INFO:colcon.colcon_core.shell:Creating package script '/home/milo/Desktop/MobileRoboter/Uebung4/install/turtlebot3_simulations/share/turtlebot3_simulations/package.ps1'
[12.211s] INFO:colcon.colcon_core.shell:Creating package descriptor '/home/milo/Desktop/MobileRoboter/Uebung4/install/turtlebot3_simulations/share/turtlebot3_simulations/package.dsv'
[12.211s] INFO:colcon.colcon_core.shell:Creating package script '/home/milo/Desktop/MobileRoboter/Uebung4/install/turtlebot3_simulations/share/turtlebot3_simulations/package.sh'
[12.211s] INFO:colcon.colcon_core.shell:Creating package script '/home/milo/Desktop/MobileRoboter/Uebung4/install/turtlebot3_simulations/share/turtlebot3_simulations/package.bash'
[12.212s] INFO:colcon.colcon_core.shell:Creating package script '/home/milo/Desktop/MobileRoboter/Uebung4/install/turtlebot3_simulations/share/turtlebot3_simulations/package.zsh'
[12.212s] Level 1:colcon.colcon_core.environment:create_file_with_runtime_dependencies(/home/milo/Desktop/MobileRoboter/Uebung4/install/turtlebot3_simulations/share/colcon-core/packages/turtlebot3_simulations)
[12.212s] DEBUG:colcon.colcon_parallel_executor.executor.parallel:closing loop
[12.213s] DEBUG:colcon.colcon_parallel_executor.executor.parallel:loop closed
[12.213s] DEBUG:colcon.colcon_parallel_executor.executor.parallel:run_until_complete finished with '0'
[12.213s] DEBUG:colcon.colcon_core.event_reactor:joining thread
[12.218s] INFO:colcon.colcon_core.plugin_system:Skipping extension 'colcon_notification.desktop_notification.terminal_notifier': Not used on non-Darwin systems
[12.218s] INFO:colcon.colcon_core.plugin_system:Skipping extension 'colcon_notification.desktop_notification.win32': Not used on non-Windows systems
[12.218s] INFO:colcon.colcon_notification.desktop_notification:Sending desktop notification using 'notify2'
[12.231s] DEBUG:colcon.colcon_core.event_reactor:joined thread
[12.231s] INFO:colcon.colcon_core.shell:Creating prefix script '/home/milo/Desktop/MobileRoboter/Uebung4/install/local_setup.ps1'
[12.232s] INFO:colcon.colcon_core.shell:Creating prefix util module '/home/milo/Desktop/MobileRoboter/Uebung4/install/_local_setup_util_ps1.py'
[12.233s] INFO:colcon.colcon_core.shell:Creating prefix chain script '/home/milo/Desktop/MobileRoboter/Uebung4/install/setup.ps1'
[12.234s] INFO:colcon.colcon_core.shell:Creating prefix script '/home/milo/Desktop/MobileRoboter/Uebung4/install/local_setup.sh'
[12.234s] INFO:colcon.colcon_core.shell:Creating prefix util module '/home/milo/Desktop/MobileRoboter/Uebung4/install/_local_setup_util_sh.py'
[12.234s] INFO:colcon.colcon_core.shell:Creating prefix chain script '/home/milo/Desktop/MobileRoboter/Uebung4/install/setup.sh'
[12.235s] INFO:colcon.colcon_core.shell:Creating prefix script '/home/milo/Desktop/MobileRoboter/Uebung4/install/local_setup.bash'
[12.235s] INFO:colcon.colcon_core.shell:Creating prefix chain script '/home/milo/Desktop/MobileRoboter/Uebung4/install/setup.bash'
[12.236s] INFO:colcon.colcon_core.shell:Creating prefix script '/home/milo/Desktop/MobileRoboter/Uebung4/install/local_setup.zsh'
[12.236s] INFO:colcon.colcon_core.shell:Creating prefix chain script '/home/milo/Desktop/MobileRoboter/Uebung4/install/setup.zsh'
