[0.007s] Invoking command in '/home/milo/Desktop/MobileRoboter/Uebung4/build/turtlebot3_simulations': AMENT_PREFIX_PATH=/home/milo/Desktop/MobileRoboter/Uebung4/install/turtlebot3_gazebo:/home/milo/Desktop/MobileRoboter/Uebung4/install/turtlebot3_fake_node:${AMENT_PREFIX_PATH} CMAKE_PREFIX_PATH=/home/milo/Desktop/MobileRoboter/Uebung4/install/turtlebot3_gazebo:/home/milo/Desktop/MobileRoboter/Uebung4/install/turtlebot3_fake_node:/opt/ros/foxy /usr/bin/cmake /home/milo/Desktop/MobileRoboter/Uebung4/src/turtlebot3_simulations/turtlebot3_simulations -DAMENT_CMAKE_SYMLINK_INSTALL=1 -DCMAKE_INSTALL_PREFIX=/home/milo/Desktop/MobileRoboter/Uebung4/install/turtlebot3_simulations
[0.047s] -- The C compiler identification is GNU 9.4.0
[0.087s] -- The CXX compiler identification is GNU 9.4.0
[0.090s] -- Check for working C compiler: /usr/bin/cc
[0.149s] -- Check for working C compiler: /usr/bin/cc -- works
[0.150s] -- Detecting C compiler ABI info
[0.231s] -- Detecting C compiler ABI info - done
[0.249s] -- Detecting C compile features
[0.249s] -- Detecting C compile features - done
[0.253s] -- Check for working CXX compiler: /usr/bin/c++
[0.336s] -- Check for working CXX compiler: /usr/bin/c++ -- works
[0.337s] -- Detecting CXX compiler ABI info
[0.410s] -- Detecting CXX compiler ABI info - done
[0.420s] -- Detecting CXX compile features
[0.420s] -- Detecting CXX compile features - done
[0.422s] -- Found ament_cmake: 0.9.9 (/opt/ros/foxy/share/ament_cmake/cmake)
[0.440s] -- Found PythonInterp: /usr/bin/python3 (found suitable version "3.8.10", minimum required is "3") 
[0.440s] -- Using PYTHON_EXECUTABLE: /usr/bin/python3
[0.566s] -- Override CMake install command with custom implementation using symlinks instead of copying resources
[0.630s] -- Configuring done
[0.631s] -- Generating done
[0.632s] -- Build files have been written to: /home/milo/Desktop/MobileRoboter/Uebung4/build/turtlebot3_simulations
[0.635s] Invoked command in '/home/milo/Desktop/MobileRoboter/Uebung4/build/turtlebot3_simulations' returned '0': AMENT_PREFIX_PATH=/home/milo/Desktop/MobileRoboter/Uebung4/install/turtlebot3_gazebo:/home/milo/Desktop/MobileRoboter/Uebung4/install/turtlebot3_fake_node:${AMENT_PREFIX_PATH} CMAKE_PREFIX_PATH=/home/milo/Desktop/MobileRoboter/Uebung4/install/turtlebot3_gazebo:/home/milo/Desktop/MobileRoboter/Uebung4/install/turtlebot3_fake_node:/opt/ros/foxy /usr/bin/cmake /home/milo/Desktop/MobileRoboter/Uebung4/src/turtlebot3_simulations/turtlebot3_simulations -DAMENT_CMAKE_SYMLINK_INSTALL=1 -DCMAKE_INSTALL_PREFIX=/home/milo/Desktop/MobileRoboter/Uebung4/install/turtlebot3_simulations
[0.637s] Invoking command in '/home/milo/Desktop/MobileRoboter/Uebung4/build/turtlebot3_simulations': AMENT_PREFIX_PATH=/home/milo/Desktop/MobileRoboter/Uebung4/install/turtlebot3_gazebo:/home/milo/Desktop/MobileRoboter/Uebung4/install/turtlebot3_fake_node:${AMENT_PREFIX_PATH} CMAKE_PREFIX_PATH=/home/milo/Desktop/MobileRoboter/Uebung4/install/turtlebot3_gazebo:/home/milo/Desktop/MobileRoboter/Uebung4/install/turtlebot3_fake_node:/opt/ros/foxy /usr/bin/cmake --build /home/milo/Desktop/MobileRoboter/Uebung4/build/turtlebot3_simulations -- -j12 -l12
[0.664s] Invoked command in '/home/milo/Desktop/MobileRoboter/Uebung4/build/turtlebot3_simulations' returned '0': AMENT_PREFIX_PATH=/home/milo/Desktop/MobileRoboter/Uebung4/install/turtlebot3_gazebo:/home/milo/Desktop/MobileRoboter/Uebung4/install/turtlebot3_fake_node:${AMENT_PREFIX_PATH} CMAKE_PREFIX_PATH=/home/milo/Desktop/MobileRoboter/Uebung4/install/turtlebot3_gazebo:/home/milo/Desktop/MobileRoboter/Uebung4/install/turtlebot3_fake_node:/opt/ros/foxy /usr/bin/cmake --build /home/milo/Desktop/MobileRoboter/Uebung4/build/turtlebot3_simulations -- -j12 -l12
[0.681s] Invoking command in '/home/milo/Desktop/MobileRoboter/Uebung4/build/turtlebot3_simulations': AMENT_PREFIX_PATH=/home/milo/Desktop/MobileRoboter/Uebung4/install/turtlebot3_gazebo:/home/milo/Desktop/MobileRoboter/Uebung4/install/turtlebot3_fake_node:${AMENT_PREFIX_PATH} CMAKE_PREFIX_PATH=/home/milo/Desktop/MobileRoboter/Uebung4/install/turtlebot3_gazebo:/home/milo/Desktop/MobileRoboter/Uebung4/install/turtlebot3_fake_node:/opt/ros/foxy /usr/bin/cmake --install /home/milo/Desktop/MobileRoboter/Uebung4/build/turtlebot3_simulations
[0.687s] -- Install configuration: ""
[0.687s] -- Execute custom install script
[0.688s] -- Symlinking: /home/milo/Desktop/MobileRoboter/Uebung4/install/turtlebot3_simulations/share/ament_index/resource_index/package_run_dependencies/turtlebot3_simulations
[0.694s] -- Symlinking: /home/milo/Desktop/MobileRoboter/Uebung4/install/turtlebot3_simulations/share/ament_index/resource_index/parent_prefix_path/turtlebot3_simulations
[0.701s] -- Symlinking: /home/milo/Desktop/MobileRoboter/Uebung4/install/turtlebot3_simulations/share/turtlebot3_simulations/environment/ament_prefix_path.sh
[0.707s] -- Symlinking: /home/milo/Desktop/MobileRoboter/Uebung4/install/turtlebot3_simulations/share/turtlebot3_simulations/environment/ament_prefix_path.dsv
[0.714s] -- Symlinking: /home/milo/Desktop/MobileRoboter/Uebung4/install/turtlebot3_simulations/share/turtlebot3_simulations/environment/path.sh
[0.721s] -- Symlinking: /home/milo/Desktop/MobileRoboter/Uebung4/install/turtlebot3_simulations/share/turtlebot3_simulations/environment/path.dsv
[0.728s] -- Symlinking: /home/milo/Desktop/MobileRoboter/Uebung4/install/turtlebot3_simulations/share/turtlebot3_simulations/local_setup.bash
[0.735s] -- Symlinking: /home/milo/Desktop/MobileRoboter/Uebung4/install/turtlebot3_simulations/share/turtlebot3_simulations/local_setup.sh
[0.743s] -- Symlinking: /home/milo/Desktop/MobileRoboter/Uebung4/install/turtlebot3_simulations/share/turtlebot3_simulations/local_setup.zsh
[0.749s] -- Symlinking: /home/milo/Desktop/MobileRoboter/Uebung4/install/turtlebot3_simulations/share/turtlebot3_simulations/local_setup.dsv
[0.756s] -- Symlinking: /home/milo/Desktop/MobileRoboter/Uebung4/install/turtlebot3_simulations/share/turtlebot3_simulations/package.dsv
[0.763s] -- Symlinking: /home/milo/Desktop/MobileRoboter/Uebung4/install/turtlebot3_simulations/share/ament_index/resource_index/packages/turtlebot3_simulations
[0.769s] -- Symlinking: /home/milo/Desktop/MobileRoboter/Uebung4/install/turtlebot3_simulations/share/turtlebot3_simulations/cmake/turtlebot3_simulationsConfig.cmake
[0.776s] -- Symlinking: /home/milo/Desktop/MobileRoboter/Uebung4/install/turtlebot3_simulations/share/turtlebot3_simulations/cmake/turtlebot3_simulationsConfig-version.cmake
[0.782s] -- Symlinking: /home/milo/Desktop/MobileRoboter/Uebung4/install/turtlebot3_simulations/share/turtlebot3_simulations/package.xml
[0.791s] Invoked command in '/home/milo/Desktop/MobileRoboter/Uebung4/build/turtlebot3_simulations' returned '0': AMENT_PREFIX_PATH=/home/milo/Desktop/MobileRoboter/Uebung4/install/turtlebot3_gazebo:/home/milo/Desktop/MobileRoboter/Uebung4/install/turtlebot3_fake_node:${AMENT_PREFIX_PATH} CMAKE_PREFIX_PATH=/home/milo/Desktop/MobileRoboter/Uebung4/install/turtlebot3_gazebo:/home/milo/Desktop/MobileRoboter/Uebung4/install/turtlebot3_fake_node:/opt/ros/foxy /usr/bin/cmake --install /home/milo/Desktop/MobileRoboter/Uebung4/build/turtlebot3_simulations
