running develop
running egg_info
writing ../../build/potentialfield/potentialfield.egg-info/PKG-INFO
writing dependency_links to ../../build/potentialfield/potentialfield.egg-info/dependency_links.txt
writing entry points to ../../build/potentialfield/potentialfield.egg-info/entry_points.txt
writing requirements to ../../build/potentialfield/potentialfield.egg-info/requires.txt
writing top-level names to ../../build/potentialfield/potentialfield.egg-info/top_level.txt
reading manifest file '../../build/potentialfield/potentialfield.egg-info/SOURCES.txt'
writing manifest file '../../build/potentialfield/potentialfield.egg-info/SOURCES.txt'
running build
running build_py
running install
running install_lib
running install_data
running install_egg_info
removing '/home/milo/Desktop/MobileRoboter/Uebung4/install/potentialfield/lib/python3.8/site-packages/potentialfield-0.0.0-py3.8.egg-info' (and everything under it)
Copying ../../build/potentialfield/potentialfield.egg-info to /home/milo/Desktop/MobileRoboter/Uebung4/install/potentialfield/lib/python3.8/site-packages/potentialfield-0.0.0-py3.8.egg-info
running install_scripts
Installing potentialfield script to /home/milo/Desktop/MobileRoboter/Uebung4/install/potentialfield/lib/potentialfield
writing list of installed files to '/home/milo/Desktop/MobileRoboter/Uebung4/build/potentialfield/install.log'
