[0.027s] Invoking command in '/home/milo/Desktop/MobileRoboter/Uebung4/build/turtlebot3_gazebo': CMAKE_PREFIX_PATH=/opt/ros/foxy /usr/bin/cmake /home/milo/Desktop/MobileRoboter/Uebung4/src/turtlebot3_simulations/turtlebot3_gazebo -DAMENT_CMAKE_SYMLINK_INSTALL=1 -DCMAKE_INSTALL_PREFIX=/home/milo/Desktop/MobileRoboter/Uebung4/install/turtlebot3_gazebo
[0.353s] -- Found ament_cmake: 0.9.9 (/opt/ros/foxy/share/ament_cmake/cmake)
[0.353s] -- Using PYTHON_EXECUTABLE: /usr/bin/python3
[0.353s] -- Override CMake install command with custom implementation using symlinks instead of copying resources
[0.353s] -- Found PkgConfig: /usr/bin/pkg-config (found version "0.29.1") 
[0.353s] -- Checking for module 'bullet>=2.82'
[0.354s] --   Found bullet, version 2.88
[0.354s] -- Found ccd: /usr/include (found suitable version "2.0", minimum required is "2.0") 
[0.354s] -- Found fcl: /usr/include (found suitable version "0.5.0", minimum required is "0.3.2") 
[0.375s] -- Found assimp: /usr/include (found version "5.0.0") 
[0.413s] -- Found DART: /usr/include (Required is at least version "6.6") found components: dart 
[0.676s] -- Found Boost: /usr/lib/x86_64-linux-gnu/cmake/Boost-1.71.0/BoostConfig.cmake (found suitable version "1.71.0", minimum required is "1.40.0") found components: thread system filesystem program_options regex iostreams date_time 
[0.698s] -- Found Protobuf: /usr/lib/x86_64-linux-gnu/libprotobuf.so;-lpthread (found version "3.6.1") 
[0.702s] -- Looking for ignition-math6 -- found version 6.10.0
[0.709s] -- Searching for dependencies of ignition-math6
[0.711s] -- Looking for OGRE...
[0.711s] -- OGRE_PREFIX_WATCH changed.
[0.715s] -- Checking for module 'OGRE'
[0.726s] --   Found OGRE, version 1.9.0
[0.756s] -- Found Ogre Ghadamon (1.9.0)
[0.763s] -- Found OGRE: optimized;/usr/lib/x86_64-linux-gnu/libOgreMain.so;debug;/usr/lib/x86_64-linux-gnu/libOgreMain.so
[0.771s] -- Looking for OGRE_Paging...
[0.775s] -- Found OGRE_Paging: optimized;/usr/lib/x86_64-linux-gnu/libOgrePaging.so;debug;/usr/lib/x86_64-linux-gnu/libOgrePaging.so
[0.775s] -- Looking for OGRE_Terrain...
[0.779s] -- Found OGRE_Terrain: optimized;/usr/lib/x86_64-linux-gnu/libOgreTerrain.so;debug;/usr/lib/x86_64-linux-gnu/libOgreTerrain.so
[0.780s] -- Looking for OGRE_Property...
[0.784s] -- Found OGRE_Property: optimized;/usr/lib/x86_64-linux-gnu/libOgreProperty.so;debug;/usr/lib/x86_64-linux-gnu/libOgreProperty.so
[0.784s] -- Looking for OGRE_RTShaderSystem...
[0.788s] -- Found OGRE_RTShaderSystem: optimized;/usr/lib/x86_64-linux-gnu/libOgreRTShaderSystem.so;debug;/usr/lib/x86_64-linux-gnu/libOgreRTShaderSystem.so
[0.788s] -- Looking for OGRE_Volume...
[0.792s] -- Found OGRE_Volume: optimized;/usr/lib/x86_64-linux-gnu/libOgreVolume.so;debug;/usr/lib/x86_64-linux-gnu/libOgreVolume.so
[0.792s] -- Looking for OGRE_Overlay...
[0.797s] -- Found OGRE_Overlay: optimized;/usr/lib/x86_64-linux-gnu/libOgreOverlay.so;debug;/usr/lib/x86_64-linux-gnu/libOgreOverlay.so
[0.918s] -- Looking for ignition-math6 -- found version 6.10.0
[0.919s] -- Looking for ignition-transport8 -- found version 8.2.1
[0.919s] -- Searching for dependencies of ignition-transport8
[0.937s] -- Found Protobuf: /usr/lib/x86_64-linux-gnu/libprotobuf.so;-lpthread (found suitable version "3.6.1", minimum required is "3") 
[0.946s] -- Config-file not installed for ZeroMQ -- checking for pkg-config
[0.949s] -- Checking for module 'libzmq >= 4'
[0.961s] --   Found libzmq , version 4.3.2
[0.992s] -- Found ZeroMQ: TRUE (Required is at least version "4") 
[0.997s] -- Checking for module 'uuid'
[1.039s] --   Found uuid, version 2.34.0
[1.071s] -- Found UUID: TRUE  
[1.073s] -- Looking for ignition-msgs5 -- found version 5.9.0
[1.073s] -- Searching for dependencies of ignition-msgs5
[1.093s] -- Looking for ignition-math6 -- found version 6.10.0
[1.098s] -- Checking for module 'tinyxml2'
[1.129s] --   Found tinyxml2, version 6.2.0
[1.172s] -- Looking for ignition-msgs5 -- found version 5.9.0
[1.173s] -- Looking for ignition-common3 -- found version 3.14.0
[1.174s] -- Searching for dependencies of ignition-common3
[1.174s] -- Looking for dlfcn.h - found
[1.175s] -- Looking for libdl - found
[1.177s] -- Found DL: TRUE  
[1.185s] -- Searching for <ignition-common3> component [graphics]
[1.186s] -- Looking for ignition-common3-graphics -- found version 3.14.0
[1.187s] -- Searching for dependencies of ignition-common3-graphics
[1.187s] -- Looking for ignition-math6 -- found version 6.10.0
[1.189s] -- Looking for ignition-fuel_tools4 -- found version 4.4.0
[1.190s] -- Searching for dependencies of ignition-fuel_tools4
[1.267s] -- Found CURL: /usr/lib/x86_64-linux-gnu/libcurl.so (found version "7.68.0")  
[1.274s] -- Checking for module 'jsoncpp'
[1.285s] --   Found jsoncpp, version 1.7.4
[1.312s] -- Found JSONCPP: TRUE  
[1.317s] -- Checking for module 'libzip'
[1.327s] --   Found libzip, version 1.5.1
[1.355s] -- Found ZIP: TRUE  
[1.356s] -- Looking for ignition-common3 -- found version 3.14.0
[1.356s] -- Looking for ignition-math6 -- found version 6.10.0
[1.356s] -- Looking for ignition-msgs5 -- found version 5.9.0
[1.358s] -- Found gazebo_ros_pkgs: 3.5.3 (/opt/ros/foxy/share/gazebo_ros_pkgs/cmake)
[1.359s] -- Found geometry_msgs: 2.0.5 (/opt/ros/foxy/share/geometry_msgs/cmake)
[1.378s] -- Using all available rosidl_typesupport_c: rosidl_typesupport_fastrtps_c;rosidl_typesupport_introspection_c
[1.384s] -- Found rosidl_adapter: 1.2.1 (/opt/ros/foxy/share/rosidl_adapter/cmake)
[1.442s] -- Found OpenSSL: /usr/lib/x86_64-linux-gnu/libcrypto.so (found version "1.1.1f")  
[1.462s] -- Found FastRTPS: /opt/ros/foxy/include  
[1.525s] -- Using all available rosidl_typesupport_cpp: rosidl_typesupport_fastrtps_cpp;rosidl_typesupport_introspection_cpp
[1.597s] -- Found nav_msgs: 2.0.5 (/opt/ros/foxy/share/nav_msgs/cmake)
[1.657s] -- Found rclcpp: 2.4.1 (/opt/ros/foxy/share/rclcpp/cmake)
[1.692s] -- Found rmw_implementation_cmake: 1.0.3 (/opt/ros/foxy/share/rmw_implementation_cmake/cmake)
[1.693s] -- Using RMW implementation 'rmw_fastrtps_cpp' as default
[1.694s] -- Found Threads: TRUE  
[1.809s] -- Found sensor_msgs: 2.0.5 (/opt/ros/foxy/share/sensor_msgs/cmake)
[1.869s] -- Found tf2: 0.13.13 (/opt/ros/foxy/share/tf2/cmake)
[1.928s] -- Configuring done
[1.970s] -- Generating done
[1.972s] -- Build files have been written to: /home/milo/Desktop/MobileRoboter/Uebung4/build/turtlebot3_gazebo
[1.979s] Invoked command in '/home/milo/Desktop/MobileRoboter/Uebung4/build/turtlebot3_gazebo' returned '0': CMAKE_PREFIX_PATH=/opt/ros/foxy /usr/bin/cmake /home/milo/Desktop/MobileRoboter/Uebung4/src/turtlebot3_simulations/turtlebot3_gazebo -DAMENT_CMAKE_SYMLINK_INSTALL=1 -DCMAKE_INSTALL_PREFIX=/home/milo/Desktop/MobileRoboter/Uebung4/install/turtlebot3_gazebo
[1.981s] Invoking command in '/home/milo/Desktop/MobileRoboter/Uebung4/build/turtlebot3_gazebo': CMAKE_PREFIX_PATH=/opt/ros/foxy /usr/bin/cmake --build /home/milo/Desktop/MobileRoboter/Uebung4/build/turtlebot3_gazebo -- -j12 -l12
[2.012s] [35m[1mScanning dependencies of target obstacle2[0m
[2.012s] [35m[1mScanning dependencies of target obstacles[0m
[2.012s] [35m[1mScanning dependencies of target obstacle1[0m
[2.012s] [35m[1mScanning dependencies of target turtlebot3_drive[0m
[2.053s] [ 12%] [32mBuilding CXX object CMakeFiles/turtlebot3_drive.dir/src/turtlebot3_drive.cpp.o[0m
[2.094s] [ 37%] [32mBuilding CXX object CMakeFiles/obstacle1.dir/models/turtlebot3_dqn_world/obstacle_plugin/obstacle1.cc.o[0m
[2.094s] [ 37%] [32mBuilding CXX object CMakeFiles/obstacle2.dir/models/turtlebot3_dqn_world/obstacle_plugin/obstacle2.cc.o[0m
[2.113s] [ 50%] [32mBuilding CXX object CMakeFiles/obstacles.dir/models/turtlebot3_dqn_world/obstacle_plugin/obstacles.cc.o[0m
[7.331s] [ 62%] [32m[1mLinking CXX executable turtlebot3_drive[0m
[7.609s] [ 62%] Built target turtlebot3_drive
[9.877s] [ 75%] [32m[1mLinking CXX shared library libobstacles.so[0m
[9.928s] [ 87%] [32m[1mLinking CXX shared library libobstacle1.so[0m
[9.946s] [100%] [32m[1mLinking CXX shared library libobstacle2.so[0m
[10.140s] [100%] Built target obstacles
[10.170s] [100%] Built target obstacle1
[10.187s] [100%] Built target obstacle2
[10.195s] Invoked command in '/home/milo/Desktop/MobileRoboter/Uebung4/build/turtlebot3_gazebo' returned '0': CMAKE_PREFIX_PATH=/opt/ros/foxy /usr/bin/cmake --build /home/milo/Desktop/MobileRoboter/Uebung4/build/turtlebot3_gazebo -- -j12 -l12
[10.219s] Invoking command in '/home/milo/Desktop/MobileRoboter/Uebung4/build/turtlebot3_gazebo': CMAKE_PREFIX_PATH=/opt/ros/foxy /usr/bin/cmake --install /home/milo/Desktop/MobileRoboter/Uebung4/build/turtlebot3_gazebo
[10.225s] -- Install configuration: ""
[10.225s] -- Execute custom install script
[10.226s] -- Symlinking: /home/milo/Desktop/MobileRoboter/Uebung4/install/turtlebot3_gazebo/lib/turtlebot3_gazebo/turtlebot3_drive
[10.232s] -- Symlinking: /home/milo/Desktop/MobileRoboter/Uebung4/install/turtlebot3_gazebo/share/turtlebot3_gazebo//launch/empty_world.launch.py
[10.239s] -- Symlinking: /home/milo/Desktop/MobileRoboter/Uebung4/install/turtlebot3_gazebo/share/turtlebot3_gazebo//launch/robot_state_publisher.launch.py
[10.245s] -- Symlinking: /home/milo/Desktop/MobileRoboter/Uebung4/install/turtlebot3_gazebo/share/turtlebot3_gazebo//launch/turtlebot3_autorace.launch.py
[10.251s] -- Symlinking: /home/milo/Desktop/MobileRoboter/Uebung4/install/turtlebot3_gazebo/share/turtlebot3_gazebo//launch/turtlebot3_dqn_stage1.launch.py
[10.258s] -- Symlinking: /home/milo/Desktop/MobileRoboter/Uebung4/install/turtlebot3_gazebo/share/turtlebot3_gazebo//launch/turtlebot3_dqn_stage2.launch.py
[10.264s] -- Symlinking: /home/milo/Desktop/MobileRoboter/Uebung4/install/turtlebot3_gazebo/share/turtlebot3_gazebo//launch/turtlebot3_dqn_stage3.launch.py
[10.270s] -- Symlinking: /home/milo/Desktop/MobileRoboter/Uebung4/install/turtlebot3_gazebo/share/turtlebot3_gazebo//launch/turtlebot3_dqn_stage4.launch.py
[10.276s] -- Symlinking: /home/milo/Desktop/MobileRoboter/Uebung4/install/turtlebot3_gazebo/share/turtlebot3_gazebo//launch/turtlebot3_house.launch.py
[10.282s] -- Symlinking: /home/milo/Desktop/MobileRoboter/Uebung4/install/turtlebot3_gazebo/share/turtlebot3_gazebo//launch/turtlebot3_world.launch.py
[10.289s] -- Symlinking: /home/milo/Desktop/MobileRoboter/Uebung4/install/turtlebot3_gazebo/share/turtlebot3_gazebo//models/turtlebot3_autorace/course/materials/scripts/course.material
[10.295s] -- Symlinking: /home/milo/Desktop/MobileRoboter/Uebung4/install/turtlebot3_gazebo/share/turtlebot3_gazebo//models/turtlebot3_autorace/course/materials/textures/course.png
[10.301s] -- Symlinking: /home/milo/Desktop/MobileRoboter/Uebung4/install/turtlebot3_gazebo/share/turtlebot3_gazebo//models/turtlebot3_autorace/course/model.config
[10.307s] -- Symlinking: /home/milo/Desktop/MobileRoboter/Uebung4/install/turtlebot3_gazebo/share/turtlebot3_gazebo//models/turtlebot3_autorace/course/model.sdf
[10.313s] -- Symlinking: /home/milo/Desktop/MobileRoboter/Uebung4/install/turtlebot3_gazebo/share/turtlebot3_gazebo//models/turtlebot3_autorace/ground/model.config
[10.320s] -- Symlinking: /home/milo/Desktop/MobileRoboter/Uebung4/install/turtlebot3_gazebo/share/turtlebot3_gazebo//models/turtlebot3_autorace/ground/model.sdf
[10.326s] -- Symlinking: /home/milo/Desktop/MobileRoboter/Uebung4/install/turtlebot3_gazebo/share/turtlebot3_gazebo//models/turtlebot3_autorace/lights/model.config
[10.333s] -- Symlinking: /home/milo/Desktop/MobileRoboter/Uebung4/install/turtlebot3_gazebo/share/turtlebot3_gazebo//models/turtlebot3_autorace/lights/model.sdf
[10.340s] -- Symlinking: /home/milo/Desktop/MobileRoboter/Uebung4/install/turtlebot3_gazebo/share/turtlebot3_gazebo//models/turtlebot3_autorace/model.config
[10.347s] -- Symlinking: /home/milo/Desktop/MobileRoboter/Uebung4/install/turtlebot3_gazebo/share/turtlebot3_gazebo//models/turtlebot3_autorace/traffic_bar_down/materials/scripts/traffic_bar.material
[10.353s] -- Symlinking: /home/milo/Desktop/MobileRoboter/Uebung4/install/turtlebot3_gazebo/share/turtlebot3_gazebo//models/turtlebot3_autorace/traffic_bar_down/materials/textures/traffic_bar.png
[10.360s] -- Symlinking: /home/milo/Desktop/MobileRoboter/Uebung4/install/turtlebot3_gazebo/share/turtlebot3_gazebo//models/turtlebot3_autorace/traffic_bar_down/model.config
[10.366s] -- Symlinking: /home/milo/Desktop/MobileRoboter/Uebung4/install/turtlebot3_gazebo/share/turtlebot3_gazebo//models/turtlebot3_autorace/traffic_bar_down/model.sdf
[10.373s] -- Symlinking: /home/milo/Desktop/MobileRoboter/Uebung4/install/turtlebot3_gazebo/share/turtlebot3_gazebo//models/turtlebot3_autorace/traffic_bar_up/materials/scripts/traffic_bar.material
[10.380s] -- Symlinking: /home/milo/Desktop/MobileRoboter/Uebung4/install/turtlebot3_gazebo/share/turtlebot3_gazebo//models/turtlebot3_autorace/traffic_bar_up/materials/textures/traffic_bar.png
[10.386s] -- Symlinking: /home/milo/Desktop/MobileRoboter/Uebung4/install/turtlebot3_gazebo/share/turtlebot3_gazebo//models/turtlebot3_autorace/traffic_bar_up/model.config
[10.392s] -- Symlinking: /home/milo/Desktop/MobileRoboter/Uebung4/install/turtlebot3_gazebo/share/turtlebot3_gazebo//models/turtlebot3_autorace/traffic_bar_up/model.sdf
[10.399s] -- Symlinking: /home/milo/Desktop/MobileRoboter/Uebung4/install/turtlebot3_gazebo/share/turtlebot3_gazebo//models/turtlebot3_autorace/traffic_light_green/model.config
[10.405s] -- Symlinking: /home/milo/Desktop/MobileRoboter/Uebung4/install/turtlebot3_gazebo/share/turtlebot3_gazebo//models/turtlebot3_autorace/traffic_light_green/model.sdf
[10.411s] -- Symlinking: /home/milo/Desktop/MobileRoboter/Uebung4/install/turtlebot3_gazebo/share/turtlebot3_gazebo//models/turtlebot3_autorace/traffic_light_red/model.config
[10.418s] -- Symlinking: /home/milo/Desktop/MobileRoboter/Uebung4/install/turtlebot3_gazebo/share/turtlebot3_gazebo//models/turtlebot3_autorace/traffic_light_red/model.sdf
[10.424s] -- Symlinking: /home/milo/Desktop/MobileRoboter/Uebung4/install/turtlebot3_gazebo/share/turtlebot3_gazebo//models/turtlebot3_autorace/traffic_light_yellow/model.config
[10.431s] -- Symlinking: /home/milo/Desktop/MobileRoboter/Uebung4/install/turtlebot3_gazebo/share/turtlebot3_gazebo//models/turtlebot3_autorace/traffic_light_yellow/model.sdf
[10.437s] -- Symlinking: /home/milo/Desktop/MobileRoboter/Uebung4/install/turtlebot3_gazebo/share/turtlebot3_gazebo//models/turtlebot3_autorace/traffic_parking/materials/scripts/traffic_parking.material
[10.444s] -- Symlinking: /home/milo/Desktop/MobileRoboter/Uebung4/install/turtlebot3_gazebo/share/turtlebot3_gazebo//models/turtlebot3_autorace/traffic_parking/materials/textures/traffic_parking.png
[10.451s] -- Symlinking: /home/milo/Desktop/MobileRoboter/Uebung4/install/turtlebot3_gazebo/share/turtlebot3_gazebo//models/turtlebot3_autorace/traffic_parking/model.config
[10.457s] -- Symlinking: /home/milo/Desktop/MobileRoboter/Uebung4/install/turtlebot3_gazebo/share/turtlebot3_gazebo//models/turtlebot3_autorace/traffic_parking/model.sdf
[10.464s] -- Symlinking: /home/milo/Desktop/MobileRoboter/Uebung4/install/turtlebot3_gazebo/share/turtlebot3_gazebo//models/turtlebot3_autorace/traffic_stop/materials/scripts/traffic_stop.material
[10.470s] -- Symlinking: /home/milo/Desktop/MobileRoboter/Uebung4/install/turtlebot3_gazebo/share/turtlebot3_gazebo//models/turtlebot3_autorace/traffic_stop/materials/textures/traffic_stop.png
[10.477s] -- Symlinking: /home/milo/Desktop/MobileRoboter/Uebung4/install/turtlebot3_gazebo/share/turtlebot3_gazebo//models/turtlebot3_autorace/traffic_stop/model.config
[10.483s] -- Symlinking: /home/milo/Desktop/MobileRoboter/Uebung4/install/turtlebot3_gazebo/share/turtlebot3_gazebo//models/turtlebot3_autorace/traffic_stop/model.sdf
[10.490s] -- Symlinking: /home/milo/Desktop/MobileRoboter/Uebung4/install/turtlebot3_gazebo/share/turtlebot3_gazebo//models/turtlebot3_autorace/traffic_tunnel/materials/scripts/tunnel.material
[10.496s] -- Symlinking: /home/milo/Desktop/MobileRoboter/Uebung4/install/turtlebot3_gazebo/share/turtlebot3_gazebo//models/turtlebot3_autorace/traffic_tunnel/materials/textures/tunnel.png
[10.502s] -- Symlinking: /home/milo/Desktop/MobileRoboter/Uebung4/install/turtlebot3_gazebo/share/turtlebot3_gazebo//models/turtlebot3_autorace/traffic_tunnel/model.config
[10.509s] -- Symlinking: /home/milo/Desktop/MobileRoboter/Uebung4/install/turtlebot3_gazebo/share/turtlebot3_gazebo//models/turtlebot3_autorace/traffic_tunnel/model.sdf
[10.515s] -- Symlinking: /home/milo/Desktop/MobileRoboter/Uebung4/install/turtlebot3_gazebo/share/turtlebot3_gazebo//models/turtlebot3_autorace/tunnel_obstacles/model.config
[10.522s] -- Symlinking: /home/milo/Desktop/MobileRoboter/Uebung4/install/turtlebot3_gazebo/share/turtlebot3_gazebo//models/turtlebot3_autorace/tunnel_obstacles/model.sdf
[10.528s] -- Symlinking: /home/milo/Desktop/MobileRoboter/Uebung4/install/turtlebot3_gazebo/share/turtlebot3_gazebo//models/turtlebot3_autorace/tunnel_wall/model.config
[10.534s] -- Symlinking: /home/milo/Desktop/MobileRoboter/Uebung4/install/turtlebot3_gazebo/share/turtlebot3_gazebo//models/turtlebot3_autorace/tunnel_wall/model.sdf
[10.541s] -- Symlinking: /home/milo/Desktop/MobileRoboter/Uebung4/install/turtlebot3_gazebo/share/turtlebot3_gazebo//models/turtlebot3_burger/meshes/burger_base.dae
[10.548s] -- Symlinking: /home/milo/Desktop/MobileRoboter/Uebung4/install/turtlebot3_gazebo/share/turtlebot3_gazebo//models/turtlebot3_burger/meshes/lds.dae
[10.555s] -- Symlinking: /home/milo/Desktop/MobileRoboter/Uebung4/install/turtlebot3_gazebo/share/turtlebot3_gazebo//models/turtlebot3_burger/meshes/tire.dae
[10.561s] -- Symlinking: /home/milo/Desktop/MobileRoboter/Uebung4/install/turtlebot3_gazebo/share/turtlebot3_gazebo//models/turtlebot3_burger/model-1_4.sdf
[10.568s] -- Symlinking: /home/milo/Desktop/MobileRoboter/Uebung4/install/turtlebot3_gazebo/share/turtlebot3_gazebo//models/turtlebot3_burger/model.config
[10.575s] -- Symlinking: /home/milo/Desktop/MobileRoboter/Uebung4/install/turtlebot3_gazebo/share/turtlebot3_gazebo//models/turtlebot3_burger/model.sdf
[10.582s] -- Symlinking: /home/milo/Desktop/MobileRoboter/Uebung4/install/turtlebot3_gazebo/share/turtlebot3_gazebo//models/turtlebot3_dqn_world/goal_box/model.config
[10.589s] -- Symlinking: /home/milo/Desktop/MobileRoboter/Uebung4/install/turtlebot3_gazebo/share/turtlebot3_gazebo//models/turtlebot3_dqn_world/goal_box/model.sdf
[10.596s] -- Symlinking: /home/milo/Desktop/MobileRoboter/Uebung4/install/turtlebot3_gazebo/share/turtlebot3_gazebo//models/turtlebot3_dqn_world/inner_walls/model.config
[10.603s] -- Symlinking: /home/milo/Desktop/MobileRoboter/Uebung4/install/turtlebot3_gazebo/share/turtlebot3_gazebo//models/turtlebot3_dqn_world/inner_walls/model.sdf
[10.610s] -- Symlinking: /home/milo/Desktop/MobileRoboter/Uebung4/install/turtlebot3_gazebo/share/turtlebot3_gazebo//models/turtlebot3_dqn_world/model.config
[10.617s] -- Symlinking: /home/milo/Desktop/MobileRoboter/Uebung4/install/turtlebot3_gazebo/share/turtlebot3_gazebo//models/turtlebot3_dqn_world/model.sdf
[10.624s] -- Symlinking: /home/milo/Desktop/MobileRoboter/Uebung4/install/turtlebot3_gazebo/share/turtlebot3_gazebo//models/turtlebot3_dqn_world/obstacle1/model.config
[10.631s] -- Symlinking: /home/milo/Desktop/MobileRoboter/Uebung4/install/turtlebot3_gazebo/share/turtlebot3_gazebo//models/turtlebot3_dqn_world/obstacle1/model.sdf
[10.638s] -- Symlinking: /home/milo/Desktop/MobileRoboter/Uebung4/install/turtlebot3_gazebo/share/turtlebot3_gazebo//models/turtlebot3_dqn_world/obstacle2/model.config
[10.646s] -- Symlinking: /home/milo/Desktop/MobileRoboter/Uebung4/install/turtlebot3_gazebo/share/turtlebot3_gazebo//models/turtlebot3_dqn_world/obstacle2/model.sdf
[10.653s] -- Symlinking: /home/milo/Desktop/MobileRoboter/Uebung4/install/turtlebot3_gazebo/share/turtlebot3_gazebo//models/turtlebot3_dqn_world/obstacle_plugin/CMakeLists.txt
[10.659s] -- Symlinking: /home/milo/Desktop/MobileRoboter/Uebung4/install/turtlebot3_gazebo/share/turtlebot3_gazebo//models/turtlebot3_dqn_world/obstacle_plugin/obstacle1.cc
[10.666s] -- Symlinking: /home/milo/Desktop/MobileRoboter/Uebung4/install/turtlebot3_gazebo/share/turtlebot3_gazebo//models/turtlebot3_dqn_world/obstacle_plugin/obstacle2.cc
[10.681s] -- Symlinking: /home/milo/Desktop/MobileRoboter/Uebung4/install/turtlebot3_gazebo/share/turtlebot3_gazebo//models/turtlebot3_dqn_world/obstacle_plugin/obstacles.cc
[10.682s] -- Symlinking: /home/milo/Desktop/MobileRoboter/Uebung4/install/turtlebot3_gazebo/share/turtlebot3_gazebo//models/turtlebot3_dqn_world/obstacles/model.config
[10.688s] -- Symlinking: /home/milo/Desktop/MobileRoboter/Uebung4/install/turtlebot3_gazebo/share/turtlebot3_gazebo//models/turtlebot3_dqn_world/obstacles/model.sdf
[10.695s] -- Symlinking: /home/milo/Desktop/MobileRoboter/Uebung4/install/turtlebot3_gazebo/share/turtlebot3_gazebo//models/turtlebot3_house/model.config
[10.702s] -- Symlinking: /home/milo/Desktop/MobileRoboter/Uebung4/install/turtlebot3_gazebo/share/turtlebot3_gazebo//models/turtlebot3_house/model.sdf
[10.710s] -- Symlinking: /home/milo/Desktop/MobileRoboter/Uebung4/install/turtlebot3_gazebo/share/turtlebot3_gazebo//models/turtlebot3_waffle/meshes/lds.dae
[10.716s] -- Symlinking: /home/milo/Desktop/MobileRoboter/Uebung4/install/turtlebot3_gazebo/share/turtlebot3_gazebo//models/turtlebot3_waffle/meshes/r200.dae
[10.723s] -- Symlinking: /home/milo/Desktop/MobileRoboter/Uebung4/install/turtlebot3_gazebo/share/turtlebot3_gazebo//models/turtlebot3_waffle/meshes/tire.dae
[10.730s] -- Symlinking: /home/milo/Desktop/MobileRoboter/Uebung4/install/turtlebot3_gazebo/share/turtlebot3_gazebo//models/turtlebot3_waffle/meshes/waffle_base.dae
[10.737s] -- Symlinking: /home/milo/Desktop/MobileRoboter/Uebung4/install/turtlebot3_gazebo/share/turtlebot3_gazebo//models/turtlebot3_waffle/model-1_4.sdf
[10.745s] -- Symlinking: /home/milo/Desktop/MobileRoboter/Uebung4/install/turtlebot3_gazebo/share/turtlebot3_gazebo//models/turtlebot3_waffle/model.config
[10.751s] -- Symlinking: /home/milo/Desktop/MobileRoboter/Uebung4/install/turtlebot3_gazebo/share/turtlebot3_gazebo//models/turtlebot3_waffle/model.sdf
[10.759s] -- Symlinking: /home/milo/Desktop/MobileRoboter/Uebung4/install/turtlebot3_gazebo/share/turtlebot3_gazebo//models/turtlebot3_waffle_pi/meshes/lds.dae
[10.766s] -- Symlinking: /home/milo/Desktop/MobileRoboter/Uebung4/install/turtlebot3_gazebo/share/turtlebot3_gazebo//models/turtlebot3_waffle_pi/meshes/tire.dae
[10.773s] -- Symlinking: /home/milo/Desktop/MobileRoboter/Uebung4/install/turtlebot3_gazebo/share/turtlebot3_gazebo//models/turtlebot3_waffle_pi/meshes/waffle_pi_base.dae
[10.780s] -- Symlinking: /home/milo/Desktop/MobileRoboter/Uebung4/install/turtlebot3_gazebo/share/turtlebot3_gazebo//models/turtlebot3_waffle_pi/model-1_4_.sdf
[10.787s] -- Symlinking: /home/milo/Desktop/MobileRoboter/Uebung4/install/turtlebot3_gazebo/share/turtlebot3_gazebo//models/turtlebot3_waffle_pi/model.config
[10.794s] -- Symlinking: /home/milo/Desktop/MobileRoboter/Uebung4/install/turtlebot3_gazebo/share/turtlebot3_gazebo//models/turtlebot3_waffle_pi/model.sdf
[10.801s] -- Symlinking: /home/milo/Desktop/MobileRoboter/Uebung4/install/turtlebot3_gazebo/share/turtlebot3_gazebo//models/turtlebot3_world/meshes/hexagon.dae
[10.808s] -- Symlinking: /home/milo/Desktop/MobileRoboter/Uebung4/install/turtlebot3_gazebo/share/turtlebot3_gazebo//models/turtlebot3_world/meshes/wall.dae
[10.815s] -- Symlinking: /home/milo/Desktop/MobileRoboter/Uebung4/install/turtlebot3_gazebo/share/turtlebot3_gazebo//models/turtlebot3_world/model-1_4.sdf
[10.822s] -- Symlinking: /home/milo/Desktop/MobileRoboter/Uebung4/install/turtlebot3_gazebo/share/turtlebot3_gazebo//models/turtlebot3_world/model.config
[10.829s] -- Symlinking: /home/milo/Desktop/MobileRoboter/Uebung4/install/turtlebot3_gazebo/share/turtlebot3_gazebo//models/turtlebot3_world/model.sdf
[10.837s] -- Symlinking: /home/milo/Desktop/MobileRoboter/Uebung4/install/turtlebot3_gazebo/share/turtlebot3_gazebo//rviz/tb3_gazebo.rviz
[10.844s] -- Symlinking: /home/milo/Desktop/MobileRoboter/Uebung4/install/turtlebot3_gazebo/share/turtlebot3_gazebo//worlds/empty_worlds/burger.model
[10.850s] -- Symlinking: /home/milo/Desktop/MobileRoboter/Uebung4/install/turtlebot3_gazebo/share/turtlebot3_gazebo//worlds/empty_worlds/waffle.model
[10.857s] -- Symlinking: /home/milo/Desktop/MobileRoboter/Uebung4/install/turtlebot3_gazebo/share/turtlebot3_gazebo//worlds/empty_worlds/waffle_pi.model
[10.864s] -- Symlinking: /home/milo/Desktop/MobileRoboter/Uebung4/install/turtlebot3_gazebo/share/turtlebot3_gazebo//worlds/turtlebot3_autoraces/burger.model
[10.871s] -- Symlinking: /home/milo/Desktop/MobileRoboter/Uebung4/install/turtlebot3_gazebo/share/turtlebot3_gazebo//worlds/turtlebot3_autoraces/waffle.model
[10.878s] -- Symlinking: /home/milo/Desktop/MobileRoboter/Uebung4/install/turtlebot3_gazebo/share/turtlebot3_gazebo//worlds/turtlebot3_autoraces/waffle_pi.model
[10.886s] -- Symlinking: /home/milo/Desktop/MobileRoboter/Uebung4/install/turtlebot3_gazebo/share/turtlebot3_gazebo//worlds/turtlebot3_dqn_stage1/burger.model
[10.893s] -- Symlinking: /home/milo/Desktop/MobileRoboter/Uebung4/install/turtlebot3_gazebo/share/turtlebot3_gazebo//worlds/turtlebot3_dqn_stage1/waffle.model
[10.900s] -- Symlinking: /home/milo/Desktop/MobileRoboter/Uebung4/install/turtlebot3_gazebo/share/turtlebot3_gazebo//worlds/turtlebot3_dqn_stage1/waffle_pi.model
[10.906s] -- Symlinking: /home/milo/Desktop/MobileRoboter/Uebung4/install/turtlebot3_gazebo/share/turtlebot3_gazebo//worlds/turtlebot3_dqn_stage2/burger.model
[10.913s] -- Symlinking: /home/milo/Desktop/MobileRoboter/Uebung4/install/turtlebot3_gazebo/share/turtlebot3_gazebo//worlds/turtlebot3_dqn_stage2/waffle.model
[10.920s] -- Symlinking: /home/milo/Desktop/MobileRoboter/Uebung4/install/turtlebot3_gazebo/share/turtlebot3_gazebo//worlds/turtlebot3_dqn_stage2/waffle_pi.model
[10.927s] -- Symlinking: /home/milo/Desktop/MobileRoboter/Uebung4/install/turtlebot3_gazebo/share/turtlebot3_gazebo//worlds/turtlebot3_dqn_stage3/burger.model
[10.934s] -- Symlinking: /home/milo/Desktop/MobileRoboter/Uebung4/install/turtlebot3_gazebo/share/turtlebot3_gazebo//worlds/turtlebot3_dqn_stage3/waffle.model
[10.941s] -- Symlinking: /home/milo/Desktop/MobileRoboter/Uebung4/install/turtlebot3_gazebo/share/turtlebot3_gazebo//worlds/turtlebot3_dqn_stage3/waffle_pi.model
[10.948s] -- Symlinking: /home/milo/Desktop/MobileRoboter/Uebung4/install/turtlebot3_gazebo/share/turtlebot3_gazebo//worlds/turtlebot3_dqn_stage4/burger.model
[10.955s] -- Symlinking: /home/milo/Desktop/MobileRoboter/Uebung4/install/turtlebot3_gazebo/share/turtlebot3_gazebo//worlds/turtlebot3_dqn_stage4/waffle.model
[10.962s] -- Symlinking: /home/milo/Desktop/MobileRoboter/Uebung4/install/turtlebot3_gazebo/share/turtlebot3_gazebo//worlds/turtlebot3_dqn_stage4/waffle_pi.model
[10.969s] -- Symlinking: /home/milo/Desktop/MobileRoboter/Uebung4/install/turtlebot3_gazebo/share/turtlebot3_gazebo//worlds/turtlebot3_houses/burger.model
[10.975s] -- Symlinking: /home/milo/Desktop/MobileRoboter/Uebung4/install/turtlebot3_gazebo/share/turtlebot3_gazebo//worlds/turtlebot3_houses/waffle.model
[10.983s] -- Symlinking: /home/milo/Desktop/MobileRoboter/Uebung4/install/turtlebot3_gazebo/share/turtlebot3_gazebo//worlds/turtlebot3_houses/waffle_pi.model
[10.990s] -- Symlinking: /home/milo/Desktop/MobileRoboter/Uebung4/install/turtlebot3_gazebo/share/turtlebot3_gazebo//worlds/turtlebot3_worlds/burger.model
[10.997s] -- Symlinking: /home/milo/Desktop/MobileRoboter/Uebung4/install/turtlebot3_gazebo/share/turtlebot3_gazebo//worlds/turtlebot3_worlds/waffle.model
[11.004s] -- Symlinking: /home/milo/Desktop/MobileRoboter/Uebung4/install/turtlebot3_gazebo/share/turtlebot3_gazebo//worlds/turtlebot3_worlds/waffle_pi.model
[11.011s] -- Symlinking: /home/milo/Desktop/MobileRoboter/Uebung4/install/turtlebot3_gazebo/include//turtlebot3_gazebo/turtlebot3_drive.hpp
[11.018s] -- Symlinking: /home/milo/Desktop/MobileRoboter/Uebung4/install/turtlebot3_gazebo/share/ament_index/resource_index/package_run_dependencies/turtlebot3_gazebo
[11.026s] -- Symlinking: /home/milo/Desktop/MobileRoboter/Uebung4/install/turtlebot3_gazebo/share/ament_index/resource_index/parent_prefix_path/turtlebot3_gazebo
[11.033s] -- Symlinking: /home/milo/Desktop/MobileRoboter/Uebung4/install/turtlebot3_gazebo/share/turtlebot3_gazebo/environment/ament_prefix_path.sh
[11.040s] -- Symlinking: /home/milo/Desktop/MobileRoboter/Uebung4/install/turtlebot3_gazebo/share/turtlebot3_gazebo/environment/ament_prefix_path.dsv
[11.047s] -- Symlinking: /home/milo/Desktop/MobileRoboter/Uebung4/install/turtlebot3_gazebo/share/turtlebot3_gazebo/environment/path.sh
[11.055s] -- Symlinking: /home/milo/Desktop/MobileRoboter/Uebung4/install/turtlebot3_gazebo/share/turtlebot3_gazebo/environment/path.dsv
[11.062s] -- Symlinking: /home/milo/Desktop/MobileRoboter/Uebung4/install/turtlebot3_gazebo/share/turtlebot3_gazebo/local_setup.bash
[11.069s] -- Symlinking: /home/milo/Desktop/MobileRoboter/Uebung4/install/turtlebot3_gazebo/share/turtlebot3_gazebo/local_setup.sh
[11.076s] -- Symlinking: /home/milo/Desktop/MobileRoboter/Uebung4/install/turtlebot3_gazebo/share/turtlebot3_gazebo/local_setup.zsh
[11.083s] -- Symlinking: /home/milo/Desktop/MobileRoboter/Uebung4/install/turtlebot3_gazebo/share/turtlebot3_gazebo/local_setup.dsv
[11.090s] -- Symlinking: /home/milo/Desktop/MobileRoboter/Uebung4/install/turtlebot3_gazebo/share/turtlebot3_gazebo/package.dsv
[11.098s] -- Symlinking: /home/milo/Desktop/MobileRoboter/Uebung4/install/turtlebot3_gazebo/share/ament_index/resource_index/packages/turtlebot3_gazebo
[11.105s] -- Symlinking: /home/milo/Desktop/MobileRoboter/Uebung4/install/turtlebot3_gazebo/share/turtlebot3_gazebo/cmake/ament_cmake_export_include_directories-extras.cmake
[11.113s] -- Symlinking: /home/milo/Desktop/MobileRoboter/Uebung4/install/turtlebot3_gazebo/share/turtlebot3_gazebo/cmake/ament_cmake_export_dependencies-extras.cmake
[11.120s] -- Symlinking: /home/milo/Desktop/MobileRoboter/Uebung4/install/turtlebot3_gazebo/share/turtlebot3_gazebo/cmake/turtlebot3_gazeboConfig.cmake
[11.126s] -- Symlinking: /home/milo/Desktop/MobileRoboter/Uebung4/install/turtlebot3_gazebo/share/turtlebot3_gazebo/cmake/turtlebot3_gazeboConfig-version.cmake
[11.133s] -- Symlinking: /home/milo/Desktop/MobileRoboter/Uebung4/install/turtlebot3_gazebo/share/turtlebot3_gazebo/package.xml
[11.142s] Invoked command in '/home/milo/Desktop/MobileRoboter/Uebung4/build/turtlebot3_gazebo' returned '0': CMAKE_PREFIX_PATH=/opt/ros/foxy /usr/bin/cmake --install /home/milo/Desktop/MobileRoboter/Uebung4/build/turtlebot3_gazebo
