[0.025s] Invoking command in '/home/milo/Desktop/MobileRoboter/Uebung4/build/turtlebot3_gazebo': CMAKE_PREFIX_PATH=/opt/ros/foxy /usr/bin/cmake /home/milo/Desktop/MobileRoboter/Uebung4/src/turtlebot3_simulations/turtlebot3_gazebo -DAMENT_CMAKE_SYMLINK_INSTALL=1 -DCMAKE_INSTALL_PREFIX=/home/milo/Desktop/MobileRoboter/Uebung4/install/turtlebot3_gazebo
[0.356s] -- The C compiler identification is GNU 9.4.0
[0.564s] -- The CXX compiler identification is GNU 9.4.0
[0.574s] -- Check for working C compiler: /usr/bin/cc
[0.636s] -- Check for working C compiler: /usr/bin/cc -- works
[0.638s] -- Detecting C compiler ABI info
[0.696s] -- Detecting C compiler ABI info - done
[0.713s] -- Detecting C compile features
[0.714s] -- Detecting C compile features - done
[0.718s] -- Check for working CXX compiler: /usr/bin/c++
[0.782s] -- Check for working CXX compiler: /usr/bin/c++ -- works
[0.783s] -- Detecting CXX compiler ABI info
[0.849s] -- Detecting CXX compiler ABI info - done
[0.858s] -- Detecting CXX compile features
[0.859s] -- Detecting CXX compile features - done
[0.866s] -- Found ament_cmake: 0.9.9 (/opt/ros/foxy/share/ament_cmake/cmake)
[0.890s] -- Found PythonInterp: /usr/bin/python3 (found suitable version "3.8.10", minimum required is "3") 
[0.890s] -- Using PYTHON_EXECUTABLE: /usr/bin/python3
[1.036s] -- Override CMake install command with custom implementation using symlinks instead of copying resources
[1.082s] CMake Error at CMakeLists.txt:23 (find_package):
[1.083s]   By not providing "Findgazebo.cmake" in CMAKE_MODULE_PATH this project has
[1.083s]   asked CMake to find a package configuration file provided by "gazebo", but
[1.083s]   CMake did not find one.
[1.083s] 
[1.083s]   Could not find a package configuration file provided by "gazebo" with any
[1.083s]   of the following names:
[1.083s] 
[1.083s]     gazeboConfig.cmake
[1.083s]     gazebo-config.cmake
[1.083s] 
[1.083s]   Add the installation prefix of "gazebo" to CMAKE_PREFIX_PATH or set
[1.084s]   "gazebo_DIR" to a directory containing one of the above files.  If "gazebo"
[1.084s]   provides a separate development package or SDK, be sure it has been
[1.084s]   installed.
[1.084s] 
[1.084s] 
[1.084s] -- Configuring incomplete, errors occurred!
[1.084s] See also "/home/milo/Desktop/MobileRoboter/Uebung4/build/turtlebot3_gazebo/CMakeFiles/CMakeOutput.log".
[1.087s] Invoked command in '/home/milo/Desktop/MobileRoboter/Uebung4/build/turtlebot3_gazebo' returned '1': CMAKE_PREFIX_PATH=/opt/ros/foxy /usr/bin/cmake /home/milo/Desktop/MobileRoboter/Uebung4/src/turtlebot3_simulations/turtlebot3_gazebo -DAMENT_CMAKE_SYMLINK_INSTALL=1 -DCMAKE_INSTALL_PREFIX=/home/milo/Desktop/MobileRoboter/Uebung4/install/turtlebot3_gazebo
