[0.107s] DEBUG:colcon:Command line arguments: ['/usr/bin/colcon', 'build', '--symlink-install']
[0.107s] DEBUG:colcon:Parsed command line arguments: Namespace(allow_overriding=[], ament_cmake_args=None, base_paths=['.'], build_base='build', catkin_cmake_args=None, catkin_skip_building_tests=False, cmake_args=None, cmake_clean_cache=False, cmake_clean_first=False, cmake_force_configure=False, cmake_target=None, cmake_target_skip_unavailable=False, continue_on_error=False, event_handlers=None, executor='parallel', ignore_user_meta=False, install_base='install', log_base=None, log_level=None, main=<bound method BuildVerb.main of <colcon_core.verb.build.BuildVerb object at 0x7faf34da0730>>, merge_install=False, metas=['./colcon.meta'], packages_above=None, packages_above_and_dependencies=None, packages_above_depth=None, packages_end=None, packages_ignore=None, packages_ignore_regex=None, packages_select=None, packages_select_build_failed=False, packages_select_by_dep=None, packages_select_regex=None, packages_select_test_failures=False, packages_skip=None, packages_skip_build_finished=False, packages_skip_by_dep=None, packages_skip_regex=None, packages_skip_test_passed=False, packages_skip_up_to=None, packages_start=None, packages_up_to=None, packages_up_to_regex=None, parallel_workers=12, paths=None, symlink_install=True, test_result_base=None, verb_extension=<colcon_core.verb.build.BuildVerb object at 0x7faf34da0730>, verb_name='build', verb_parser=<colcon_defaults.argument_parser.defaults.DefaultArgumentsDecorator object at 0x7faf34da0c70>)
[0.126s] Level 1:colcon.colcon_core.package_discovery:discover_packages(colcon_meta) check parameters
[0.126s] Level 1:colcon.colcon_core.package_discovery:discover_packages(recursive) check parameters
[0.126s] Level 1:colcon.colcon_core.package_discovery:discover_packages(ignore) check parameters
[0.126s] Level 1:colcon.colcon_core.package_discovery:discover_packages(path) check parameters
[0.126s] Level 1:colcon.colcon_core.package_discovery:discover_packages(colcon_meta) discover
[0.126s] Level 1:colcon.colcon_core.package_discovery:discover_packages(recursive) discover
[0.126s] INFO:colcon.colcon_core.package_discovery:Crawling recursively for packages in '/home/milo/Desktop/MobileRoboter/Uebung4'
[0.126s] Level 1:colcon.colcon_core.package_identification:_identify(.) by extensions ['ignore', 'ignore_ament_install']
[0.126s] Level 1:colcon.colcon_core.package_identification:_identify(.) by extension 'ignore'
[0.126s] Level 1:colcon.colcon_core.package_identification:_identify(.) by extension 'ignore_ament_install'
[0.127s] Level 1:colcon.colcon_core.package_identification:_identify(.) by extensions ['colcon_pkg']
[0.127s] Level 1:colcon.colcon_core.package_identification:_identify(.) by extension 'colcon_pkg'
[0.127s] Level 1:colcon.colcon_core.package_identification:_identify(.) by extensions ['colcon_meta']
[0.127s] Level 1:colcon.colcon_core.package_identification:_identify(.) by extension 'colcon_meta'
[0.127s] Level 1:colcon.colcon_core.package_identification:_identify(.) by extensions ['ros']
[0.127s] Level 1:colcon.colcon_core.package_identification:_identify(.) by extension 'ros'
[0.135s] Level 1:colcon.colcon_core.package_identification:_identify(.) by extensions ['cmake', 'python']
[0.135s] Level 1:colcon.colcon_core.package_identification:_identify(.) by extension 'cmake'
[0.135s] Level 1:colcon.colcon_core.package_identification:_identify(.) by extension 'python'
[0.135s] Level 1:colcon.colcon_core.package_identification:_identify(.) by extensions ['python_setup_py']
[0.135s] Level 1:colcon.colcon_core.package_identification:_identify(.) by extension 'python_setup_py'
[0.136s] Level 1:colcon.colcon_core.package_identification:_identify(build) by extensions ['ignore', 'ignore_ament_install']
[0.136s] Level 1:colcon.colcon_core.package_identification:_identify(build) by extension 'ignore'
[0.136s] Level 1:colcon.colcon_core.package_identification:_identify(build) ignored
[0.136s] Level 1:colcon.colcon_core.package_identification:_identify(install) by extensions ['ignore', 'ignore_ament_install']
[0.136s] Level 1:colcon.colcon_core.package_identification:_identify(install) by extension 'ignore'
[0.136s] Level 1:colcon.colcon_core.package_identification:_identify(install) ignored
[0.136s] Level 1:colcon.colcon_core.package_identification:_identify(log) by extensions ['ignore', 'ignore_ament_install']
[0.136s] Level 1:colcon.colcon_core.package_identification:_identify(log) by extension 'ignore'
[0.136s] Level 1:colcon.colcon_core.package_identification:_identify(log) ignored
[0.136s] Level 1:colcon.colcon_core.package_identification:_identify(src) by extensions ['ignore', 'ignore_ament_install']
[0.136s] Level 1:colcon.colcon_core.package_identification:_identify(src) by extension 'ignore'
[0.136s] Level 1:colcon.colcon_core.package_identification:_identify(src) by extension 'ignore_ament_install'
[0.136s] Level 1:colcon.colcon_core.package_identification:_identify(src) by extensions ['colcon_pkg']
[0.136s] Level 1:colcon.colcon_core.package_identification:_identify(src) by extension 'colcon_pkg'
[0.136s] Level 1:colcon.colcon_core.package_identification:_identify(src) by extensions ['colcon_meta']
[0.136s] Level 1:colcon.colcon_core.package_identification:_identify(src) by extension 'colcon_meta'
[0.137s] Level 1:colcon.colcon_core.package_identification:_identify(src) by extensions ['ros']
[0.137s] Level 1:colcon.colcon_core.package_identification:_identify(src) by extension 'ros'
[0.137s] Level 1:colcon.colcon_core.package_identification:_identify(src) by extensions ['cmake', 'python']
[0.137s] Level 1:colcon.colcon_core.package_identification:_identify(src) by extension 'cmake'
[0.137s] Level 1:colcon.colcon_core.package_identification:_identify(src) by extension 'python'
[0.137s] Level 1:colcon.colcon_core.package_identification:_identify(src) by extensions ['python_setup_py']
[0.137s] Level 1:colcon.colcon_core.package_identification:_identify(src) by extension 'python_setup_py'
[0.137s] Level 1:colcon.colcon_core.package_identification:_identify(src/ITI Gang Simulation) by extensions ['ignore', 'ignore_ament_install']
[0.137s] Level 1:colcon.colcon_core.package_identification:_identify(src/ITI Gang Simulation) by extension 'ignore'
[0.137s] Level 1:colcon.colcon_core.package_identification:_identify(src/ITI Gang Simulation) by extension 'ignore_ament_install'
[0.137s] Level 1:colcon.colcon_core.package_identification:_identify(src/ITI Gang Simulation) by extensions ['colcon_pkg']
[0.137s] Level 1:colcon.colcon_core.package_identification:_identify(src/ITI Gang Simulation) by extension 'colcon_pkg'
[0.137s] Level 1:colcon.colcon_core.package_identification:_identify(src/ITI Gang Simulation) by extensions ['colcon_meta']
[0.137s] Level 1:colcon.colcon_core.package_identification:_identify(src/ITI Gang Simulation) by extension 'colcon_meta'
[0.137s] Level 1:colcon.colcon_core.package_identification:_identify(src/ITI Gang Simulation) by extensions ['ros']
[0.137s] Level 1:colcon.colcon_core.package_identification:_identify(src/ITI Gang Simulation) by extension 'ros'
[0.137s] Level 1:colcon.colcon_core.package_identification:_identify(src/ITI Gang Simulation) by extensions ['cmake', 'python']
[0.137s] Level 1:colcon.colcon_core.package_identification:_identify(src/ITI Gang Simulation) by extension 'cmake'
[0.137s] Level 1:colcon.colcon_core.package_identification:_identify(src/ITI Gang Simulation) by extension 'python'
[0.137s] Level 1:colcon.colcon_core.package_identification:_identify(src/ITI Gang Simulation) by extensions ['python_setup_py']
[0.137s] Level 1:colcon.colcon_core.package_identification:_identify(src/ITI Gang Simulation) by extension 'python_setup_py'
[0.137s] Level 1:colcon.colcon_core.package_identification:_identify(src/ITI Gang Simulation/build) by extensions ['ignore', 'ignore_ament_install']
[0.138s] Level 1:colcon.colcon_core.package_identification:_identify(src/ITI Gang Simulation/build) by extension 'ignore'
[0.138s] Level 1:colcon.colcon_core.package_identification:_identify(src/ITI Gang Simulation/build) ignored
[0.138s] Level 1:colcon.colcon_core.package_identification:_identify(src/ITI Gang Simulation/corridor) by extensions ['ignore', 'ignore_ament_install']
[0.138s] Level 1:colcon.colcon_core.package_identification:_identify(src/ITI Gang Simulation/corridor) by extension 'ignore'
[0.138s] Level 1:colcon.colcon_core.package_identification:_identify(src/ITI Gang Simulation/corridor) by extension 'ignore_ament_install'
[0.138s] Level 1:colcon.colcon_core.package_identification:_identify(src/ITI Gang Simulation/corridor) by extensions ['colcon_pkg']
[0.138s] Level 1:colcon.colcon_core.package_identification:_identify(src/ITI Gang Simulation/corridor) by extension 'colcon_pkg'
[0.138s] Level 1:colcon.colcon_core.package_identification:_identify(src/ITI Gang Simulation/corridor) by extensions ['colcon_meta']
[0.138s] Level 1:colcon.colcon_core.package_identification:_identify(src/ITI Gang Simulation/corridor) by extension 'colcon_meta'
[0.138s] Level 1:colcon.colcon_core.package_identification:_identify(src/ITI Gang Simulation/corridor) by extensions ['ros']
[0.138s] Level 1:colcon.colcon_core.package_identification:_identify(src/ITI Gang Simulation/corridor) by extension 'ros'
[0.141s] DEBUG:colcon.colcon_core.package_identification:Package 'src/ITI Gang Simulation/corridor' with type 'ros.ament_python' and name 'corridor'
[0.141s] Level 1:colcon.colcon_core.package_identification:_identify(src/ITI Gang Simulation/install) by extensions ['ignore', 'ignore_ament_install']
[0.141s] Level 1:colcon.colcon_core.package_identification:_identify(src/ITI Gang Simulation/install) by extension 'ignore'
[0.141s] Level 1:colcon.colcon_core.package_identification:_identify(src/ITI Gang Simulation/install) ignored
[0.141s] Level 1:colcon.colcon_core.package_identification:_identify(src/ITI Gang Simulation/log) by extensions ['ignore', 'ignore_ament_install']
[0.141s] Level 1:colcon.colcon_core.package_identification:_identify(src/ITI Gang Simulation/log) by extension 'ignore'
[0.141s] Level 1:colcon.colcon_core.package_identification:_identify(src/ITI Gang Simulation/log) ignored
[0.141s] Level 1:colcon.colcon_core.package_identification:_identify(src/potentialfield) by extensions ['ignore', 'ignore_ament_install']
[0.141s] Level 1:colcon.colcon_core.package_identification:_identify(src/potentialfield) by extension 'ignore'
[0.141s] Level 1:colcon.colcon_core.package_identification:_identify(src/potentialfield) by extension 'ignore_ament_install'
[0.141s] Level 1:colcon.colcon_core.package_identification:_identify(src/potentialfield) by extensions ['colcon_pkg']
[0.141s] Level 1:colcon.colcon_core.package_identification:_identify(src/potentialfield) by extension 'colcon_pkg'
[0.141s] Level 1:colcon.colcon_core.package_identification:_identify(src/potentialfield) by extensions ['colcon_meta']
[0.141s] Level 1:colcon.colcon_core.package_identification:_identify(src/potentialfield) by extension 'colcon_meta'
[0.141s] Level 1:colcon.colcon_core.package_identification:_identify(src/potentialfield) by extensions ['ros']
[0.142s] Level 1:colcon.colcon_core.package_identification:_identify(src/potentialfield) by extension 'ros'
[0.142s] DEBUG:colcon.colcon_core.package_identification:Package 'src/potentialfield' with type 'ros.ament_python' and name 'potentialfield'
[0.142s] Level 1:colcon.colcon_core.package_identification:_identify(src/turtlebot3_simulations) by extensions ['ignore', 'ignore_ament_install']
[0.142s] Level 1:colcon.colcon_core.package_identification:_identify(src/turtlebot3_simulations) by extension 'ignore'
[0.142s] Level 1:colcon.colcon_core.package_identification:_identify(src/turtlebot3_simulations) by extension 'ignore_ament_install'
[0.142s] Level 1:colcon.colcon_core.package_identification:_identify(src/turtlebot3_simulations) by extensions ['colcon_pkg']
[0.142s] Level 1:colcon.colcon_core.package_identification:_identify(src/turtlebot3_simulations) by extension 'colcon_pkg'
[0.142s] Level 1:colcon.colcon_core.package_identification:_identify(src/turtlebot3_simulations) by extensions ['colcon_meta']
[0.142s] Level 1:colcon.colcon_core.package_identification:_identify(src/turtlebot3_simulations) by extension 'colcon_meta'
[0.142s] Level 1:colcon.colcon_core.package_identification:_identify(src/turtlebot3_simulations) by extensions ['ros']
[0.142s] Level 1:colcon.colcon_core.package_identification:_identify(src/turtlebot3_simulations) by extension 'ros'
[0.142s] Level 1:colcon.colcon_core.package_identification:_identify(src/turtlebot3_simulations) by extensions ['cmake', 'python']
[0.142s] Level 1:colcon.colcon_core.package_identification:_identify(src/turtlebot3_simulations) by extension 'cmake'
[0.143s] Level 1:colcon.colcon_core.package_identification:_identify(src/turtlebot3_simulations) by extension 'python'
[0.143s] Level 1:colcon.colcon_core.package_identification:_identify(src/turtlebot3_simulations) by extensions ['python_setup_py']
[0.143s] Level 1:colcon.colcon_core.package_identification:_identify(src/turtlebot3_simulations) by extension 'python_setup_py'
[0.143s] Level 1:colcon.colcon_core.package_identification:_identify(src/turtlebot3_simulations/turtlebot3_fake_node) by extensions ['ignore', 'ignore_ament_install']
[0.143s] Level 1:colcon.colcon_core.package_identification:_identify(src/turtlebot3_simulations/turtlebot3_fake_node) by extension 'ignore'
[0.143s] Level 1:colcon.colcon_core.package_identification:_identify(src/turtlebot3_simulations/turtlebot3_fake_node) by extension 'ignore_ament_install'
[0.143s] Level 1:colcon.colcon_core.package_identification:_identify(src/turtlebot3_simulations/turtlebot3_fake_node) by extensions ['colcon_pkg']
[0.143s] Level 1:colcon.colcon_core.package_identification:_identify(src/turtlebot3_simulations/turtlebot3_fake_node) by extension 'colcon_pkg'
[0.143s] Level 1:colcon.colcon_core.package_identification:_identify(src/turtlebot3_simulations/turtlebot3_fake_node) by extensions ['colcon_meta']
[0.143s] Level 1:colcon.colcon_core.package_identification:_identify(src/turtlebot3_simulations/turtlebot3_fake_node) by extension 'colcon_meta'
[0.143s] Level 1:colcon.colcon_core.package_identification:_identify(src/turtlebot3_simulations/turtlebot3_fake_node) by extensions ['ros']
[0.143s] Level 1:colcon.colcon_core.package_identification:_identify(src/turtlebot3_simulations/turtlebot3_fake_node) by extension 'ros'
[0.144s] DEBUG:colcon.colcon_core.package_identification:Package 'src/turtlebot3_simulations/turtlebot3_fake_node' with type 'ros.ament_cmake' and name 'turtlebot3_fake_node'
[0.144s] Level 1:colcon.colcon_core.package_identification:_identify(src/turtlebot3_simulations/turtlebot3_gazebo) by extensions ['ignore', 'ignore_ament_install']
[0.144s] Level 1:colcon.colcon_core.package_identification:_identify(src/turtlebot3_simulations/turtlebot3_gazebo) by extension 'ignore'
[0.145s] Level 1:colcon.colcon_core.package_identification:_identify(src/turtlebot3_simulations/turtlebot3_gazebo) by extension 'ignore_ament_install'
[0.145s] Level 1:colcon.colcon_core.package_identification:_identify(src/turtlebot3_simulations/turtlebot3_gazebo) by extensions ['colcon_pkg']
[0.145s] Level 1:colcon.colcon_core.package_identification:_identify(src/turtlebot3_simulations/turtlebot3_gazebo) by extension 'colcon_pkg'
[0.145s] Level 1:colcon.colcon_core.package_identification:_identify(src/turtlebot3_simulations/turtlebot3_gazebo) by extensions ['colcon_meta']
[0.145s] Level 1:colcon.colcon_core.package_identification:_identify(src/turtlebot3_simulations/turtlebot3_gazebo) by extension 'colcon_meta'
[0.145s] Level 1:colcon.colcon_core.package_identification:_identify(src/turtlebot3_simulations/turtlebot3_gazebo) by extensions ['ros']
[0.145s] Level 1:colcon.colcon_core.package_identification:_identify(src/turtlebot3_simulations/turtlebot3_gazebo) by extension 'ros'
[0.146s] DEBUG:colcon.colcon_core.package_identification:Package 'src/turtlebot3_simulations/turtlebot3_gazebo' with type 'ros.ament_cmake' and name 'turtlebot3_gazebo'
[0.146s] Level 1:colcon.colcon_core.package_identification:_identify(src/turtlebot3_simulations/turtlebot3_simulations) by extensions ['ignore', 'ignore_ament_install']
[0.146s] Level 1:colcon.colcon_core.package_identification:_identify(src/turtlebot3_simulations/turtlebot3_simulations) by extension 'ignore'
[0.146s] Level 1:colcon.colcon_core.package_identification:_identify(src/turtlebot3_simulations/turtlebot3_simulations) by extension 'ignore_ament_install'
[0.146s] Level 1:colcon.colcon_core.package_identification:_identify(src/turtlebot3_simulations/turtlebot3_simulations) by extensions ['colcon_pkg']
[0.146s] Level 1:colcon.colcon_core.package_identification:_identify(src/turtlebot3_simulations/turtlebot3_simulations) by extension 'colcon_pkg'
[0.146s] Level 1:colcon.colcon_core.package_identification:_identify(src/turtlebot3_simulations/turtlebot3_simulations) by extensions ['colcon_meta']
[0.146s] Level 1:colcon.colcon_core.package_identification:_identify(src/turtlebot3_simulations/turtlebot3_simulations) by extension 'colcon_meta'
[0.146s] Level 1:colcon.colcon_core.package_identification:_identify(src/turtlebot3_simulations/turtlebot3_simulations) by extensions ['ros']
[0.146s] Level 1:colcon.colcon_core.package_identification:_identify(src/turtlebot3_simulations/turtlebot3_simulations) by extension 'ros'
[0.147s] DEBUG:colcon.colcon_core.package_identification:Package 'src/turtlebot3_simulations/turtlebot3_simulations' with type 'ros.ament_cmake' and name 'turtlebot3_simulations'
[0.147s] Level 1:colcon.colcon_core.package_discovery:discover_packages(recursive) using defaults
[0.147s] Level 1:colcon.colcon_core.package_discovery:discover_packages(ignore) discover
[0.147s] Level 1:colcon.colcon_core.package_discovery:discover_packages(ignore) using defaults
[0.147s] Level 1:colcon.colcon_core.package_discovery:discover_packages(path) discover
[0.147s] Level 1:colcon.colcon_core.package_discovery:discover_packages(path) using defaults
[0.161s] Level 1:colcon.colcon_core.package_discovery:discover_packages(prefix_path) check parameters
[0.161s] Level 1:colcon.colcon_core.package_discovery:discover_packages(prefix_path) discover
[0.163s] DEBUG:colcon.colcon_installed_package_information.package_discovery:Found 5 installed packages in /home/milo/Desktop/MobileRoboter/Uebung4/install
[0.163s] DEBUG:colcon.colcon_installed_package_information.package_discovery:Found 2 installed packages in /home/milo/dev_ws/install
[0.164s] DEBUG:colcon.colcon_installed_package_information.package_discovery:Found 309 installed packages in /opt/ros/foxy
[0.165s] Level 1:colcon.colcon_core.package_discovery:discover_packages(prefix_path) using defaults
[0.232s] Level 5:colcon.colcon_core.verb:set package 'corridor' build argument 'cmake_args' from command line to 'None'
[0.232s] Level 5:colcon.colcon_core.verb:set package 'corridor' build argument 'cmake_target' from command line to 'None'
[0.232s] Level 5:colcon.colcon_core.verb:set package 'corridor' build argument 'cmake_target_skip_unavailable' from command line to 'False'
[0.232s] Level 5:colcon.colcon_core.verb:set package 'corridor' build argument 'cmake_clean_cache' from command line to 'False'
[0.232s] Level 5:colcon.colcon_core.verb:set package 'corridor' build argument 'cmake_clean_first' from command line to 'False'
[0.232s] Level 5:colcon.colcon_core.verb:set package 'corridor' build argument 'cmake_force_configure' from command line to 'False'
[0.232s] Level 5:colcon.colcon_core.verb:set package 'corridor' build argument 'ament_cmake_args' from command line to 'None'
[0.232s] Level 5:colcon.colcon_core.verb:set package 'corridor' build argument 'catkin_cmake_args' from command line to 'None'
[0.232s] Level 5:colcon.colcon_core.verb:set package 'corridor' build argument 'catkin_skip_building_tests' from command line to 'False'
[0.232s] DEBUG:colcon.colcon_core.verb:Building package 'corridor' with the following arguments: {'ament_cmake_args': None, 'build_base': '/home/milo/Desktop/MobileRoboter/Uebung4/build/corridor', 'catkin_cmake_args': None, 'catkin_skip_building_tests': False, 'cmake_args': None, 'cmake_clean_cache': False, 'cmake_clean_first': False, 'cmake_force_configure': False, 'cmake_target': None, 'cmake_target_skip_unavailable': False, 'install_base': '/home/milo/Desktop/MobileRoboter/Uebung4/install/corridor', 'merge_install': False, 'path': '/home/milo/Desktop/MobileRoboter/Uebung4/src/ITI Gang Simulation/corridor', 'symlink_install': True, 'test_result_base': None}
[0.233s] Level 5:colcon.colcon_core.verb:set package 'potentialfield' build argument 'cmake_args' from command line to 'None'
[0.233s] Level 5:colcon.colcon_core.verb:set package 'potentialfield' build argument 'cmake_target' from command line to 'None'
[0.233s] Level 5:colcon.colcon_core.verb:set package 'potentialfield' build argument 'cmake_target_skip_unavailable' from command line to 'False'
[0.233s] Level 5:colcon.colcon_core.verb:set package 'potentialfield' build argument 'cmake_clean_cache' from command line to 'False'
[0.233s] Level 5:colcon.colcon_core.verb:set package 'potentialfield' build argument 'cmake_clean_first' from command line to 'False'
[0.233s] Level 5:colcon.colcon_core.verb:set package 'potentialfield' build argument 'cmake_force_configure' from command line to 'False'
[0.233s] Level 5:colcon.colcon_core.verb:set package 'potentialfield' build argument 'ament_cmake_args' from command line to 'None'
[0.233s] Level 5:colcon.colcon_core.verb:set package 'potentialfield' build argument 'catkin_cmake_args' from command line to 'None'
[0.233s] Level 5:colcon.colcon_core.verb:set package 'potentialfield' build argument 'catkin_skip_building_tests' from command line to 'False'
[0.233s] DEBUG:colcon.colcon_core.verb:Building package 'potentialfield' with the following arguments: {'ament_cmake_args': None, 'build_base': '/home/milo/Desktop/MobileRoboter/Uebung4/build/potentialfield', 'catkin_cmake_args': None, 'catkin_skip_building_tests': False, 'cmake_args': None, 'cmake_clean_cache': False, 'cmake_clean_first': False, 'cmake_force_configure': False, 'cmake_target': None, 'cmake_target_skip_unavailable': False, 'install_base': '/home/milo/Desktop/MobileRoboter/Uebung4/install/potentialfield', 'merge_install': False, 'path': '/home/milo/Desktop/MobileRoboter/Uebung4/src/potentialfield', 'symlink_install': True, 'test_result_base': None}
[0.234s] Level 5:colcon.colcon_core.verb:set package 'turtlebot3_fake_node' build argument 'cmake_args' from command line to 'None'
[0.234s] Level 5:colcon.colcon_core.verb:set package 'turtlebot3_fake_node' build argument 'cmake_target' from command line to 'None'
[0.234s] Level 5:colcon.colcon_core.verb:set package 'turtlebot3_fake_node' build argument 'cmake_target_skip_unavailable' from command line to 'False'
[0.234s] Level 5:colcon.colcon_core.verb:set package 'turtlebot3_fake_node' build argument 'cmake_clean_cache' from command line to 'False'
[0.234s] Level 5:colcon.colcon_core.verb:set package 'turtlebot3_fake_node' build argument 'cmake_clean_first' from command line to 'False'
[0.234s] Level 5:colcon.colcon_core.verb:set package 'turtlebot3_fake_node' build argument 'cmake_force_configure' from command line to 'False'
[0.234s] Level 5:colcon.colcon_core.verb:set package 'turtlebot3_fake_node' build argument 'ament_cmake_args' from command line to 'None'
[0.234s] Level 5:colcon.colcon_core.verb:set package 'turtlebot3_fake_node' build argument 'catkin_cmake_args' from command line to 'None'
[0.234s] Level 5:colcon.colcon_core.verb:set package 'turtlebot3_fake_node' build argument 'catkin_skip_building_tests' from command line to 'False'
[0.234s] DEBUG:colcon.colcon_core.verb:Building package 'turtlebot3_fake_node' with the following arguments: {'ament_cmake_args': None, 'build_base': '/home/milo/Desktop/MobileRoboter/Uebung4/build/turtlebot3_fake_node', 'catkin_cmake_args': None, 'catkin_skip_building_tests': False, 'cmake_args': None, 'cmake_clean_cache': False, 'cmake_clean_first': False, 'cmake_force_configure': False, 'cmake_target': None, 'cmake_target_skip_unavailable': False, 'install_base': '/home/milo/Desktop/MobileRoboter/Uebung4/install/turtlebot3_fake_node', 'merge_install': False, 'path': '/home/milo/Desktop/MobileRoboter/Uebung4/src/turtlebot3_simulations/turtlebot3_fake_node', 'symlink_install': True, 'test_result_base': None}
[0.234s] Level 5:colcon.colcon_core.verb:set package 'turtlebot3_gazebo' build argument 'cmake_args' from command line to 'None'
[0.234s] Level 5:colcon.colcon_core.verb:set package 'turtlebot3_gazebo' build argument 'cmake_target' from command line to 'None'
[0.234s] Level 5:colcon.colcon_core.verb:set package 'turtlebot3_gazebo' build argument 'cmake_target_skip_unavailable' from command line to 'False'
[0.234s] Level 5:colcon.colcon_core.verb:set package 'turtlebot3_gazebo' build argument 'cmake_clean_cache' from command line to 'False'
[0.234s] Level 5:colcon.colcon_core.verb:set package 'turtlebot3_gazebo' build argument 'cmake_clean_first' from command line to 'False'
[0.234s] Level 5:colcon.colcon_core.verb:set package 'turtlebot3_gazebo' build argument 'cmake_force_configure' from command line to 'False'
[0.234s] Level 5:colcon.colcon_core.verb:set package 'turtlebot3_gazebo' build argument 'ament_cmake_args' from command line to 'None'
[0.234s] Level 5:colcon.colcon_core.verb:set package 'turtlebot3_gazebo' build argument 'catkin_cmake_args' from command line to 'None'
[0.234s] Level 5:colcon.colcon_core.verb:set package 'turtlebot3_gazebo' build argument 'catkin_skip_building_tests' from command line to 'False'
[0.234s] DEBUG:colcon.colcon_core.verb:Building package 'turtlebot3_gazebo' with the following arguments: {'ament_cmake_args': None, 'build_base': '/home/milo/Desktop/MobileRoboter/Uebung4/build/turtlebot3_gazebo', 'catkin_cmake_args': None, 'catkin_skip_building_tests': False, 'cmake_args': None, 'cmake_clean_cache': False, 'cmake_clean_first': False, 'cmake_force_configure': False, 'cmake_target': None, 'cmake_target_skip_unavailable': False, 'install_base': '/home/milo/Desktop/MobileRoboter/Uebung4/install/turtlebot3_gazebo', 'merge_install': False, 'path': '/home/milo/Desktop/MobileRoboter/Uebung4/src/turtlebot3_simulations/turtlebot3_gazebo', 'symlink_install': True, 'test_result_base': None}
[0.235s] Level 5:colcon.colcon_core.verb:set package 'turtlebot3_simulations' build argument 'cmake_args' from command line to 'None'
[0.235s] Level 5:colcon.colcon_core.verb:set package 'turtlebot3_simulations' build argument 'cmake_target' from command line to 'None'
[0.235s] Level 5:colcon.colcon_core.verb:set package 'turtlebot3_simulations' build argument 'cmake_target_skip_unavailable' from command line to 'False'
[0.235s] Level 5:colcon.colcon_core.verb:set package 'turtlebot3_simulations' build argument 'cmake_clean_cache' from command line to 'False'
[0.235s] Level 5:colcon.colcon_core.verb:set package 'turtlebot3_simulations' build argument 'cmake_clean_first' from command line to 'False'
[0.235s] Level 5:colcon.colcon_core.verb:set package 'turtlebot3_simulations' build argument 'cmake_force_configure' from command line to 'False'
[0.235s] Level 5:colcon.colcon_core.verb:set package 'turtlebot3_simulations' build argument 'ament_cmake_args' from command line to 'None'
[0.235s] Level 5:colcon.colcon_core.verb:set package 'turtlebot3_simulations' build argument 'catkin_cmake_args' from command line to 'None'
[0.235s] Level 5:colcon.colcon_core.verb:set package 'turtlebot3_simulations' build argument 'catkin_skip_building_tests' from command line to 'False'
[0.235s] DEBUG:colcon.colcon_core.verb:Building package 'turtlebot3_simulations' with the following arguments: {'ament_cmake_args': None, 'build_base': '/home/milo/Desktop/MobileRoboter/Uebung4/build/turtlebot3_simulations', 'catkin_cmake_args': None, 'catkin_skip_building_tests': False, 'cmake_args': None, 'cmake_clean_cache': False, 'cmake_clean_first': False, 'cmake_force_configure': False, 'cmake_target': None, 'cmake_target_skip_unavailable': False, 'install_base': '/home/milo/Desktop/MobileRoboter/Uebung4/install/turtlebot3_simulations', 'merge_install': False, 'path': '/home/milo/Desktop/MobileRoboter/Uebung4/src/turtlebot3_simulations/turtlebot3_simulations', 'symlink_install': True, 'test_result_base': None}
[0.235s] INFO:colcon.colcon_core.executor:Executing jobs using 'parallel' executor
[0.237s] DEBUG:colcon.colcon_parallel_executor.executor.parallel:run_until_complete
[0.237s] INFO:colcon.colcon_ros.task.ament_cmake.build:Building ROS package in '/home/milo/Desktop/MobileRoboter/Uebung4/src/turtlebot3_simulations/turtlebot3_fake_node' with build type 'ament_cmake'
[0.237s] INFO:colcon.colcon_cmake.task.cmake.build:Building CMake package in '/home/milo/Desktop/MobileRoboter/Uebung4/src/turtlebot3_simulations/turtlebot3_fake_node'
[0.240s] INFO:colcon.colcon_core.plugin_system:Skipping extension 'colcon_core.shell.bat': Not used on non-Windows systems
[0.240s] INFO:colcon.colcon_core.shell:Skip shell extension 'powershell' for command environment: Not usable outside of PowerShell
[0.240s] DEBUG:colcon.colcon_core.shell:Skip shell extension 'dsv' for command environment
[0.245s] INFO:colcon.colcon_ros.task.ament_cmake.build:Building ROS package in '/home/milo/Desktop/MobileRoboter/Uebung4/src/turtlebot3_simulations/turtlebot3_gazebo' with build type 'ament_cmake'
[0.245s] INFO:colcon.colcon_cmake.task.cmake.build:Building CMake package in '/home/milo/Desktop/MobileRoboter/Uebung4/src/turtlebot3_simulations/turtlebot3_gazebo'
[0.246s] INFO:colcon.colcon_core.shell:Skip shell extension 'powershell' for command environment: Not usable outside of PowerShell
[0.246s] DEBUG:colcon.colcon_core.shell:Skip shell extension 'dsv' for command environment
[0.251s] INFO:colcon.colcon_ros.task.ament_python.build:Building ROS package in '/home/milo/Desktop/MobileRoboter/Uebung4/src/ITI Gang Simulation/corridor' with build type 'ament_python'
[0.251s] Level 1:colcon.colcon_core.shell:create_environment_hook('corridor', 'ament_prefix_path')
[0.252s] INFO:colcon.colcon_core.shell:Creating environment hook '/home/milo/Desktop/MobileRoboter/Uebung4/install/corridor/share/corridor/hook/ament_prefix_path.ps1'
[0.252s] INFO:colcon.colcon_core.shell:Creating environment descriptor '/home/milo/Desktop/MobileRoboter/Uebung4/install/corridor/share/corridor/hook/ament_prefix_path.dsv'
[0.253s] INFO:colcon.colcon_core.shell:Creating environment hook '/home/milo/Desktop/MobileRoboter/Uebung4/install/corridor/share/corridor/hook/ament_prefix_path.sh'
[0.254s] INFO:colcon.colcon_core.shell:Skip shell extension 'powershell' for command environment: Not usable outside of PowerShell
[0.254s] DEBUG:colcon.colcon_core.shell:Skip shell extension 'dsv' for command environment
[0.258s] INFO:colcon.colcon_ros.task.ament_python.build:Building ROS package in '/home/milo/Desktop/MobileRoboter/Uebung4/src/potentialfield' with build type 'ament_python'
[0.259s] Level 1:colcon.colcon_core.shell:create_environment_hook('potentialfield', 'ament_prefix_path')
[0.259s] INFO:colcon.colcon_core.shell:Creating environment hook '/home/milo/Desktop/MobileRoboter/Uebung4/install/potentialfield/share/potentialfield/hook/ament_prefix_path.ps1'
[0.260s] INFO:colcon.colcon_core.shell:Creating environment descriptor '/home/milo/Desktop/MobileRoboter/Uebung4/install/potentialfield/share/potentialfield/hook/ament_prefix_path.dsv'
[0.260s] INFO:colcon.colcon_core.shell:Creating environment hook '/home/milo/Desktop/MobileRoboter/Uebung4/install/potentialfield/share/potentialfield/hook/ament_prefix_path.sh'
[0.261s] INFO:colcon.colcon_core.shell:Skip shell extension 'powershell' for command environment: Not usable outside of PowerShell
[0.261s] DEBUG:colcon.colcon_core.shell:Skip shell extension 'dsv' for command environment
[0.271s] DEBUG:colcon.colcon_core.event_handler.log_command:Invoking command in '/home/milo/Desktop/MobileRoboter/Uebung4/build/turtlebot3_fake_node': CMAKE_PREFIX_PATH=${CMAKE_PREFIX_PATH}:/home/milo/Desktop/MobileRoboter/Uebung4/install/potentialfield:/home/milo/Desktop/MobileRoboter/Uebung4/install/corridor:/home/milo/dev_ws/install/py_pubsub:/home/milo/dev_ws/install/my_package:/opt/ros/foxy /usr/bin/cmake --build /home/milo/Desktop/MobileRoboter/Uebung4/build/turtlebot3_fake_node -- -j12 -l12
[0.282s] DEBUG:colcon.colcon_core.event_handler.log_command:Invoking command in '/home/milo/Desktop/MobileRoboter/Uebung4/build/turtlebot3_gazebo': CMAKE_PREFIX_PATH=${CMAKE_PREFIX_PATH}:/home/milo/Desktop/MobileRoboter/Uebung4/install/potentialfield:/home/milo/Desktop/MobileRoboter/Uebung4/install/corridor:/home/milo/dev_ws/install/py_pubsub:/home/milo/dev_ws/install/my_package:/opt/ros/foxy /usr/bin/cmake --build /home/milo/Desktop/MobileRoboter/Uebung4/build/turtlebot3_gazebo -- -j12 -l12
[0.467s] INFO:colcon.colcon_core.task.python.build:Building Python package in '/home/milo/Desktop/MobileRoboter/Uebung4/src/ITI Gang Simulation/corridor'
[0.467s] INFO:colcon.colcon_core.shell:Skip shell extension 'powershell' for command environment: Not usable outside of PowerShell
[0.468s] DEBUG:colcon.colcon_core.shell:Skip shell extension 'dsv' for command environment
[0.639s] INFO:colcon.colcon_core.task.python.build:Building Python package in '/home/milo/Desktop/MobileRoboter/Uebung4/src/potentialfield'
[0.640s] INFO:colcon.colcon_core.shell:Skip shell extension 'powershell' for command environment: Not usable outside of PowerShell
[0.640s] DEBUG:colcon.colcon_core.shell:Skip shell extension 'dsv' for command environment
[0.651s] DEBUG:colcon.colcon_core.event_handler.log_command:Invoked command in '/home/milo/Desktop/MobileRoboter/Uebung4/build/turtlebot3_gazebo' returned '0': CMAKE_PREFIX_PATH=${CMAKE_PREFIX_PATH}:/home/milo/Desktop/MobileRoboter/Uebung4/install/potentialfield:/home/milo/Desktop/MobileRoboter/Uebung4/install/corridor:/home/milo/dev_ws/install/py_pubsub:/home/milo/dev_ws/install/my_package:/opt/ros/foxy /usr/bin/cmake --build /home/milo/Desktop/MobileRoboter/Uebung4/build/turtlebot3_gazebo -- -j12 -l12
[0.652s] DEBUG:colcon.colcon_core.event_handler.log_command:Invoked command in '/home/milo/Desktop/MobileRoboter/Uebung4/build/turtlebot3_fake_node' returned '0': CMAKE_PREFIX_PATH=${CMAKE_PREFIX_PATH}:/home/milo/Desktop/MobileRoboter/Uebung4/install/potentialfield:/home/milo/Desktop/MobileRoboter/Uebung4/install/corridor:/home/milo/dev_ws/install/py_pubsub:/home/milo/dev_ws/install/my_package:/opt/ros/foxy /usr/bin/cmake --build /home/milo/Desktop/MobileRoboter/Uebung4/build/turtlebot3_fake_node -- -j12 -l12
[0.675s] DEBUG:colcon.colcon_core.event_handler.log_command:Invoking command in '/home/milo/Desktop/MobileRoboter/Uebung4/build/turtlebot3_fake_node': CMAKE_PREFIX_PATH=${CMAKE_PREFIX_PATH}:/home/milo/Desktop/MobileRoboter/Uebung4/install/potentialfield:/home/milo/Desktop/MobileRoboter/Uebung4/install/corridor:/home/milo/dev_ws/install/py_pubsub:/home/milo/dev_ws/install/my_package:/opt/ros/foxy /usr/bin/cmake --install /home/milo/Desktop/MobileRoboter/Uebung4/build/turtlebot3_fake_node
[0.680s] DEBUG:colcon.colcon_core.event_handler.log_command:Invoking command in '/home/milo/Desktop/MobileRoboter/Uebung4/build/turtlebot3_gazebo': CMAKE_PREFIX_PATH=${CMAKE_PREFIX_PATH}:/home/milo/Desktop/MobileRoboter/Uebung4/install/potentialfield:/home/milo/Desktop/MobileRoboter/Uebung4/install/corridor:/home/milo/dev_ws/install/py_pubsub:/home/milo/dev_ws/install/my_package:/opt/ros/foxy /usr/bin/cmake --install /home/milo/Desktop/MobileRoboter/Uebung4/build/turtlebot3_gazebo
[0.706s] Level 1:colcon.colcon_core.environment:create_environment_scripts_only(turtlebot3_fake_node)
[0.709s] DEBUG:colcon.colcon_core.event_handler.log_command:Invoked command in '/home/milo/Desktop/MobileRoboter/Uebung4/build/turtlebot3_fake_node' returned '0': CMAKE_PREFIX_PATH=${CMAKE_PREFIX_PATH}:/home/milo/Desktop/MobileRoboter/Uebung4/install/potentialfield:/home/milo/Desktop/MobileRoboter/Uebung4/install/corridor:/home/milo/dev_ws/install/py_pubsub:/home/milo/dev_ws/install/my_package:/opt/ros/foxy /usr/bin/cmake --install /home/milo/Desktop/MobileRoboter/Uebung4/build/turtlebot3_fake_node
[0.713s] Level 1:colcon.colcon_core.environment:checking '/home/milo/Desktop/MobileRoboter/Uebung4/install/turtlebot3_fake_node' for CMake module files
[0.714s] Level 1:colcon.colcon_core.environment:checking '/home/milo/Desktop/MobileRoboter/Uebung4/install/turtlebot3_fake_node' for CMake config files
[0.715s] Level 1:colcon.colcon_core.shell:create_environment_hook('turtlebot3_fake_node', 'cmake_prefix_path')
[0.716s] INFO:colcon.colcon_core.shell:Creating environment hook '/home/milo/Desktop/MobileRoboter/Uebung4/install/turtlebot3_fake_node/share/turtlebot3_fake_node/hook/cmake_prefix_path.ps1'
[0.716s] INFO:colcon.colcon_core.shell:Creating environment descriptor '/home/milo/Desktop/MobileRoboter/Uebung4/install/turtlebot3_fake_node/share/turtlebot3_fake_node/hook/cmake_prefix_path.dsv'
[0.716s] INFO:colcon.colcon_core.shell:Creating environment hook '/home/milo/Desktop/MobileRoboter/Uebung4/install/turtlebot3_fake_node/share/turtlebot3_fake_node/hook/cmake_prefix_path.sh'
[0.717s] Level 1:colcon.colcon_core.environment:checking '/home/milo/Desktop/MobileRoboter/Uebung4/install/turtlebot3_fake_node/lib'
[0.717s] Level 1:colcon.colcon_core.environment:checking '/home/milo/Desktop/MobileRoboter/Uebung4/install/turtlebot3_fake_node/bin'
[0.717s] Level 1:colcon.colcon_core.environment:checking '/home/milo/Desktop/MobileRoboter/Uebung4/install/turtlebot3_fake_node/lib/pkgconfig/turtlebot3_fake_node.pc'
[0.717s] Level 1:colcon.colcon_core.environment:checking '/home/milo/Desktop/MobileRoboter/Uebung4/install/turtlebot3_fake_node/lib/python3.8/site-packages'
[0.718s] Level 1:colcon.colcon_core.environment:checking '/home/milo/Desktop/MobileRoboter/Uebung4/install/turtlebot3_fake_node/bin'
[0.718s] INFO:colcon.colcon_core.shell:Creating package script '/home/milo/Desktop/MobileRoboter/Uebung4/install/turtlebot3_fake_node/share/turtlebot3_fake_node/package.ps1'
[0.719s] INFO:colcon.colcon_core.shell:Creating package descriptor '/home/milo/Desktop/MobileRoboter/Uebung4/install/turtlebot3_fake_node/share/turtlebot3_fake_node/package.dsv'
[0.719s] INFO:colcon.colcon_core.shell:Creating package script '/home/milo/Desktop/MobileRoboter/Uebung4/install/turtlebot3_fake_node/share/turtlebot3_fake_node/package.sh'
[0.720s] INFO:colcon.colcon_core.shell:Creating package script '/home/milo/Desktop/MobileRoboter/Uebung4/install/turtlebot3_fake_node/share/turtlebot3_fake_node/package.bash'
[0.721s] INFO:colcon.colcon_core.shell:Creating package script '/home/milo/Desktop/MobileRoboter/Uebung4/install/turtlebot3_fake_node/share/turtlebot3_fake_node/package.zsh'
[0.722s] Level 1:colcon.colcon_core.environment:create_file_with_runtime_dependencies(/home/milo/Desktop/MobileRoboter/Uebung4/install/turtlebot3_fake_node/share/colcon-core/packages/turtlebot3_fake_node)
[0.725s] Level 1:colcon.colcon_core.environment:create_environment_scripts_only(turtlebot3_gazebo)
[0.727s] Level 1:colcon.colcon_core.environment:checking '/home/milo/Desktop/MobileRoboter/Uebung4/install/turtlebot3_gazebo' for CMake module files
[0.727s] DEBUG:colcon.colcon_core.event_handler.log_command:Invoked command in '/home/milo/Desktop/MobileRoboter/Uebung4/build/turtlebot3_gazebo' returned '0': CMAKE_PREFIX_PATH=${CMAKE_PREFIX_PATH}:/home/milo/Desktop/MobileRoboter/Uebung4/install/potentialfield:/home/milo/Desktop/MobileRoboter/Uebung4/install/corridor:/home/milo/dev_ws/install/py_pubsub:/home/milo/dev_ws/install/my_package:/opt/ros/foxy /usr/bin/cmake --install /home/milo/Desktop/MobileRoboter/Uebung4/build/turtlebot3_gazebo
[0.728s] Level 1:colcon.colcon_core.environment:checking '/home/milo/Desktop/MobileRoboter/Uebung4/install/turtlebot3_gazebo' for CMake config files
[0.728s] Level 1:colcon.colcon_core.shell:create_environment_hook('turtlebot3_gazebo', 'cmake_prefix_path')
[0.729s] INFO:colcon.colcon_core.shell:Creating environment hook '/home/milo/Desktop/MobileRoboter/Uebung4/install/turtlebot3_gazebo/share/turtlebot3_gazebo/hook/cmake_prefix_path.ps1'
[0.730s] INFO:colcon.colcon_core.shell:Creating environment descriptor '/home/milo/Desktop/MobileRoboter/Uebung4/install/turtlebot3_gazebo/share/turtlebot3_gazebo/hook/cmake_prefix_path.dsv'
[0.730s] INFO:colcon.colcon_core.shell:Creating environment hook '/home/milo/Desktop/MobileRoboter/Uebung4/install/turtlebot3_gazebo/share/turtlebot3_gazebo/hook/cmake_prefix_path.sh'
[0.731s] Level 1:colcon.colcon_core.environment:checking '/home/milo/Desktop/MobileRoboter/Uebung4/install/turtlebot3_gazebo/lib'
[0.731s] Level 1:colcon.colcon_core.environment:checking '/home/milo/Desktop/MobileRoboter/Uebung4/install/turtlebot3_gazebo/bin'
[0.731s] Level 1:colcon.colcon_core.environment:checking '/home/milo/Desktop/MobileRoboter/Uebung4/install/turtlebot3_gazebo/lib/pkgconfig/turtlebot3_gazebo.pc'
[0.731s] Level 1:colcon.colcon_core.environment:checking '/home/milo/Desktop/MobileRoboter/Uebung4/install/turtlebot3_gazebo/lib/python3.8/site-packages'
[0.731s] Level 1:colcon.colcon_core.environment:checking '/home/milo/Desktop/MobileRoboter/Uebung4/install/turtlebot3_gazebo/bin'
[0.732s] INFO:colcon.colcon_core.shell:Creating package script '/home/milo/Desktop/MobileRoboter/Uebung4/install/turtlebot3_gazebo/share/turtlebot3_gazebo/package.ps1'
[0.733s] INFO:colcon.colcon_core.shell:Creating package descriptor '/home/milo/Desktop/MobileRoboter/Uebung4/install/turtlebot3_gazebo/share/turtlebot3_gazebo/package.dsv'
[0.733s] INFO:colcon.colcon_core.shell:Creating package script '/home/milo/Desktop/MobileRoboter/Uebung4/install/turtlebot3_gazebo/share/turtlebot3_gazebo/package.sh'
[0.734s] INFO:colcon.colcon_core.shell:Creating package script '/home/milo/Desktop/MobileRoboter/Uebung4/install/turtlebot3_gazebo/share/turtlebot3_gazebo/package.bash'
[0.734s] INFO:colcon.colcon_core.shell:Creating package script '/home/milo/Desktop/MobileRoboter/Uebung4/install/turtlebot3_gazebo/share/turtlebot3_gazebo/package.zsh'
[0.735s] Level 1:colcon.colcon_core.environment:create_file_with_runtime_dependencies(/home/milo/Desktop/MobileRoboter/Uebung4/install/turtlebot3_gazebo/share/colcon-core/packages/turtlebot3_gazebo)
[0.741s] Level 1:colcon.colcon_core.environment:create_environment_scripts_only(turtlebot3_fake_node)
[0.742s] Level 1:colcon.colcon_core.environment:checking '/home/milo/Desktop/MobileRoboter/Uebung4/install/turtlebot3_fake_node' for CMake module files
[0.742s] Level 1:colcon.colcon_core.environment:checking '/home/milo/Desktop/MobileRoboter/Uebung4/install/turtlebot3_fake_node' for CMake config files
[0.743s] Level 1:colcon.colcon_core.shell:create_environment_hook('turtlebot3_fake_node', 'cmake_prefix_path')
[0.744s] INFO:colcon.colcon_core.shell:Creating environment hook '/home/milo/Desktop/MobileRoboter/Uebung4/install/turtlebot3_fake_node/share/turtlebot3_fake_node/hook/cmake_prefix_path.ps1'
[0.744s] INFO:colcon.colcon_core.shell:Creating environment descriptor '/home/milo/Desktop/MobileRoboter/Uebung4/install/turtlebot3_fake_node/share/turtlebot3_fake_node/hook/cmake_prefix_path.dsv'
[0.745s] INFO:colcon.colcon_core.shell:Creating environment hook '/home/milo/Desktop/MobileRoboter/Uebung4/install/turtlebot3_fake_node/share/turtlebot3_fake_node/hook/cmake_prefix_path.sh'
[0.745s] Level 1:colcon.colcon_core.environment:checking '/home/milo/Desktop/MobileRoboter/Uebung4/install/turtlebot3_fake_node/lib'
[0.745s] Level 1:colcon.colcon_core.environment:checking '/home/milo/Desktop/MobileRoboter/Uebung4/install/turtlebot3_fake_node/bin'
[0.745s] Level 1:colcon.colcon_core.environment:checking '/home/milo/Desktop/MobileRoboter/Uebung4/install/turtlebot3_fake_node/lib/pkgconfig/turtlebot3_fake_node.pc'
[0.746s] Level 1:colcon.colcon_core.environment:checking '/home/milo/Desktop/MobileRoboter/Uebung4/install/turtlebot3_fake_node/lib/python3.8/site-packages'
[0.746s] Level 1:colcon.colcon_core.environment:checking '/home/milo/Desktop/MobileRoboter/Uebung4/install/turtlebot3_fake_node/bin'
[0.747s] INFO:colcon.colcon_core.shell:Creating package script '/home/milo/Desktop/MobileRoboter/Uebung4/install/turtlebot3_fake_node/share/turtlebot3_fake_node/package.ps1'
[0.747s] INFO:colcon.colcon_core.shell:Creating package descriptor '/home/milo/Desktop/MobileRoboter/Uebung4/install/turtlebot3_fake_node/share/turtlebot3_fake_node/package.dsv'
[0.748s] INFO:colcon.colcon_core.shell:Creating package script '/home/milo/Desktop/MobileRoboter/Uebung4/install/turtlebot3_fake_node/share/turtlebot3_fake_node/package.sh'
[0.748s] INFO:colcon.colcon_core.shell:Creating package script '/home/milo/Desktop/MobileRoboter/Uebung4/install/turtlebot3_fake_node/share/turtlebot3_fake_node/package.bash'
[0.748s] INFO:colcon.colcon_core.shell:Creating package script '/home/milo/Desktop/MobileRoboter/Uebung4/install/turtlebot3_fake_node/share/turtlebot3_fake_node/package.zsh'
[0.749s] Level 1:colcon.colcon_core.environment:create_file_with_runtime_dependencies(/home/milo/Desktop/MobileRoboter/Uebung4/install/turtlebot3_fake_node/share/colcon-core/packages/turtlebot3_fake_node)
[0.763s] Level 1:colcon.colcon_core.environment:create_environment_scripts_only(turtlebot3_gazebo)
[0.764s] Level 1:colcon.colcon_core.environment:checking '/home/milo/Desktop/MobileRoboter/Uebung4/install/turtlebot3_gazebo' for CMake module files
[0.765s] Level 1:colcon.colcon_core.environment:checking '/home/milo/Desktop/MobileRoboter/Uebung4/install/turtlebot3_gazebo' for CMake config files
[0.765s] Level 1:colcon.colcon_core.shell:create_environment_hook('turtlebot3_gazebo', 'cmake_prefix_path')
[0.766s] INFO:colcon.colcon_core.shell:Creating environment hook '/home/milo/Desktop/MobileRoboter/Uebung4/install/turtlebot3_gazebo/share/turtlebot3_gazebo/hook/cmake_prefix_path.ps1'
[0.766s] INFO:colcon.colcon_core.shell:Creating environment descriptor '/home/milo/Desktop/MobileRoboter/Uebung4/install/turtlebot3_gazebo/share/turtlebot3_gazebo/hook/cmake_prefix_path.dsv'
[0.767s] INFO:colcon.colcon_core.shell:Creating environment hook '/home/milo/Desktop/MobileRoboter/Uebung4/install/turtlebot3_gazebo/share/turtlebot3_gazebo/hook/cmake_prefix_path.sh'
[0.767s] Level 1:colcon.colcon_core.environment:checking '/home/milo/Desktop/MobileRoboter/Uebung4/install/turtlebot3_gazebo/lib'
[0.767s] Level 1:colcon.colcon_core.environment:checking '/home/milo/Desktop/MobileRoboter/Uebung4/install/turtlebot3_gazebo/bin'
[0.768s] Level 1:colcon.colcon_core.environment:checking '/home/milo/Desktop/MobileRoboter/Uebung4/install/turtlebot3_gazebo/lib/pkgconfig/turtlebot3_gazebo.pc'
[0.768s] Level 1:colcon.colcon_core.environment:checking '/home/milo/Desktop/MobileRoboter/Uebung4/install/turtlebot3_gazebo/lib/python3.8/site-packages'
[0.768s] Level 1:colcon.colcon_core.environment:checking '/home/milo/Desktop/MobileRoboter/Uebung4/install/turtlebot3_gazebo/bin'
[0.769s] INFO:colcon.colcon_core.shell:Creating package script '/home/milo/Desktop/MobileRoboter/Uebung4/install/turtlebot3_gazebo/share/turtlebot3_gazebo/package.ps1'
[0.769s] INFO:colcon.colcon_core.shell:Creating package descriptor '/home/milo/Desktop/MobileRoboter/Uebung4/install/turtlebot3_gazebo/share/turtlebot3_gazebo/package.dsv'
[0.770s] INFO:colcon.colcon_core.shell:Creating package script '/home/milo/Desktop/MobileRoboter/Uebung4/install/turtlebot3_gazebo/share/turtlebot3_gazebo/package.sh'
[0.770s] INFO:colcon.colcon_core.shell:Creating package script '/home/milo/Desktop/MobileRoboter/Uebung4/install/turtlebot3_gazebo/share/turtlebot3_gazebo/package.bash'
[0.771s] INFO:colcon.colcon_core.shell:Creating package script '/home/milo/Desktop/MobileRoboter/Uebung4/install/turtlebot3_gazebo/share/turtlebot3_gazebo/package.zsh'
[0.771s] Level 1:colcon.colcon_core.environment:create_file_with_runtime_dependencies(/home/milo/Desktop/MobileRoboter/Uebung4/install/turtlebot3_gazebo/share/colcon-core/packages/turtlebot3_gazebo)
[0.771s] INFO:colcon.colcon_ros.task.ament_cmake.build:Building ROS package in '/home/milo/Desktop/MobileRoboter/Uebung4/src/turtlebot3_simulations/turtlebot3_simulations' with build type 'ament_cmake'
[0.772s] INFO:colcon.colcon_cmake.task.cmake.build:Building CMake package in '/home/milo/Desktop/MobileRoboter/Uebung4/src/turtlebot3_simulations/turtlebot3_simulations'
[0.772s] INFO:colcon.colcon_core.shell:Skip shell extension 'powershell' for command environment: Not usable outside of PowerShell
[0.772s] DEBUG:colcon.colcon_core.shell:Skip shell extension 'dsv' for command environment
[0.787s] DEBUG:colcon.colcon_core.event_handler.log_command:Invoking command in '/home/milo/Desktop/MobileRoboter/Uebung4/build/turtlebot3_simulations': CMAKE_PREFIX_PATH=/home/milo/Desktop/MobileRoboter/Uebung4/install/turtlebot3_gazebo:/home/milo/Desktop/MobileRoboter/Uebung4/install/turtlebot3_fake_node:/home/milo/Desktop/MobileRoboter/Uebung4/install/turtlebot3_simulations:/home/milo/Desktop/MobileRoboter/Uebung4/install/potentialfield:/home/milo/Desktop/MobileRoboter/Uebung4/install/corridor:/home/milo/dev_ws/install/py_pubsub:/home/milo/dev_ws/install/my_package:/opt/ros/foxy /usr/bin/cmake --build /home/milo/Desktop/MobileRoboter/Uebung4/build/turtlebot3_simulations -- -j12 -l12
[0.818s] DEBUG:colcon.colcon_core.event_handler.log_command:Invoked command in '/home/milo/Desktop/MobileRoboter/Uebung4/build/turtlebot3_simulations' returned '0': CMAKE_PREFIX_PATH=/home/milo/Desktop/MobileRoboter/Uebung4/install/turtlebot3_gazebo:/home/milo/Desktop/MobileRoboter/Uebung4/install/turtlebot3_fake_node:/home/milo/Desktop/MobileRoboter/Uebung4/install/turtlebot3_simulations:/home/milo/Desktop/MobileRoboter/Uebung4/install/potentialfield:/home/milo/Desktop/MobileRoboter/Uebung4/install/corridor:/home/milo/dev_ws/install/py_pubsub:/home/milo/dev_ws/install/my_package:/opt/ros/foxy /usr/bin/cmake --build /home/milo/Desktop/MobileRoboter/Uebung4/build/turtlebot3_simulations -- -j12 -l12
[0.835s] DEBUG:colcon.colcon_core.event_handler.log_command:Invoking command in '/home/milo/Desktop/MobileRoboter/Uebung4/build/turtlebot3_simulations': CMAKE_PREFIX_PATH=/home/milo/Desktop/MobileRoboter/Uebung4/install/turtlebot3_gazebo:/home/milo/Desktop/MobileRoboter/Uebung4/install/turtlebot3_fake_node:/home/milo/Desktop/MobileRoboter/Uebung4/install/turtlebot3_simulations:/home/milo/Desktop/MobileRoboter/Uebung4/install/potentialfield:/home/milo/Desktop/MobileRoboter/Uebung4/install/corridor:/home/milo/dev_ws/install/py_pubsub:/home/milo/dev_ws/install/my_package:/opt/ros/foxy /usr/bin/cmake --install /home/milo/Desktop/MobileRoboter/Uebung4/build/turtlebot3_simulations
[0.858s] Level 1:colcon.colcon_core.environment:create_environment_scripts_only(turtlebot3_simulations)
[0.859s] Level 1:colcon.colcon_core.environment:checking '/home/milo/Desktop/MobileRoboter/Uebung4/install/turtlebot3_simulations' for CMake module files
[0.859s] DEBUG:colcon.colcon_core.event_handler.log_command:Invoked command in '/home/milo/Desktop/MobileRoboter/Uebung4/build/turtlebot3_simulations' returned '0': CMAKE_PREFIX_PATH=/home/milo/Desktop/MobileRoboter/Uebung4/install/turtlebot3_gazebo:/home/milo/Desktop/MobileRoboter/Uebung4/install/turtlebot3_fake_node:/home/milo/Desktop/MobileRoboter/Uebung4/install/turtlebot3_simulations:/home/milo/Desktop/MobileRoboter/Uebung4/install/potentialfield:/home/milo/Desktop/MobileRoboter/Uebung4/install/corridor:/home/milo/dev_ws/install/py_pubsub:/home/milo/dev_ws/install/my_package:/opt/ros/foxy /usr/bin/cmake --install /home/milo/Desktop/MobileRoboter/Uebung4/build/turtlebot3_simulations
[0.860s] Level 1:colcon.colcon_core.environment:checking '/home/milo/Desktop/MobileRoboter/Uebung4/install/turtlebot3_simulations' for CMake config files
[0.860s] Level 1:colcon.colcon_core.shell:create_environment_hook('turtlebot3_simulations', 'cmake_prefix_path')
[0.860s] INFO:colcon.colcon_core.shell:Creating environment hook '/home/milo/Desktop/MobileRoboter/Uebung4/install/turtlebot3_simulations/share/turtlebot3_simulations/hook/cmake_prefix_path.ps1'
[0.861s] INFO:colcon.colcon_core.shell:Creating environment descriptor '/home/milo/Desktop/MobileRoboter/Uebung4/install/turtlebot3_simulations/share/turtlebot3_simulations/hook/cmake_prefix_path.dsv'
[0.861s] INFO:colcon.colcon_core.shell:Creating environment hook '/home/milo/Desktop/MobileRoboter/Uebung4/install/turtlebot3_simulations/share/turtlebot3_simulations/hook/cmake_prefix_path.sh'
[0.861s] Level 1:colcon.colcon_core.environment:checking '/home/milo/Desktop/MobileRoboter/Uebung4/install/turtlebot3_simulations/bin'
[0.861s] Level 1:colcon.colcon_core.environment:checking '/home/milo/Desktop/MobileRoboter/Uebung4/install/turtlebot3_simulations/lib/pkgconfig/turtlebot3_simulations.pc'
[0.862s] Level 1:colcon.colcon_core.environment:checking '/home/milo/Desktop/MobileRoboter/Uebung4/install/turtlebot3_simulations/lib/python3.8/site-packages'
[0.862s] Level 1:colcon.colcon_core.environment:checking '/home/milo/Desktop/MobileRoboter/Uebung4/install/turtlebot3_simulations/bin'
[0.862s] INFO:colcon.colcon_core.shell:Creating package script '/home/milo/Desktop/MobileRoboter/Uebung4/install/turtlebot3_simulations/share/turtlebot3_simulations/package.ps1'
[0.863s] INFO:colcon.colcon_core.shell:Creating package descriptor '/home/milo/Desktop/MobileRoboter/Uebung4/install/turtlebot3_simulations/share/turtlebot3_simulations/package.dsv'
[0.863s] INFO:colcon.colcon_core.shell:Creating package script '/home/milo/Desktop/MobileRoboter/Uebung4/install/turtlebot3_simulations/share/turtlebot3_simulations/package.sh'
[0.863s] INFO:colcon.colcon_core.shell:Creating package script '/home/milo/Desktop/MobileRoboter/Uebung4/install/turtlebot3_simulations/share/turtlebot3_simulations/package.bash'
[0.863s] INFO:colcon.colcon_core.shell:Creating package script '/home/milo/Desktop/MobileRoboter/Uebung4/install/turtlebot3_simulations/share/turtlebot3_simulations/package.zsh'
[0.864s] Level 1:colcon.colcon_core.environment:create_file_with_runtime_dependencies(/home/milo/Desktop/MobileRoboter/Uebung4/install/turtlebot3_simulations/share/colcon-core/packages/turtlebot3_simulations)
[0.880s] Level 1:colcon.colcon_core.environment:create_environment_scripts_only(turtlebot3_simulations)
[0.881s] Level 1:colcon.colcon_core.environment:checking '/home/milo/Desktop/MobileRoboter/Uebung4/install/turtlebot3_simulations' for CMake module files
[0.882s] Level 1:colcon.colcon_core.environment:checking '/home/milo/Desktop/MobileRoboter/Uebung4/install/turtlebot3_simulations' for CMake config files
[0.882s] Level 1:colcon.colcon_core.shell:create_environment_hook('turtlebot3_simulations', 'cmake_prefix_path')
[0.882s] INFO:colcon.colcon_core.shell:Creating environment hook '/home/milo/Desktop/MobileRoboter/Uebung4/install/turtlebot3_simulations/share/turtlebot3_simulations/hook/cmake_prefix_path.ps1'
[0.883s] INFO:colcon.colcon_core.shell:Creating environment descriptor '/home/milo/Desktop/MobileRoboter/Uebung4/install/turtlebot3_simulations/share/turtlebot3_simulations/hook/cmake_prefix_path.dsv'
[0.883s] INFO:colcon.colcon_core.shell:Creating environment hook '/home/milo/Desktop/MobileRoboter/Uebung4/install/turtlebot3_simulations/share/turtlebot3_simulations/hook/cmake_prefix_path.sh'
[0.883s] Level 1:colcon.colcon_core.environment:checking '/home/milo/Desktop/MobileRoboter/Uebung4/install/turtlebot3_simulations/bin'
[0.883s] Level 1:colcon.colcon_core.environment:checking '/home/milo/Desktop/MobileRoboter/Uebung4/install/turtlebot3_simulations/lib/pkgconfig/turtlebot3_simulations.pc'
[0.884s] Level 1:colcon.colcon_core.environment:checking '/home/milo/Desktop/MobileRoboter/Uebung4/install/turtlebot3_simulations/lib/python3.8/site-packages'
[0.884s] Level 1:colcon.colcon_core.environment:checking '/home/milo/Desktop/MobileRoboter/Uebung4/install/turtlebot3_simulations/bin'
[0.885s] INFO:colcon.colcon_core.shell:Creating package script '/home/milo/Desktop/MobileRoboter/Uebung4/install/turtlebot3_simulations/share/turtlebot3_simulations/package.ps1'
[0.885s] INFO:colcon.colcon_core.shell:Creating package descriptor '/home/milo/Desktop/MobileRoboter/Uebung4/install/turtlebot3_simulations/share/turtlebot3_simulations/package.dsv'
[0.885s] INFO:colcon.colcon_core.shell:Creating package script '/home/milo/Desktop/MobileRoboter/Uebung4/install/turtlebot3_simulations/share/turtlebot3_simulations/package.sh'
[0.886s] INFO:colcon.colcon_core.shell:Creating package script '/home/milo/Desktop/MobileRoboter/Uebung4/install/turtlebot3_simulations/share/turtlebot3_simulations/package.bash'
[0.886s] INFO:colcon.colcon_core.shell:Creating package script '/home/milo/Desktop/MobileRoboter/Uebung4/install/turtlebot3_simulations/share/turtlebot3_simulations/package.zsh'
[0.886s] Level 1:colcon.colcon_core.environment:create_file_with_runtime_dependencies(/home/milo/Desktop/MobileRoboter/Uebung4/install/turtlebot3_simulations/share/colcon-core/packages/turtlebot3_simulations)
[0.969s] DEBUG:colcon.colcon_core.task.python.build:While undoing a previous installation files outside the Python library path are being ignored: /home/milo/Desktop/MobileRoboter/Uebung4/install/potentialfield/share/ament_index/resource_index/packages/potentialfield
[0.970s] DEBUG:colcon.colcon_core.task.python.build:While undoing a previous installation files outside the Python library path are being ignored: /home/milo/Desktop/MobileRoboter/Uebung4/install/potentialfield/share/potentialfield/package.xml
[0.970s] DEBUG:colcon.colcon_core.task.python.build:While undoing a previous installation files outside the Python library path are being ignored: /home/milo/Desktop/MobileRoboter/Uebung4/install/potentialfield/lib/potentialfield/potentialfield
[0.973s] DEBUG:colcon.colcon_core.event_handler.log_command:Invoking command in '/home/milo/Desktop/MobileRoboter/Uebung4/build/potentialfield': PYTHONPATH=/home/milo/Desktop/MobileRoboter/Uebung4/install/potentialfield/lib/python3.8/site-packages:${PYTHONPATH} /usr/bin/python3 setup.py develop --prefix /home/milo/Desktop/MobileRoboter/Uebung4/install/potentialfield --editable --build-directory /home/milo/Desktop/MobileRoboter/Uebung4/build/potentialfield/build --no-deps install_data --install-dir /home/milo/Desktop/MobileRoboter/Uebung4/install/potentialfield
[0.976s] DEBUG:colcon.colcon_core.event_handler.log_command:Invoking command in '/home/milo/Desktop/MobileRoboter/Uebung4/build/corridor': PYTHONPATH=/home/milo/Desktop/MobileRoboter/Uebung4/install/corridor/lib/python3.8/site-packages:${PYTHONPATH} /usr/bin/python3 setup.py develop --prefix /home/milo/Desktop/MobileRoboter/Uebung4/install/corridor --editable --build-directory /home/milo/Desktop/MobileRoboter/Uebung4/build/corridor/build --no-deps install_data --install-dir /home/milo/Desktop/MobileRoboter/Uebung4/install/corridor
[1.340s] Level 1:colcon.colcon_core.shell:create_environment_hook('potentialfield', 'pythonpath_develop')
[1.341s] INFO:colcon.colcon_core.shell:Creating environment hook '/home/milo/Desktop/MobileRoboter/Uebung4/build/potentialfield/share/potentialfield/hook/pythonpath_develop.ps1'
[1.342s] DEBUG:colcon.colcon_core.event_handler.log_command:Invoked command in '/home/milo/Desktop/MobileRoboter/Uebung4/build/potentialfield' returned '0': PYTHONPATH=/home/milo/Desktop/MobileRoboter/Uebung4/install/potentialfield/lib/python3.8/site-packages:${PYTHONPATH} /usr/bin/python3 setup.py develop --prefix /home/milo/Desktop/MobileRoboter/Uebung4/install/potentialfield --editable --build-directory /home/milo/Desktop/MobileRoboter/Uebung4/build/potentialfield/build --no-deps install_data --install-dir /home/milo/Desktop/MobileRoboter/Uebung4/install/potentialfield
[1.342s] INFO:colcon.colcon_core.shell:Creating environment descriptor '/home/milo/Desktop/MobileRoboter/Uebung4/build/potentialfield/share/potentialfield/hook/pythonpath_develop.dsv'
[1.342s] INFO:colcon.colcon_core.shell:Creating environment hook '/home/milo/Desktop/MobileRoboter/Uebung4/build/potentialfield/share/potentialfield/hook/pythonpath_develop.sh'
[1.344s] Level 1:colcon.colcon_core.environment:checking '/home/milo/Desktop/MobileRoboter/Uebung4/install/potentialfield' for CMake module files
[1.344s] Level 1:colcon.colcon_core.environment:checking '/home/milo/Desktop/MobileRoboter/Uebung4/install/potentialfield' for CMake config files
[1.345s] Level 1:colcon.colcon_core.environment:checking '/home/milo/Desktop/MobileRoboter/Uebung4/install/potentialfield/lib'
[1.345s] Level 1:colcon.colcon_core.environment:checking '/home/milo/Desktop/MobileRoboter/Uebung4/install/potentialfield/bin'
[1.345s] Level 1:colcon.colcon_core.environment:checking '/home/milo/Desktop/MobileRoboter/Uebung4/install/potentialfield/lib/pkgconfig/potentialfield.pc'
[1.345s] Level 1:colcon.colcon_core.environment:checking '/home/milo/Desktop/MobileRoboter/Uebung4/install/potentialfield/lib/python3.8/site-packages'
[1.345s] Level 1:colcon.colcon_core.shell:create_environment_hook('potentialfield', 'pythonpath')
[1.346s] INFO:colcon.colcon_core.shell:Creating environment hook '/home/milo/Desktop/MobileRoboter/Uebung4/install/potentialfield/share/potentialfield/hook/pythonpath.ps1'
[1.346s] INFO:colcon.colcon_core.shell:Creating environment descriptor '/home/milo/Desktop/MobileRoboter/Uebung4/install/potentialfield/share/potentialfield/hook/pythonpath.dsv'
[1.347s] INFO:colcon.colcon_core.shell:Creating environment hook '/home/milo/Desktop/MobileRoboter/Uebung4/install/potentialfield/share/potentialfield/hook/pythonpath.sh'
[1.347s] Level 1:colcon.colcon_core.environment:checking '/home/milo/Desktop/MobileRoboter/Uebung4/install/potentialfield/bin'
[1.347s] Level 1:colcon.colcon_core.environment:create_environment_scripts_only(potentialfield)
[1.348s] INFO:colcon.colcon_core.shell:Creating package script '/home/milo/Desktop/MobileRoboter/Uebung4/install/potentialfield/share/potentialfield/package.ps1'
[1.349s] INFO:colcon.colcon_core.shell:Creating package descriptor '/home/milo/Desktop/MobileRoboter/Uebung4/install/potentialfield/share/potentialfield/package.dsv'
[1.349s] INFO:colcon.colcon_core.shell:Creating package script '/home/milo/Desktop/MobileRoboter/Uebung4/install/potentialfield/share/potentialfield/package.sh'
[1.350s] INFO:colcon.colcon_core.shell:Creating package script '/home/milo/Desktop/MobileRoboter/Uebung4/install/potentialfield/share/potentialfield/package.bash'
[1.350s] INFO:colcon.colcon_core.shell:Creating package script '/home/milo/Desktop/MobileRoboter/Uebung4/install/potentialfield/share/potentialfield/package.zsh'
[1.351s] Level 1:colcon.colcon_core.environment:create_file_with_runtime_dependencies(/home/milo/Desktop/MobileRoboter/Uebung4/install/potentialfield/share/colcon-core/packages/potentialfield)
[1.356s] Level 1:colcon.colcon_core.shell:create_environment_hook('corridor', 'pythonpath_develop')
[1.356s] INFO:colcon.colcon_core.shell:Creating environment hook '/home/milo/Desktop/MobileRoboter/Uebung4/build/corridor/share/corridor/hook/pythonpath_develop.ps1'
[1.357s] DEBUG:colcon.colcon_core.event_handler.log_command:Invoked command in '/home/milo/Desktop/MobileRoboter/Uebung4/build/corridor' returned '0': PYTHONPATH=/home/milo/Desktop/MobileRoboter/Uebung4/install/corridor/lib/python3.8/site-packages:${PYTHONPATH} /usr/bin/python3 setup.py develop --prefix /home/milo/Desktop/MobileRoboter/Uebung4/install/corridor --editable --build-directory /home/milo/Desktop/MobileRoboter/Uebung4/build/corridor/build --no-deps install_data --install-dir /home/milo/Desktop/MobileRoboter/Uebung4/install/corridor
[1.357s] INFO:colcon.colcon_core.shell:Creating environment descriptor '/home/milo/Desktop/MobileRoboter/Uebung4/build/corridor/share/corridor/hook/pythonpath_develop.dsv'
[1.358s] INFO:colcon.colcon_core.shell:Creating environment hook '/home/milo/Desktop/MobileRoboter/Uebung4/build/corridor/share/corridor/hook/pythonpath_develop.sh'
[1.359s] Level 1:colcon.colcon_core.environment:checking '/home/milo/Desktop/MobileRoboter/Uebung4/install/corridor' for CMake module files
[1.359s] Level 1:colcon.colcon_core.environment:checking '/home/milo/Desktop/MobileRoboter/Uebung4/install/corridor' for CMake config files
[1.360s] Level 1:colcon.colcon_core.environment:checking '/home/milo/Desktop/MobileRoboter/Uebung4/install/corridor/lib'
[1.360s] Level 1:colcon.colcon_core.environment:checking '/home/milo/Desktop/MobileRoboter/Uebung4/install/corridor/bin'
[1.360s] Level 1:colcon.colcon_core.environment:checking '/home/milo/Desktop/MobileRoboter/Uebung4/install/corridor/lib/pkgconfig/corridor.pc'
[1.360s] Level 1:colcon.colcon_core.environment:checking '/home/milo/Desktop/MobileRoboter/Uebung4/install/corridor/lib/python3.8/site-packages'
[1.360s] Level 1:colcon.colcon_core.shell:create_environment_hook('corridor', 'pythonpath')
[1.361s] INFO:colcon.colcon_core.shell:Creating environment hook '/home/milo/Desktop/MobileRoboter/Uebung4/install/corridor/share/corridor/hook/pythonpath.ps1'
[1.361s] INFO:colcon.colcon_core.shell:Creating environment descriptor '/home/milo/Desktop/MobileRoboter/Uebung4/install/corridor/share/corridor/hook/pythonpath.dsv'
[1.362s] INFO:colcon.colcon_core.shell:Creating environment hook '/home/milo/Desktop/MobileRoboter/Uebung4/install/corridor/share/corridor/hook/pythonpath.sh'
[1.362s] Level 1:colcon.colcon_core.environment:checking '/home/milo/Desktop/MobileRoboter/Uebung4/install/corridor/bin'
[1.362s] Level 1:colcon.colcon_core.environment:create_environment_scripts_only(corridor)
[1.363s] INFO:colcon.colcon_core.shell:Creating package script '/home/milo/Desktop/MobileRoboter/Uebung4/install/corridor/share/corridor/package.ps1'
[1.363s] INFO:colcon.colcon_core.shell:Creating package descriptor '/home/milo/Desktop/MobileRoboter/Uebung4/install/corridor/share/corridor/package.dsv'
[1.364s] INFO:colcon.colcon_core.shell:Creating package script '/home/milo/Desktop/MobileRoboter/Uebung4/install/corridor/share/corridor/package.sh'
[1.364s] INFO:colcon.colcon_core.shell:Creating package script '/home/milo/Desktop/MobileRoboter/Uebung4/install/corridor/share/corridor/package.bash'
[1.365s] INFO:colcon.colcon_core.shell:Creating package script '/home/milo/Desktop/MobileRoboter/Uebung4/install/corridor/share/corridor/package.zsh'
[1.365s] Level 1:colcon.colcon_core.environment:create_file_with_runtime_dependencies(/home/milo/Desktop/MobileRoboter/Uebung4/install/corridor/share/colcon-core/packages/corridor)
[1.365s] DEBUG:colcon.colcon_parallel_executor.executor.parallel:closing loop
[1.366s] DEBUG:colcon.colcon_parallel_executor.executor.parallel:loop closed
[1.366s] DEBUG:colcon.colcon_parallel_executor.executor.parallel:run_until_complete finished with '0'
[1.366s] DEBUG:colcon.colcon_core.event_reactor:joining thread
[1.371s] INFO:colcon.colcon_core.plugin_system:Skipping extension 'colcon_notification.desktop_notification.terminal_notifier': Not used on non-Darwin systems
[1.371s] INFO:colcon.colcon_core.plugin_system:Skipping extension 'colcon_notification.desktop_notification.win32': Not used on non-Windows systems
[1.371s] INFO:colcon.colcon_notification.desktop_notification:Sending desktop notification using 'notify2'
[1.382s] DEBUG:colcon.colcon_core.event_reactor:joined thread
[1.383s] INFO:colcon.colcon_core.shell:Creating prefix script '/home/milo/Desktop/MobileRoboter/Uebung4/install/local_setup.ps1'
[1.384s] INFO:colcon.colcon_core.shell:Creating prefix util module '/home/milo/Desktop/MobileRoboter/Uebung4/install/_local_setup_util_ps1.py'
[1.386s] INFO:colcon.colcon_core.shell:Creating prefix chain script '/home/milo/Desktop/MobileRoboter/Uebung4/install/setup.ps1'
[1.387s] INFO:colcon.colcon_core.shell:Creating prefix script '/home/milo/Desktop/MobileRoboter/Uebung4/install/local_setup.sh'
[1.388s] INFO:colcon.colcon_core.shell:Creating prefix util module '/home/milo/Desktop/MobileRoboter/Uebung4/install/_local_setup_util_sh.py'
[1.388s] INFO:colcon.colcon_core.shell:Creating prefix chain script '/home/milo/Desktop/MobileRoboter/Uebung4/install/setup.sh'
[1.390s] INFO:colcon.colcon_core.shell:Creating prefix script '/home/milo/Desktop/MobileRoboter/Uebung4/install/local_setup.bash'
[1.390s] INFO:colcon.colcon_core.shell:Creating prefix chain script '/home/milo/Desktop/MobileRoboter/Uebung4/install/setup.bash'
[1.392s] INFO:colcon.colcon_core.shell:Creating prefix script '/home/milo/Desktop/MobileRoboter/Uebung4/install/local_setup.zsh'
[1.392s] INFO:colcon.colcon_core.shell:Creating prefix chain script '/home/milo/Desktop/MobileRoboter/Uebung4/install/setup.zsh'
