[0.033s] Invoking command in '/home/milo/Desktop/MobileRoboter/Uebung4/build/turtlebot3_fake_node': CMAKE_PREFIX_PATH=${CMAKE_PREFIX_PATH}:/home/milo/Desktop/MobileRoboter/Uebung4/install/potentialfield:/home/milo/Desktop/MobileRoboter/Uebung4/install/corridor:/home/milo/dev_ws/install/py_pubsub:/home/milo/dev_ws/install/my_package:/opt/ros/foxy /usr/bin/cmake --build /home/milo/Desktop/MobileRoboter/Uebung4/build/turtlebot3_fake_node -- -j12 -l12
[0.408s] [100%] Built target turtlebot3_fake_node
[0.414s] Invoked command in '/home/milo/Desktop/MobileRoboter/Uebung4/build/turtlebot3_fake_node' returned '0': CMAKE_PREFIX_PATH=${CMAKE_PREFIX_PATH}:/home/milo/Desktop/MobileRoboter/Uebung4/install/potentialfield:/home/milo/Desktop/MobileRoboter/Uebung4/install/corridor:/home/milo/dev_ws/install/py_pubsub:/home/milo/dev_ws/install/my_package:/opt/ros/foxy /usr/bin/cmake --build /home/milo/Desktop/MobileRoboter/Uebung4/build/turtlebot3_fake_node -- -j12 -l12
[0.437s] Invoking command in '/home/milo/Desktop/MobileRoboter/Uebung4/build/turtlebot3_fake_node': CMAKE_PREFIX_PATH=${CMAKE_PREFIX_PATH}:/home/milo/Desktop/MobileRoboter/Uebung4/install/potentialfield:/home/milo/Desktop/MobileRoboter/Uebung4/install/corridor:/home/milo/dev_ws/install/py_pubsub:/home/milo/dev_ws/install/my_package:/opt/ros/foxy /usr/bin/cmake --install /home/milo/Desktop/MobileRoboter/Uebung4/build/turtlebot3_fake_node
[0.447s] -- Install configuration: ""
[0.448s] -- Execute custom install script
[0.448s] -- Up-to-date symlink: /home/milo/Desktop/MobileRoboter/Uebung4/install/turtlebot3_fake_node/lib/turtlebot3_fake_node/turtlebot3_fake_node
[0.450s] -- Up-to-date symlink: /home/milo/Desktop/MobileRoboter/Uebung4/install/turtlebot3_fake_node/share/turtlebot3_fake_node/launch/rviz2.launch.py
[0.451s] -- Up-to-date symlink: /home/milo/Desktop/MobileRoboter/Uebung4/install/turtlebot3_fake_node/share/turtlebot3_fake_node/launch/turtlebot3_fake_node.launch.py
[0.451s] -- Up-to-date symlink: /home/milo/Desktop/MobileRoboter/Uebung4/install/turtlebot3_fake_node/share/turtlebot3_fake_node/param/burger.yaml
[0.451s] -- Up-to-date symlink: /home/milo/Desktop/MobileRoboter/Uebung4/install/turtlebot3_fake_node/share/turtlebot3_fake_node/param/waffle.yaml
[0.451s] -- Up-to-date symlink: /home/milo/Desktop/MobileRoboter/Uebung4/install/turtlebot3_fake_node/share/turtlebot3_fake_node/param/waffle_pi.yaml
[0.452s] -- Up-to-date symlink: /home/milo/Desktop/MobileRoboter/Uebung4/install/turtlebot3_fake_node/share/turtlebot3_fake_node/rviz/model.rviz
[0.452s] -- Up-to-date symlink: /home/milo/Desktop/MobileRoboter/Uebung4/install/turtlebot3_fake_node/include//turtlebot3_fake_node/turtlebot3_fake_node.hpp
[0.453s] -- Up-to-date symlink: /home/milo/Desktop/MobileRoboter/Uebung4/install/turtlebot3_fake_node/share/ament_index/resource_index/package_run_dependencies/turtlebot3_fake_node
[0.454s] -- Up-to-date symlink: /home/milo/Desktop/MobileRoboter/Uebung4/install/turtlebot3_fake_node/share/ament_index/resource_index/parent_prefix_path/turtlebot3_fake_node
[0.454s] -- Up-to-date symlink: /home/milo/Desktop/MobileRoboter/Uebung4/install/turtlebot3_fake_node/share/turtlebot3_fake_node/environment/ament_prefix_path.sh
[0.454s] -- Up-to-date symlink: /home/milo/Desktop/MobileRoboter/Uebung4/install/turtlebot3_fake_node/share/turtlebot3_fake_node/environment/ament_prefix_path.dsv
[0.454s] -- Up-to-date symlink: /home/milo/Desktop/MobileRoboter/Uebung4/install/turtlebot3_fake_node/share/turtlebot3_fake_node/environment/path.sh
[0.454s] -- Up-to-date symlink: /home/milo/Desktop/MobileRoboter/Uebung4/install/turtlebot3_fake_node/share/turtlebot3_fake_node/environment/path.dsv
[0.455s] -- Up-to-date symlink: /home/milo/Desktop/MobileRoboter/Uebung4/install/turtlebot3_fake_node/share/turtlebot3_fake_node/local_setup.bash
[0.455s] -- Up-to-date symlink: /home/milo/Desktop/MobileRoboter/Uebung4/install/turtlebot3_fake_node/share/turtlebot3_fake_node/local_setup.sh
[0.456s] -- Up-to-date symlink: /home/milo/Desktop/MobileRoboter/Uebung4/install/turtlebot3_fake_node/share/turtlebot3_fake_node/local_setup.zsh
[0.456s] -- Up-to-date symlink: /home/milo/Desktop/MobileRoboter/Uebung4/install/turtlebot3_fake_node/share/turtlebot3_fake_node/local_setup.dsv
[0.456s] -- Symlinking: /home/milo/Desktop/MobileRoboter/Uebung4/install/turtlebot3_fake_node/share/turtlebot3_fake_node/package.dsv
[0.464s] -- Up-to-date symlink: /home/milo/Desktop/MobileRoboter/Uebung4/install/turtlebot3_fake_node/share/ament_index/resource_index/packages/turtlebot3_fake_node
[0.464s] -- Up-to-date symlink: /home/milo/Desktop/MobileRoboter/Uebung4/install/turtlebot3_fake_node/share/turtlebot3_fake_node/cmake/ament_cmake_export_include_directories-extras.cmake
[0.465s] -- Up-to-date symlink: /home/milo/Desktop/MobileRoboter/Uebung4/install/turtlebot3_fake_node/share/turtlebot3_fake_node/cmake/ament_cmake_export_dependencies-extras.cmake
[0.465s] -- Up-to-date symlink: /home/milo/Desktop/MobileRoboter/Uebung4/install/turtlebot3_fake_node/share/turtlebot3_fake_node/cmake/turtlebot3_fake_nodeConfig.cmake
[0.465s] -- Up-to-date symlink: /home/milo/Desktop/MobileRoboter/Uebung4/install/turtlebot3_fake_node/share/turtlebot3_fake_node/cmake/turtlebot3_fake_nodeConfig-version.cmake
[0.466s] -- Up-to-date symlink: /home/milo/Desktop/MobileRoboter/Uebung4/install/turtlebot3_fake_node/share/turtlebot3_fake_node/package.xml
[0.470s] Invoked command in '/home/milo/Desktop/MobileRoboter/Uebung4/build/turtlebot3_fake_node' returned '0': CMAKE_PREFIX_PATH=${CMAKE_PREFIX_PATH}:/home/milo/Desktop/MobileRoboter/Uebung4/install/potentialfield:/home/milo/Desktop/MobileRoboter/Uebung4/install/corridor:/home/milo/dev_ws/install/py_pubsub:/home/milo/dev_ws/install/my_package:/opt/ros/foxy /usr/bin/cmake --install /home/milo/Desktop/MobileRoboter/Uebung4/build/turtlebot3_fake_node
