[0.014s] Invoking command in '/home/milo/Desktop/MobileRoboter/Uebung4/build/turtlebot3_simulations': CMAKE_PREFIX_PATH=/home/milo/Desktop/MobileRoboter/Uebung4/install/turtlebot3_gazebo:/home/milo/Desktop/MobileRoboter/Uebung4/install/turtlebot3_fake_node:/home/milo/Desktop/MobileRoboter/Uebung4/install/turtlebot3_simulations:/home/milo/Desktop/MobileRoboter/Uebung4/install/potentialfield:/home/milo/Desktop/MobileRoboter/Uebung4/install/corridor:/home/milo/dev_ws/install/py_pubsub:/home/milo/dev_ws/install/my_package:/opt/ros/foxy /usr/bin/cmake --build /home/milo/Desktop/MobileRoboter/Uebung4/build/turtlebot3_simulations -- -j12 -l12
[0.045s] Invoked command in '/home/milo/Desktop/MobileRoboter/Uebung4/build/turtlebot3_simulations' returned '0': CMAKE_PREFIX_PATH=/home/milo/Desktop/MobileRoboter/Uebung4/install/turtlebot3_gazebo:/home/milo/Desktop/MobileRoboter/Uebung4/install/turtlebot3_fake_node:/home/milo/Desktop/MobileRoboter/Uebung4/install/turtlebot3_simulations:/home/milo/Desktop/MobileRoboter/Uebung4/install/potentialfield:/home/milo/Desktop/MobileRoboter/Uebung4/install/corridor:/home/milo/dev_ws/install/py_pubsub:/home/milo/dev_ws/install/my_package:/opt/ros/foxy /usr/bin/cmake --build /home/milo/Desktop/MobileRoboter/Uebung4/build/turtlebot3_simulations -- -j12 -l12
[0.062s] Invoking command in '/home/milo/Desktop/MobileRoboter/Uebung4/build/turtlebot3_simulations': CMAKE_PREFIX_PATH=/home/milo/Desktop/MobileRoboter/Uebung4/install/turtlebot3_gazebo:/home/milo/Desktop/MobileRoboter/Uebung4/install/turtlebot3_fake_node:/home/milo/Desktop/MobileRoboter/Uebung4/install/turtlebot3_simulations:/home/milo/Desktop/MobileRoboter/Uebung4/install/potentialfield:/home/milo/Desktop/MobileRoboter/Uebung4/install/corridor:/home/milo/dev_ws/install/py_pubsub:/home/milo/dev_ws/install/my_package:/opt/ros/foxy /usr/bin/cmake --install /home/milo/Desktop/MobileRoboter/Uebung4/build/turtlebot3_simulations
[0.071s] -- Install configuration: ""
[0.072s] -- Execute custom install script
[0.072s] -- Up-to-date symlink: /home/milo/Desktop/MobileRoboter/Uebung4/install/turtlebot3_simulations/share/ament_index/resource_index/package_run_dependencies/turtlebot3_simulations
[0.072s] -- Up-to-date symlink: /home/milo/Desktop/MobileRoboter/Uebung4/install/turtlebot3_simulations/share/ament_index/resource_index/parent_prefix_path/turtlebot3_simulations
[0.073s] -- Up-to-date symlink: /home/milo/Desktop/MobileRoboter/Uebung4/install/turtlebot3_simulations/share/turtlebot3_simulations/environment/ament_prefix_path.sh
[0.073s] -- Up-to-date symlink: /home/milo/Desktop/MobileRoboter/Uebung4/install/turtlebot3_simulations/share/turtlebot3_simulations/environment/ament_prefix_path.dsv
[0.073s] -- Up-to-date symlink: /home/milo/Desktop/MobileRoboter/Uebung4/install/turtlebot3_simulations/share/turtlebot3_simulations/environment/path.sh
[0.073s] -- Up-to-date symlink: /home/milo/Desktop/MobileRoboter/Uebung4/install/turtlebot3_simulations/share/turtlebot3_simulations/environment/path.dsv
[0.074s] -- Up-to-date symlink: /home/milo/Desktop/MobileRoboter/Uebung4/install/turtlebot3_simulations/share/turtlebot3_simulations/local_setup.bash
[0.074s] -- Up-to-date symlink: /home/milo/Desktop/MobileRoboter/Uebung4/install/turtlebot3_simulations/share/turtlebot3_simulations/local_setup.sh
[0.074s] -- Up-to-date symlink: /home/milo/Desktop/MobileRoboter/Uebung4/install/turtlebot3_simulations/share/turtlebot3_simulations/local_setup.zsh
[0.074s] -- Up-to-date symlink: /home/milo/Desktop/MobileRoboter/Uebung4/install/turtlebot3_simulations/share/turtlebot3_simulations/local_setup.dsv
[0.075s] -- Symlinking: /home/milo/Desktop/MobileRoboter/Uebung4/install/turtlebot3_simulations/share/turtlebot3_simulations/package.dsv
[0.083s] -- Up-to-date symlink: /home/milo/Desktop/MobileRoboter/Uebung4/install/turtlebot3_simulations/share/ament_index/resource_index/packages/turtlebot3_simulations
[0.083s] -- Up-to-date symlink: /home/milo/Desktop/MobileRoboter/Uebung4/install/turtlebot3_simulations/share/turtlebot3_simulations/cmake/turtlebot3_simulationsConfig.cmake
[0.083s] -- Up-to-date symlink: /home/milo/Desktop/MobileRoboter/Uebung4/install/turtlebot3_simulations/share/turtlebot3_simulations/cmake/turtlebot3_simulationsConfig-version.cmake
[0.083s] -- Up-to-date symlink: /home/milo/Desktop/MobileRoboter/Uebung4/install/turtlebot3_simulations/share/turtlebot3_simulations/package.xml
[0.086s] Invoked command in '/home/milo/Desktop/MobileRoboter/Uebung4/build/turtlebot3_simulations' returned '0': CMAKE_PREFIX_PATH=/home/milo/Desktop/MobileRoboter/Uebung4/install/turtlebot3_gazebo:/home/milo/Desktop/MobileRoboter/Uebung4/install/turtlebot3_fake_node:/home/milo/Desktop/MobileRoboter/Uebung4/install/turtlebot3_simulations:/home/milo/Desktop/MobileRoboter/Uebung4/install/potentialfield:/home/milo/Desktop/MobileRoboter/Uebung4/install/corridor:/home/milo/dev_ws/install/py_pubsub:/home/milo/dev_ws/install/my_package:/opt/ros/foxy /usr/bin/cmake --install /home/milo/Desktop/MobileRoboter/Uebung4/build/turtlebot3_simulations
