[0.430s] Invoking command in '/home/milo/Desktop/MobileRoboter/Uebung4/src/ITI Gang Simulation/build/corridor': PYTHONPATH=/home/milo/Desktop/MobileRoboter/Uebung4/src/ITI Gang Simulation/install/corridor/lib/python3.8/site-packages:${PYTHONPATH} /usr/bin/python3 setup.py develop --prefix /home/milo/Desktop/MobileRoboter/Uebung4/src/ITI Gang Simulation/install/corridor --editable --build-directory /home/milo/Desktop/MobileRoboter/Uebung4/src/ITI Gang Simulation/build/corridor/build --no-deps install_data --install-dir /home/milo/Desktop/MobileRoboter/Uebung4/src/ITI Gang Simulation/install/corridor
[0.602s] running develop
[0.695s] running egg_info
[0.695s] creating corridor.egg-info
[0.696s] writing corridor.egg-info/PKG-INFO
[0.696s] writing dependency_links to corridor.egg-info/dependency_links.txt
[0.696s] writing entry points to corridor.egg-info/entry_points.txt
[0.696s] writing requirements to corridor.egg-info/requires.txt
[0.696s] writing top-level names to corridor.egg-info/top_level.txt
[0.697s] writing manifest file 'corridor.egg-info/SOURCES.txt'
[0.720s] reading manifest file 'corridor.egg-info/SOURCES.txt'
[0.721s] writing manifest file 'corridor.egg-info/SOURCES.txt'
[0.747s] running build_ext
[0.747s] Creating /home/milo/Desktop/MobileRoboter/Uebung4/src/ITI Gang Simulation/install/corridor/lib/python3.8/site-packages/site.py
[0.749s] Creating /home/milo/Desktop/MobileRoboter/Uebung4/src/ITI Gang Simulation/install/corridor/lib/python3.8/site-packages/corridor.egg-link (link to .)
[0.749s] Installing TestNode script to /home/milo/Desktop/MobileRoboter/Uebung4/src/ITI Gang Simulation/install/corridor/lib/corridor
[0.749s] Installing add_bot_node script to /home/milo/Desktop/MobileRoboter/Uebung4/src/ITI Gang Simulation/install/corridor/lib/corridor
[0.749s] 
[0.749s] Installed /home/milo/Desktop/MobileRoboter/Uebung4/src/ITI Gang Simulation/build/corridor
[0.750s] running install_data
[0.750s] creating /home/milo/Desktop/MobileRoboter/Uebung4/src/ITI Gang Simulation/install/corridor/share/ament_index
[0.750s] creating /home/milo/Desktop/MobileRoboter/Uebung4/src/ITI Gang Simulation/install/corridor/share/ament_index/resource_index
[0.750s] creating /home/milo/Desktop/MobileRoboter/Uebung4/src/ITI Gang Simulation/install/corridor/share/ament_index/resource_index/packages
[0.750s] copying resource/corridor -> /home/milo/Desktop/MobileRoboter/Uebung4/src/ITI Gang Simulation/install/corridor/share/ament_index/resource_index/packages
[0.750s] copying package.xml -> /home/milo/Desktop/MobileRoboter/Uebung4/src/ITI Gang Simulation/install/corridor/share/corridor
[0.750s] creating /home/milo/Desktop/MobileRoboter/Uebung4/src/ITI Gang Simulation/install/corridor/share/corridor/launch
[0.750s] copying launch/start_gazebo_corridor.launch.py -> /home/milo/Desktop/MobileRoboter/Uebung4/src/ITI Gang Simulation/install/corridor/share/corridor/launch
[0.750s] creating /home/milo/Desktop/MobileRoboter/Uebung4/src/ITI Gang Simulation/install/corridor/share/corridor/worlds
[0.750s] copying worlds/iti_gang_world.world -> /home/milo/Desktop/MobileRoboter/Uebung4/src/ITI Gang Simulation/install/corridor/share/corridor/worlds
[0.750s] copying worlds/iti_gang.world -> /home/milo/Desktop/MobileRoboter/Uebung4/src/ITI Gang Simulation/install/corridor/share/corridor/worlds
[0.750s] creating /home/milo/Desktop/MobileRoboter/Uebung4/src/ITI Gang Simulation/install/corridor/share/corridor/models
[0.750s] creating /home/milo/Desktop/MobileRoboter/Uebung4/src/ITI Gang Simulation/install/corridor/share/corridor/models/itiGang
[0.750s] copying models/itiGang/model.sdf -> /home/milo/Desktop/MobileRoboter/Uebung4/src/ITI Gang Simulation/install/corridor/share/corridor/models/itiGang
[0.751s] copying models/itiGang/model.config -> /home/milo/Desktop/MobileRoboter/Uebung4/src/ITI Gang Simulation/install/corridor/share/corridor/models/itiGang
[0.770s] Invoked command in '/home/milo/Desktop/MobileRoboter/Uebung4/src/ITI Gang Simulation/build/corridor' returned '0': PYTHONPATH=/home/milo/Desktop/MobileRoboter/Uebung4/src/ITI Gang Simulation/install/corridor/lib/python3.8/site-packages:${PYTHONPATH} /usr/bin/python3 setup.py develop --prefix /home/milo/Desktop/MobileRoboter/Uebung4/src/ITI Gang Simulation/install/corridor --editable --build-directory /home/milo/Desktop/MobileRoboter/Uebung4/src/ITI Gang Simulation/build/corridor/build --no-deps install_data --install-dir /home/milo/Desktop/MobileRoboter/Uebung4/src/ITI Gang Simulation/install/corridor
