[0.026s] Invoking command in '/home/milo/Desktop/MobileRoboter/Uebung4/build/turtlebot3_gazebo': CMAKE_PREFIX_PATH=/opt/ros/foxy /usr/bin/cmake /home/milo/Desktop/MobileRoboter/Uebung4/src/turtlebot3_simulations/turtlebot3_gazebo -DAMENT_CMAKE_SYMLINK_INSTALL=1 -DCMAKE_INSTALL_PREFIX=/home/milo/Desktop/MobileRoboter/Uebung4/install/turtlebot3_gazebo
[0.355s] -- Found ament_cmake: 0.9.9 (/opt/ros/foxy/share/ament_cmake/cmake)
[0.355s] -- Using PYTHON_EXECUTABLE: /usr/bin/python3
[0.356s] -- Override CMake install command with custom implementation using symlinks instead of copying resources
[0.356s] -- Configuring incomplete, errors occurred!
[0.356s] See also "/home/milo/Desktop/MobileRoboter/Uebung4/build/turtlebot3_gazebo/CMakeFiles/CMakeOutput.log".
[0.358s] CMake Error at CMakeLists.txt:23 (find_package):
[0.358s]   By not providing "Findgazebo.cmake" in CMAKE_MODULE_PATH this project has
[0.359s]   asked CMake to find a package configuration file provided by "gazebo", but
[0.360s]   CMake did not find one.
[0.361s] 
[0.361s]   Could not find a package configuration file provided by "gazebo" with any
[0.362s]   of the following names:
[0.363s] 
[0.363s]     gazeboConfig.cmake
[0.364s]     gazebo-config.cmake
[0.364s] 
[0.364s]   Add the installation prefix of "gazebo" to CMAKE_PREFIX_PATH or set
[0.364s]   "gazebo_DIR" to a directory containing one of the above files.  If "gazebo"
[0.364s]   provides a separate development package or SDK, be sure it has been
[0.364s]   installed.
[0.364s] 
[0.364s] 
[0.364s] Invoked command in '/home/milo/Desktop/MobileRoboter/Uebung4/build/turtlebot3_gazebo' returned '1': CMAKE_PREFIX_PATH=/opt/ros/foxy /usr/bin/cmake /home/milo/Desktop/MobileRoboter/Uebung4/src/turtlebot3_simulations/turtlebot3_gazebo -DAMENT_CMAKE_SYMLINK_INSTALL=1 -DCMAKE_INSTALL_PREFIX=/home/milo/Desktop/MobileRoboter/Uebung4/install/turtlebot3_gazebo
