[0.453s] Invoking command in '/home/milo/Desktop/MobileRoboter/Uebung4/build/potentialfield': PYTHONPATH=/home/milo/Desktop/MobileRoboter/Uebung4/install/potentialfield/lib/python3.8/site-packages:${PYTHONPATH} /usr/bin/python3 setup.py develop --prefix /home/milo/Desktop/MobileRoboter/Uebung4/install/potentialfield --uninstall --editable --build-directory /home/milo/Desktop/MobileRoboter/Uebung4/build/potentialfield/build
[0.621s] running develop
[0.731s] Invoked command in '/home/milo/Desktop/MobileRoboter/Uebung4/build/potentialfield' returned '0': PYTHONPATH=/home/milo/Desktop/MobileRoboter/Uebung4/install/potentialfield/lib/python3.8/site-packages:${PYTHONPATH} /usr/bin/python3 setup.py develop --prefix /home/milo/Desktop/MobileRoboter/Uebung4/install/potentialfield --uninstall --editable --build-directory /home/milo/Desktop/MobileRoboter/Uebung4/build/potentialfield/build
[0.733s] Invoking command in '/home/milo/Desktop/MobileRoboter/Uebung4/src/potentialfield': PYTHONPATH=/home/milo/Desktop/MobileRoboter/Uebung4/install/potentialfield/lib/python3.8/site-packages:${PYTHONPATH} /usr/bin/python3 setup.py egg_info --egg-base ../../build/potentialfield build --build-base /home/milo/Desktop/MobileRoboter/Uebung4/build/potentialfield/build install --prefix /home/milo/Desktop/MobileRoboter/Uebung4/install/potentialfield --record /home/milo/Desktop/MobileRoboter/Uebung4/build/potentialfield/install.log --single-version-externally-managed
[0.889s] running egg_info
[0.890s] writing ../../build/potentialfield/potentialfield.egg-info/PKG-INFO
[0.890s] writing dependency_links to ../../build/potentialfield/potentialfield.egg-info/dependency_links.txt
[0.890s] writing entry points to ../../build/potentialfield/potentialfield.egg-info/entry_points.txt
[0.890s] writing requirements to ../../build/potentialfield/potentialfield.egg-info/requires.txt
[0.890s] writing top-level names to ../../build/potentialfield/potentialfield.egg-info/top_level.txt
[0.916s] reading manifest file '../../build/potentialfield/potentialfield.egg-info/SOURCES.txt'
[0.917s] writing manifest file '../../build/potentialfield/potentialfield.egg-info/SOURCES.txt'
[0.917s] running build
[0.917s] running build_py
[0.917s] running install
[0.917s] running install_lib
[0.918s] running install_data
[0.919s] running install_egg_info
[0.920s] removing '/home/milo/Desktop/MobileRoboter/Uebung4/install/potentialfield/lib/python3.8/site-packages/potentialfield-0.0.0-py3.8.egg-info' (and everything under it)
[0.920s] Copying ../../build/potentialfield/potentialfield.egg-info to /home/milo/Desktop/MobileRoboter/Uebung4/install/potentialfield/lib/python3.8/site-packages/potentialfield-0.0.0-py3.8.egg-info
[0.921s] running install_scripts
[0.933s] Installing potentialfield script to /home/milo/Desktop/MobileRoboter/Uebung4/install/potentialfield/lib/potentialfield
[0.933s] writing list of installed files to '/home/milo/Desktop/MobileRoboter/Uebung4/build/potentialfield/install.log'
[0.947s] Invoked command in '/home/milo/Desktop/MobileRoboter/Uebung4/src/potentialfield' returned '0': PYTHONPATH=/home/milo/Desktop/MobileRoboter/Uebung4/install/potentialfield/lib/python3.8/site-packages:${PYTHONPATH} /usr/bin/python3 setup.py egg_info --egg-base ../../build/potentialfield build --build-base /home/milo/Desktop/MobileRoboter/Uebung4/build/potentialfield/build install --prefix /home/milo/Desktop/MobileRoboter/Uebung4/install/potentialfield --record /home/milo/Desktop/MobileRoboter/Uebung4/build/potentialfield/install.log --single-version-externally-managed
